[+] Containers:
 |- [+] Container: /Game/GGP(G2)/LEVELS/Amir/Amir_LVL
 |   |- [+] ActorDescs:
 |   |   |- Guid:0599B35C442E0FC4D896D092A057D28F BaseClass: NativeClass:/Script/Engine.StaticMeshActor Name:StaticMeshActor_UAID_5C60BA38F66E0FB101_1818275739 Label:Cube12 SpatiallyLoaded:1 Bounds:IsValid=true, Min=(X=654.860 Y=3286.816 Z=-2.614), Max=(X=2854.860 Y=3411.816 Z=397.386) RuntimeGrid:None EditorOnly:0 RuntimeOnly:0 HLODRelevant:1
 |   |   |- Guid:073B94374E3F1ACEB4F4D299111AEA9C BaseClass: NativeClass:/Script/Engine.StaticMeshActor Name:StaticMeshActor_UAID_5C60BA38F66E0DB101_1272932359 Label:Cube SpatiallyLoaded:1 Bounds:IsValid=true, Min=(X=1972.360 Y=386.816 Z=-2.614), Max=(X=2997.360 Y=511.816 Z=397.386) RuntimeGrid:None EditorOnly:0 RuntimeOnly:0 HLODRelevant:1
 |   |   |- Guid:0D57A3494F472B06ACD799B5537C6811 BaseClass: NativeClass:/Script/Engine.StaticMeshActor Name:StaticMeshActor_UAID_5C60BA38F66E0FB101_2074909741 Label:SM_ChamferCube6 SpatiallyLoaded:1 Bounds:IsValid=true, Min=(X=1482.216 Y=1216.169 Z=-12.926), Max=(X=1618.819 Y=1352.771 Z=87.074) RuntimeGrid:None EditorOnly:0 RuntimeOnly:0 HLODRelevant:0
 |   |   |- Guid:16EAB11B4ABCEEE4A886D2952AFBD9FE BaseClass: NativeClass:/Script/Engine.PostProcessVolume Name:PostProcessVolume_0 Label:PostProcessVolume SpatiallyLoaded:0 Bounds:IsValid=true, Min=(X=0.000 Y=0.000 Z=400.000), Max=(X=200.000 Y=200.000 Z=600.000) RuntimeGrid:None EditorOnly:0 RuntimeOnly:0 HLODRelevant:0 FolderPath:Lighting FolderGuid:963EC3EB4002CCE9759E2EBA541A873A
 |   |   |- Guid:1ABB46334A1D2926EC045D81DB9D7803 BaseClass: NativeClass:/Script/Engine.StaticMeshActor Name:StaticMeshActor_UAID_5C60BA38F66E11B101_1262602101 Label:SM_ChamferCube10 SpatiallyLoaded:1 Bounds:IsValid=true, Min=(X=100.134 Y=849.839 Z=377.077), Max=(X=283.778 Y=1576.770 Z=416.408) RuntimeGrid:None EditorOnly:0 RuntimeOnly:0 HLODRelevant:0
 |   |   |- Guid:222499E6451E5218DE4B53AB076B4857 BaseClass: NativeClass:/Script/Engine.StaticMeshActor Name:StaticMeshActor_UAID_5C60BA38F66E0FB101_1756864738 Label:Cube11 SpatiallyLoaded:1 Bounds:IsValid=true, Min=(X=2425.285 Y=1604.070 Z=-79.379), Max=(X=2925.285 Y=3429.070 Z=395.621) RuntimeGrid:None EditorOnly:0 RuntimeOnly:0 HLODRelevant:1
 |   |   |- Guid:222FB96F4A796FE8C9C4B9A8F97A35CE BaseClass: NativeClass:/Script/Engine.StaticMeshActor Name:StaticMeshActor_UAID_5C60BA38F66E10B101_1304373921 Label:SM_ChamferCube7 SpatiallyLoaded:1 Bounds:IsValid=true, Min=(X=250.315 Y=3195.027 Z=64.871), Max=(X=386.918 Y=3331.630 Z=164.871) RuntimeGrid:None EditorOnly:0 RuntimeOnly:0 HLODRelevant:0
 |   |   |- Guid:27F75E2A4602DEE0420192B6466C7968 BaseClass: NativeClass:/Script/Engine.StaticMeshActor Name:StaticMeshActor_UAID_5C60BA38F66E0FB101_1889827740 Label:Cube13 SpatiallyLoaded:1 Bounds:IsValid=true, Min=(X=650.285 Y=1589.070 Z=-34.379), Max=(X=700.285 Y=3064.070 Z=390.621) RuntimeGrid:None EditorOnly:0 RuntimeOnly:0 HLODRelevant:1
 |   |   |- Guid:32F7F9844E3407AB77986F872EF25273 BaseClass: NativeClass:/Script/Engine.StaticMeshActor Name:StaticMeshActor_10 Label:SM_ChamferCube2 SpatiallyLoaded:1 Bounds:IsValid=true, Min=(X=568.269 Y=839.779 Z=-84.627), Max=(X=806.987 Y=1492.735 Z=57.079) RuntimeGrid:None EditorOnly:0 RuntimeOnly:0 HLODRelevant:0
 |   |   |- Guid:37B2497B43A2FB58F122E598A25D1C32 BaseClass: NativeClass:/Script/Engine.StaticMeshActor Name:StaticMeshActor_UAID_A4AE111137DC5EFB00_1110535423 Label:SM_SkySphere SpatiallyLoaded:0 Bounds:IsValid=true, Min=(X=-1638400.000 Y=-1638400.000 Z=-1638400.000), Max=(X=1638400.000 Y=1638400.000 Z=1638400.000) RuntimeGrid:None EditorOnly:0 RuntimeOnly:0 HLODRelevant:1 FolderPath:Lighting FolderGuid:963EC3EB4002CCE9759E2EBA541A873A
 |   |   |- Guid:3E6F3B3240E3659B6B9D24B5E8216234 BaseClass: NativeClass:/Script/Engine.StaticMeshActor Name:StaticMeshActor_UAID_5C60BA38F66E0DB101_1748214361 Label:Cube3 SpatiallyLoaded:1 Bounds:IsValid=true, Min=(X=912.360 Y=396.816 Z=-2.614), Max=(X=1637.360 Y=521.816 Z=397.386) RuntimeGrid:None EditorOnly:0 RuntimeOnly:0 HLODRelevant:1
 |   |   |- Guid:44CF5B6240B48F342721B4BD912AB3FD BaseClass: NativeClass:/Script/Engine.StaticMeshActor Name:StaticMeshActor_UAID_5C60BA38F66E0EB101_1429226549 Label:Cylinder8 SpatiallyLoaded:1 Bounds:IsValid=true, Min=(X=2000.000 Y=1010.000 Z=0.000), Max=(X=2100.000 Y=1110.000 Z=100.000) RuntimeGrid:None EditorOnly:0 RuntimeOnly:0 HLODRelevant:1
 |   |   |- Guid:44DA54094F9F87C28F888D9DDA147BB7 BaseClass: NativeClass:/Script/Engine.PlayerStart Name:PlayerStart_0 Label:PlayerStart SpatiallyLoaded:0 Bounds:IsValid=true, Min=(X=2650.000 Y=250.000 Z=0.013), Max=(X=2730.000 Y=330.000 Z=184.013) RuntimeGrid:None EditorOnly:0 RuntimeOnly:0 HLODRelevant:0
 |   |   |- Guid:470297484CF02BAEB53B20A8107E2DE9 BaseClass: NativeClass:/Script/Engine.StaticMeshActor Name:StaticMeshActor_UAID_5C60BA38F66E0FB101_1525118736 Label:Cylinder10 SpatiallyLoaded:1 Bounds:IsValid=true, Min=(X=2020.000 Y=1340.000 Z=0.000), Max=(X=2120.000 Y=1440.000 Z=100.000) RuntimeGrid:None EditorOnly:0 RuntimeOnly:0 HLODRelevant:1
 |   |   |- Guid:48599FEE47FAA9EA1F7F4C922157608F BaseClass: NativeClass:/Script/Engine.StaticMeshActor Name:StaticMeshActor_UAID_5C60BA38F66E0EB101_1822225553 Label:SM_ChamferCube5 SpatiallyLoaded:1 Bounds:IsValid=true, Min=(X=778.774 Y=1745.092 Z=67.074), Max=(X=915.377 Y=1881.694 Z=167.074) RuntimeGrid:None EditorOnly:0 RuntimeOnly:0 HLODRelevant:0
 |   |   |- Guid:521B779B46AEBC5E035FFAB19F65EEF9 BaseClass: NativeClass:/Script/Engine.StaticMeshActor Name:StaticMeshActor_0 Label:SM_Cube5 SpatiallyLoaded:1 Bounds:IsValid=true, Min=(X=-0.000 Y=100.000 Z=0.000), Max=(X=100.000 Y=3400.000 Z=400.000) RuntimeGrid:None EditorOnly:0 RuntimeOnly:0 HLODRelevant:1 FolderPath:Playground FolderGuid:C73F09FC4215536B1DCE2A9E0A830C70
 |   |   |- Guid:554A543B4BD314E1D8D6649A0D081E3C BaseClass: NativeClass:/Script/Engine.StaticMeshActor Name:StaticMeshActor_UAID_5C60BA38F66E0DB101_1994345366 Label:Cube4 SpatiallyLoaded:1 Bounds:IsValid=true, Min=(X=94.860 Y=846.816 Z=-2.614), Max=(X=794.860 Y=971.816 Z=397.386) RuntimeGrid:None EditorOnly:0 RuntimeOnly:0 HLODRelevant:1
 |   |   |- Guid:5C317BEA4CC56CB16E4D1C89CB7EBCF0 BaseClass: NativeClass:/Script/Engine.StaticMeshActor Name:StaticMeshActor_UAID_5C60BA38F66E0EB101_1653506551 Label:SM_ChamferCube4 SpatiallyLoaded:1 Bounds:IsValid=true, Min=(X=2408.898 Y=602.822 Z=7.020), Max=(X=2545.501 Y=739.424 Z=107.020) RuntimeGrid:None EditorOnly:0 RuntimeOnly:0 HLODRelevant:0
 |   |   |- Guid:6538AD484D4E1338462D9A9856F94C38 BaseClass: NativeClass:/Script/Engine.StaticMeshActor Name:StaticMeshActor_UAID_5C60BA38F66E0DB101_1940220364 Label:Cylinder3 SpatiallyLoaded:1 Bounds:IsValid=true, Min=(X=104.707 Y=519.344 Z=-10.414), Max=(X=204.707 Y=619.344 Z=89.586) RuntimeGrid:None EditorOnly:0 RuntimeOnly:0 HLODRelevant:1
 |   |   |- Guid:6B8831CE4FED0F328A52399808585DE2 BaseClass: NativeClass:/Script/Engine.StaticMeshActor Name:StaticMeshActor_1 Label:SM_Cube SpatiallyLoaded:1 Bounds:IsValid=true, Min=(X=0.000 Y=0.000 Z=-50.000), Max=(X=3000.000 Y=3500.000 Z=0.000) RuntimeGrid:None EditorOnly:0 RuntimeOnly:0 HLODRelevant:1 FolderPath:Playground FolderGuid:C73F09FC4215536B1DCE2A9E0A830C70
 |   |   |- Guid:6F53B4B24E84F618DF6BC7803F03ACDF BaseClass: NativeClass:/Script/Engine.StaticMeshActor Name:StaticMeshActor_UAID_5C60BA38F66E11B101_1401098102 Label:SM_ChamferCube11 SpatiallyLoaded:1 Bounds:IsValid=true, Min=(X=47.008 Y=173.722 Z=-7.098), Max=(X=302.692 Y=861.522 Z=411.050) RuntimeGrid:None EditorOnly:0 RuntimeOnly:0 HLODRelevant:0
 |   |   |- Guid:75B9EEE0431E9CAAD795C4A81C826776 BaseClass: NativeClass:/Script/Engine.ExponentialHeightFog Name:ExponentialHeightFog_0 Label:ExponentialHeightFog SpatiallyLoaded:0 Bounds:IsValid=true, Min=(X=-5600.000 Y=-50.000 Z=-6850.000), Max=(X=-5600.000 Y=-50.000 Z=-6850.000) RuntimeGrid:None EditorOnly:0 RuntimeOnly:0 HLODRelevant:0 FolderPath:Lighting FolderGuid:963EC3EB4002CCE9759E2EBA541A873A
 |   |   |- Guid:78182AAC45CBCF146F561CB1FA3A97B6 BaseClass: NativeClass:/Script/Engine.StaticMeshActor Name:StaticMeshActor_4 Label:SM_Cube6 SpatiallyLoaded:1 Bounds:IsValid=true, Min=(X=2900.000 Y=100.000 Z=0.000), Max=(X=3000.000 Y=3400.000 Z=400.000) RuntimeGrid:None EditorOnly:0 RuntimeOnly:0 HLODRelevant:1 FolderPath:Playground FolderGuid:C73F09FC4215536B1DCE2A9E0A830C70
 |   |   |- Guid:820ACCF040C2D185E16E4E953101B73D BaseClass:/Game/ThirdPerson/Blueprints/BP_ThirdPersonCharacter.BP_ThirdPersonCharacter_C NativeClass:/Script/Engine.Character Name:BP_ThirdPersonCharacter_C_UAID_C8D9D204FEDF09B001_2069351599 Label:BP_ThirdPersonCharacter SpatiallyLoaded:1 Bounds:IsValid=true, Min=(X=925.000 Y=595.000 Z=0.351), Max=(X=997.536 Y=665.000 Z=190.000) RuntimeGrid:None EditorOnly:0 RuntimeOnly:0 HLODRelevant:0
 |   |   |- Guid:860EB8FA4515F59133D4DDAA1F699EC2 BaseClass: NativeClass:/Script/Engine.StaticMeshActor Name:StaticMeshActor_UAID_5C60BA38F66E0FB101_1416974731 Label:Cube6 SpatiallyLoaded:1 Bounds:IsValid=true, Min=(X=94.860 Y=1496.816 Z=-2.614), Max=(X=794.860 Y=1621.816 Z=397.386) RuntimeGrid:None EditorOnly:0 RuntimeOnly:0 HLODRelevant:1
 |   |   |- Guid:8A1BA50342159F074E174E836B32E1D4 BaseClass: NativeClass:/Script/Engine.StaticMeshActor Name:StaticMeshActor_UAID_5C60BA38F66E0FB101_1416975732 Label:Cube8 SpatiallyLoaded:1 Bounds:IsValid=true, Min=(X=739.860 Y=1496.816 Z=-2.614), Max=(X=2989.860 Y=1621.816 Z=397.386) RuntimeGrid:None EditorOnly:0 RuntimeOnly:0 HLODRelevant:1
 |   |   |- Guid:8A8D9BE544B8E47C171FA8B5DD56878E BaseClass: NativeClass:/Script/Engine.StaticMeshActor Name:StaticMeshActor_UAID_5C60BA38F66E0DB101_1796772362 Label:Cylinder SpatiallyLoaded:1 Bounds:IsValid=true, Min=(X=1640.000 Y=430.000 Z=0.000), Max=(X=1740.000 Y=530.000 Z=100.000) RuntimeGrid:None EditorOnly:0 RuntimeOnly:0 HLODRelevant:1
 |   |   |- Guid:8AD7846946A7FDB1B0F9DEA4B0729A83 BaseClass: NativeClass:/Script/Engine.VolumetricCloud Name:VolumetricCloud_0 Label:VolumetricCloud SpatiallyLoaded:0 Bounds:IsValid=true, Min=(X=0.000 Y=0.000 Z=820.000), Max=(X=0.000 Y=0.000 Z=820.000) RuntimeGrid:None EditorOnly:0 RuntimeOnly:0 HLODRelevant:0 FolderPath:Lighting FolderGuid:963EC3EB4002CCE9759E2EBA541A873A
 |   |   |- Guid:8CDA73A0422517C72F4A4D99732C87C2 BaseClass: NativeClass:/Script/Engine.StaticMeshActor Name:StaticMeshActor_UAID_5C60BA38F66E10B101_1278979920 Label:Cylinder13 SpatiallyLoaded:1 Bounds:IsValid=true, Min=(X=265.000 Y=3080.000 Z=-32.500), Max=(X=415.000 Y=3180.000 Z=192.500) RuntimeGrid:None EditorOnly:0 RuntimeOnly:0 HLODRelevant:1
 |   |   |- Guid:9644DA4C4E4704C7E5A05481379F857A BaseClass: NativeClass:/Script/Engine.SkyLight Name:SkyLight_1 Label:SkyLight SpatiallyLoaded:0 Bounds:IsValid=true, Min=(X=0.000 Y=0.000 Z=690.000), Max=(X=0.000 Y=0.000 Z=690.000) RuntimeGrid:None EditorOnly:0 RuntimeOnly:0 HLODRelevant:0 FolderPath:Lighting FolderGuid:963EC3EB4002CCE9759E2EBA541A873A
 |   |   |- Guid:96E1270645EAADDAAFD5AFAA404B209B BaseClass: NativeClass:/Script/Engine.StaticMeshActor Name:StaticMeshActor_UAID_5C60BA38F66E0DB101_2073090367 Label:Cube5 SpatiallyLoaded:1 Bounds:IsValid=true, Min=(X=1072.360 Y=846.816 Z=-2.614), Max=(X=2897.360 Y=971.816 Z=397.386) RuntimeGrid:None EditorOnly:0 RuntimeOnly:0 HLODRelevant:1
 |   |   |- Guid:A328E056418859FA9CF8928C0F6B669E BaseClass: NativeClass:/Script/Engine.StaticMeshActor Name:StaticMeshActor_UAID_5C60BA38F66E0EB101_1081660545 Label:Cylinder6 SpatiallyLoaded:1 Bounds:IsValid=true, Min=(X=2770.000 Y=560.000 Z=-10.000), Max=(X=2870.000 Y=660.000 Z=90.000) RuntimeGrid:None EditorOnly:0 RuntimeOnly:0 HLODRelevant:1
 |   |   |- Guid:A33ED2BB48B1097F6AB0E49CC7F006D3 BaseClass: NativeClass:/Script/Engine.WorldDataLayers Name:WorldDataLayers Label:WorldDataLayers SpatiallyLoaded:0 Bounds:IsValid=true, Min=(X=0.000 Y=0.000 Z=0.000), Max=(X=0.000 Y=0.000 Z=0.000) RuntimeGrid:None EditorOnly:0 RuntimeOnly:0 HLODRelevant:0
 |   |   |- Guid:AB0D14DB47A51F121CA2F78EF4DC61CD BaseClass: NativeClass:/Script/Engine.StaticMeshActor Name:StaticMeshActor_UAID_5C60BA38F66E10B101_1159765918 Label:Cylinder11 SpatiallyLoaded:1 Bounds:IsValid=true, Min=(X=105.000 Y=3230.000 Z=-12.500), Max=(X=255.000 Y=3330.000 Z=212.500) RuntimeGrid:None EditorOnly:0 RuntimeOnly:0 HLODRelevant:1
 |   |   |- Guid:AEAA913342BFB209F95A068827CFE553 BaseClass: NativeClass:/Script/Engine.StaticMeshActor Name:StaticMeshActor_5 Label:SM_Cube2 SpatiallyLoaded:1 Bounds:IsValid=true, Min=(X=0.000 Y=0.000 Z=0.000), Max=(X=3000.000 Y=100.000 Z=400.000) RuntimeGrid:None EditorOnly:0 RuntimeOnly:0 HLODRelevant:1 FolderPath:Playground FolderGuid:C73F09FC4215536B1DCE2A9E0A830C70
 |   |   |- Guid:B4CEE75545F959E56E10828F44E7F39B BaseClass: NativeClass:/Script/Engine.DirectionalLight Name:DirectionalLight_0 Label:DirectionalLight SpatiallyLoaded:0 Bounds:IsValid=true, Min=(X=-4398046511104.000 Y=-4398046511104.000 Z=-4398046511104.000), Max=(X=4398046511104.000 Y=4398046511104.000 Z=4398046511104.000) RuntimeGrid:None EditorOnly:0 RuntimeOnly:0 HLODRelevant:0 FolderPath:Lighting FolderGuid:963EC3EB4002CCE9759E2EBA541A873A
 |   |   |- Guid:C80628414D3AD390F7EB9A8FB42CD9E0 BaseClass: NativeClass:/Script/Engine.StaticMeshActor Name:StaticMeshActor_UAID_5C60BA38F66E0DB101_2129834368 Label:Cylinder5 SpatiallyLoaded:1 Bounds:IsValid=true, Min=(X=2760.000 Y=710.000 Z=-10.000), Max=(X=2860.000 Y=810.000 Z=90.000) RuntimeGrid:None EditorOnly:0 RuntimeOnly:0 HLODRelevant:1
 |   |   |- Guid:C85D8F864D7B7910E0192CBADEE3B5D4 BaseClass: NativeClass:/Script/Engine.StaticMeshActor Name:StaticMeshActor_6 Label:SM_Cube3 SpatiallyLoaded:1 Bounds:IsValid=true, Min=(X=0.000 Y=3400.000 Z=0.000), Max=(X=3000.000 Y=3500.000 Z=400.000) RuntimeGrid:None EditorOnly:0 RuntimeOnly:0 HLODRelevant:1 FolderPath:Playground FolderGuid:C73F09FC4215536B1DCE2A9E0A830C70
 |   |   |- Guid:CCCC62C84277D9A28B40EB822C8E3D44 BaseClass: NativeClass:/Script/Engine.TextRenderActor Name:TextRenderActor_1 Label:TextRenderActor SpatiallyLoaded:1 Bounds:IsValid=true, Min=(X=-0.100 Y=1100.000 Z=65.013), Max=(X=-0.100 Y=2392.308 Z=215.013) RuntimeGrid:None EditorOnly:0 RuntimeOnly:0 HLODRelevant:0
 |   |   |- Guid:D1113931457A84C1A46BAE8D3A407A08 BaseClass: NativeClass:/Script/Engine.StaticMeshActor Name:StaticMeshActor_UAID_5C60BA38F66E0FB101_1518086733 Label:Cylinder9 SpatiallyLoaded:1 Bounds:IsValid=true, Min=(X=2010.000 Y=1230.000 Z=0.000), Max=(X=2110.000 Y=1330.000 Z=100.000) RuntimeGrid:None EditorOnly:0 RuntimeOnly:0 HLODRelevant:1
 |   |   |- Guid:D4838E41468C3E2CA7276286E279139D BaseClass: NativeClass:/Script/Engine.StaticMeshActor Name:StaticMeshActor_UAID_5C60BA38F66E0DB101_1977289365 Label:Cylinder4 SpatiallyLoaded:1 Bounds:IsValid=true, Min=(X=104.707 Y=629.344 Z=-10.414), Max=(X=204.707 Y=729.344 Z=89.586) RuntimeGrid:None EditorOnly:0 RuntimeOnly:0 HLODRelevant:1
 |   |   |- Guid:D50332D94B89AC53047B40A94E34C2CD BaseClass: NativeClass:/Script/Engine.StaticMeshActor Name:StaticMeshActor_UAID_5C60BA38F66E11B101_1096131100 Label:SM_ChamferCube9 SpatiallyLoaded:1 Bounds:IsValid=true, Min=(X=68.938 Y=1950.576 Z=-11.824), Max=(X=238.133 Y=2426.044 Z=403.622) RuntimeGrid:None EditorOnly:0 RuntimeOnly:0 HLODRelevant:0
 |   |   |- Guid:D60023AC42723EB88ECA81815C4E8CF0 BaseClass: NativeClass:/Script/Engine.StaticMeshActor Name:StaticMeshActor_UAID_5C60BA38F66E10B101_1221372919 Label:Cylinder12 SpatiallyLoaded:1 Bounds:IsValid=true, Min=(X=115.000 Y=3080.000 Z=-22.500), Max=(X=265.000 Y=3180.000 Z=202.500) RuntimeGrid:None EditorOnly:0 RuntimeOnly:0 HLODRelevant:1
 |   |   |- Guid:D82B5E364E4073245CB516B5F604B973 BaseClass: NativeClass:/Script/Engine.SkyAtmosphere Name:SkyAtmosphere_0 Label:SkyAtmosphere SpatiallyLoaded:0 Bounds:IsValid=true, Min=(X=0.000 Y=0.000 Z=1020.000), Max=(X=0.000 Y=0.000 Z=1020.000) RuntimeGrid:None EditorOnly:0 RuntimeOnly:0 HLODRelevant:0 FolderPath:Lighting FolderGuid:963EC3EB4002CCE9759E2EBA541A873A
 |   |   |- Guid:E41530964E71487C4E885594FAEB5171 BaseClass: NativeClass:/Script/Engine.StaticMeshActor Name:StaticMeshActor_UAID_5C60BA38F66E0FB101_1146426730 Label:Cube10 SpatiallyLoaded:1 Bounds:IsValid=true, Min=(X=93.346 Y=1565.021 Z=-104.860), Max=(X=218.346 Y=1965.021 Z=395.140) RuntimeGrid:None EditorOnly:0 RuntimeOnly:0 HLODRelevant:1
 |   |   |- Guid:F3869D1F4C7C3C47DEC5EEA17465A002 BaseClass: NativeClass:/Script/Engine.StaticMeshActor Name:StaticMeshActor_UAID_5C60BA38F66E0DB101_1855130363 Label:Cylinder2 SpatiallyLoaded:1 Bounds:IsValid=true, Min=(X=1860.000 Y=340.000 Z=0.000), Max=(X=1960.000 Y=440.000 Z=100.000) RuntimeGrid:None EditorOnly:0 RuntimeOnly:0 HLODRelevant:1
 |   |   |- Guid:F74D0ED14602A854C05224A968EC1141 BaseClass: NativeClass:/Script/Engine.StaticMeshActor Name:StaticMeshActor_UAID_5C60BA38F66E10B101_1437868922 Label:SM_ChamferCube3 SpatiallyLoaded:1 Bounds:IsValid=true, Min=(X=394.552 Y=2507.860 Z=-102.201), Max=(X=530.358 Y=2859.774 Z=31.921) RuntimeGrid:None EditorOnly:0 RuntimeOnly:0 HLODRelevant:0
 |   |   |- Guid:FD07919E47643CFCF6B0A4973AC7B3A0 BaseClass: NativeClass:/Script/Engine.StaticMeshActor Name:StaticMeshActor_UAID_5C60BA38F66E10B101_1475366923 Label:SM_ChamferCube8 SpatiallyLoaded:1 Bounds:IsValid=true, Min=(X=1652.568 Y=2261.129 Z=-26.692), Max=(X=2012.965 Y=2615.433 Z=120.780) RuntimeGrid:None EditorOnly:0 RuntimeOnly:0 HLODRelevant:0
 |   |- [+] Clusters:
 |   |   |- [+] [  0]
 |   |   |   |- Guid:222FB96F4A796FE8C9C4B9A8F97A35CE BaseClass: NativeClass:/Script/Engine.StaticMeshActor Name:StaticMeshActor_UAID_5C60BA38F66E10B101_1304373921 Label:SM_ChamferCube7 SpatiallyLoaded:1 Bounds:IsValid=true, Min=(X=250.315 Y=3195.027 Z=64.871), Max=(X=386.918 Y=3331.630 Z=164.871) RuntimeGrid:None EditorOnly:0 RuntimeOnly:0 HLODRelevant:0
 |   |   |- [+] [  1]
 |   |   |   |- Guid:860EB8FA4515F59133D4DDAA1F699EC2 BaseClass: NativeClass:/Script/Engine.StaticMeshActor Name:StaticMeshActor_UAID_5C60BA38F66E0FB101_1416974731 Label:Cube6 SpatiallyLoaded:1 Bounds:IsValid=true, Min=(X=94.860 Y=1496.816 Z=-2.614), Max=(X=794.860 Y=1621.816 Z=397.386) RuntimeGrid:None EditorOnly:0 RuntimeOnly:0 HLODRelevant:1
 |   |   |- [+] [  2]
 |   |   |   |- Guid:F3869D1F4C7C3C47DEC5EEA17465A002 BaseClass: NativeClass:/Script/Engine.StaticMeshActor Name:StaticMeshActor_UAID_5C60BA38F66E0DB101_1855130363 Label:Cylinder2 SpatiallyLoaded:1 Bounds:IsValid=true, Min=(X=1860.000 Y=340.000 Z=0.000), Max=(X=1960.000 Y=440.000 Z=100.000) RuntimeGrid:None EditorOnly:0 RuntimeOnly:0 HLODRelevant:1
 |   |   |- [+] [  3]
 |   |   |   |- Guid:B4CEE75545F959E56E10828F44E7F39B BaseClass: NativeClass:/Script/Engine.DirectionalLight Name:DirectionalLight_0 Label:DirectionalLight SpatiallyLoaded:0 Bounds:IsValid=true, Min=(X=-4398046511104.000 Y=-4398046511104.000 Z=-4398046511104.000), Max=(X=4398046511104.000 Y=4398046511104.000 Z=4398046511104.000) RuntimeGrid:None EditorOnly:0 RuntimeOnly:0 HLODRelevant:0 FolderPath:Lighting FolderGuid:963EC3EB4002CCE9759E2EBA541A873A
 |   |   |- [+] [  4]
 |   |   |   |- Guid:44CF5B6240B48F342721B4BD912AB3FD BaseClass: NativeClass:/Script/Engine.StaticMeshActor Name:StaticMeshActor_UAID_5C60BA38F66E0EB101_1429226549 Label:Cylinder8 SpatiallyLoaded:1 Bounds:IsValid=true, Min=(X=2000.000 Y=1010.000 Z=0.000), Max=(X=2100.000 Y=1110.000 Z=100.000) RuntimeGrid:None EditorOnly:0 RuntimeOnly:0 HLODRelevant:1
 |   |   |- [+] [  5]
 |   |   |   |- Guid:75B9EEE0431E9CAAD795C4A81C826776 BaseClass: NativeClass:/Script/Engine.ExponentialHeightFog Name:ExponentialHeightFog_0 Label:ExponentialHeightFog SpatiallyLoaded:0 Bounds:IsValid=true, Min=(X=-5600.000 Y=-50.000 Z=-6850.000), Max=(X=-5600.000 Y=-50.000 Z=-6850.000) RuntimeGrid:None EditorOnly:0 RuntimeOnly:0 HLODRelevant:0 FolderPath:Lighting FolderGuid:963EC3EB4002CCE9759E2EBA541A873A
 |   |   |- [+] [  6]
 |   |   |   |- Guid:8CDA73A0422517C72F4A4D99732C87C2 BaseClass: NativeClass:/Script/Engine.StaticMeshActor Name:StaticMeshActor_UAID_5C60BA38F66E10B101_1278979920 Label:Cylinder13 SpatiallyLoaded:1 Bounds:IsValid=true, Min=(X=265.000 Y=3080.000 Z=-32.500), Max=(X=415.000 Y=3180.000 Z=192.500) RuntimeGrid:None EditorOnly:0 RuntimeOnly:0 HLODRelevant:1
 |   |   |- [+] [  7]
 |   |   |   |- Guid:8A8D9BE544B8E47C171FA8B5DD56878E BaseClass: NativeClass:/Script/Engine.StaticMeshActor Name:StaticMeshActor_UAID_5C60BA38F66E0DB101_1796772362 Label:Cylinder SpatiallyLoaded:1 Bounds:IsValid=true, Min=(X=1640.000 Y=430.000 Z=0.000), Max=(X=1740.000 Y=530.000 Z=100.000) RuntimeGrid:None EditorOnly:0 RuntimeOnly:0 HLODRelevant:1
 |   |   |- [+] [  8]
 |   |   |   |- Guid:8A1BA50342159F074E174E836B32E1D4 BaseClass: NativeClass:/Script/Engine.StaticMeshActor Name:StaticMeshActor_UAID_5C60BA38F66E0FB101_1416975732 Label:Cube8 SpatiallyLoaded:1 Bounds:IsValid=true, Min=(X=739.860 Y=1496.816 Z=-2.614), Max=(X=2989.860 Y=1621.816 Z=397.386) RuntimeGrid:None EditorOnly:0 RuntimeOnly:0 HLODRelevant:1
 |   |   |- [+] [  9]
 |   |   |   |- Guid:16EAB11B4ABCEEE4A886D2952AFBD9FE BaseClass: NativeClass:/Script/Engine.PostProcessVolume Name:PostProcessVolume_0 Label:PostProcessVolume SpatiallyLoaded:0 Bounds:IsValid=true, Min=(X=0.000 Y=0.000 Z=400.000), Max=(X=200.000 Y=200.000 Z=600.000) RuntimeGrid:None EditorOnly:0 RuntimeOnly:0 HLODRelevant:0 FolderPath:Lighting FolderGuid:963EC3EB4002CCE9759E2EBA541A873A
 |   |   |- [+] [ 10]
 |   |   |   |- Guid:D1113931457A84C1A46BAE8D3A407A08 BaseClass: NativeClass:/Script/Engine.StaticMeshActor Name:StaticMeshActor_UAID_5C60BA38F66E0FB101_1518086733 Label:Cylinder9 SpatiallyLoaded:1 Bounds:IsValid=true, Min=(X=2010.000 Y=1230.000 Z=0.000), Max=(X=2110.000 Y=1330.000 Z=100.000) RuntimeGrid:None EditorOnly:0 RuntimeOnly:0 HLODRelevant:1
 |   |   |- [+] [ 11]
 |   |   |   |- Guid:D82B5E364E4073245CB516B5F604B973 BaseClass: NativeClass:/Script/Engine.SkyAtmosphere Name:SkyAtmosphere_0 Label:SkyAtmosphere SpatiallyLoaded:0 Bounds:IsValid=true, Min=(X=0.000 Y=0.000 Z=1020.000), Max=(X=0.000 Y=0.000 Z=1020.000) RuntimeGrid:None EditorOnly:0 RuntimeOnly:0 HLODRelevant:0 FolderPath:Lighting FolderGuid:963EC3EB4002CCE9759E2EBA541A873A
 |   |   |- [+] [ 12]
 |   |   |   |- Guid:CCCC62C84277D9A28B40EB822C8E3D44 BaseClass: NativeClass:/Script/Engine.TextRenderActor Name:TextRenderActor_1 Label:TextRenderActor SpatiallyLoaded:1 Bounds:IsValid=true, Min=(X=-0.100 Y=1100.000 Z=65.013), Max=(X=-0.100 Y=2392.308 Z=215.013) RuntimeGrid:None EditorOnly:0 RuntimeOnly:0 HLODRelevant:0
 |   |   |- [+] [ 13]
 |   |   |   |- Guid:32F7F9844E3407AB77986F872EF25273 BaseClass: NativeClass:/Script/Engine.StaticMeshActor Name:StaticMeshActor_10 Label:SM_ChamferCube2 SpatiallyLoaded:1 Bounds:IsValid=true, Min=(X=568.269 Y=839.779 Z=-84.627), Max=(X=806.987 Y=1492.735 Z=57.079) RuntimeGrid:None EditorOnly:0 RuntimeOnly:0 HLODRelevant:0
 |   |   |- [+] [ 14]
 |   |   |   |- Guid:D60023AC42723EB88ECA81815C4E8CF0 BaseClass: NativeClass:/Script/Engine.StaticMeshActor Name:StaticMeshActor_UAID_5C60BA38F66E10B101_1221372919 Label:Cylinder12 SpatiallyLoaded:1 Bounds:IsValid=true, Min=(X=115.000 Y=3080.000 Z=-22.500), Max=(X=265.000 Y=3180.000 Z=202.500) RuntimeGrid:None EditorOnly:0 RuntimeOnly:0 HLODRelevant:1
 |   |   |- [+] [ 15]
 |   |   |   |- Guid:6B8831CE4FED0F328A52399808585DE2 BaseClass: NativeClass:/Script/Engine.StaticMeshActor Name:StaticMeshActor_1 Label:SM_Cube SpatiallyLoaded:1 Bounds:IsValid=true, Min=(X=0.000 Y=0.000 Z=-50.000), Max=(X=3000.000 Y=3500.000 Z=0.000) RuntimeGrid:None EditorOnly:0 RuntimeOnly:0 HLODRelevant:1 FolderPath:Playground FolderGuid:C73F09FC4215536B1DCE2A9E0A830C70
 |   |   |- [+] [ 16]
 |   |   |   |- Guid:AB0D14DB47A51F121CA2F78EF4DC61CD BaseClass: NativeClass:/Script/Engine.StaticMeshActor Name:StaticMeshActor_UAID_5C60BA38F66E10B101_1159765918 Label:Cylinder11 SpatiallyLoaded:1 Bounds:IsValid=true, Min=(X=105.000 Y=3230.000 Z=-12.500), Max=(X=255.000 Y=3330.000 Z=212.500) RuntimeGrid:None EditorOnly:0 RuntimeOnly:0 HLODRelevant:1
 |   |   |- [+] [ 17]
 |   |   |   |- Guid:521B779B46AEBC5E035FFAB19F65EEF9 BaseClass: NativeClass:/Script/Engine.StaticMeshActor Name:StaticMeshActor_0 Label:SM_Cube5 SpatiallyLoaded:1 Bounds:IsValid=true, Min=(X=-0.000 Y=100.000 Z=0.000), Max=(X=100.000 Y=3400.000 Z=400.000) RuntimeGrid:None EditorOnly:0 RuntimeOnly:0 HLODRelevant:1 FolderPath:Playground FolderGuid:C73F09FC4215536B1DCE2A9E0A830C70
 |   |   |- [+] [ 18]
 |   |   |   |- Guid:0D57A3494F472B06ACD799B5537C6811 BaseClass: NativeClass:/Script/Engine.StaticMeshActor Name:StaticMeshActor_UAID_5C60BA38F66E0FB101_2074909741 Label:SM_ChamferCube6 SpatiallyLoaded:1 Bounds:IsValid=true, Min=(X=1482.216 Y=1216.169 Z=-12.926), Max=(X=1618.819 Y=1352.771 Z=87.074) RuntimeGrid:None EditorOnly:0 RuntimeOnly:0 HLODRelevant:0
 |   |   |- [+] [ 19]
 |   |   |   |- Guid:3E6F3B3240E3659B6B9D24B5E8216234 BaseClass: NativeClass:/Script/Engine.StaticMeshActor Name:StaticMeshActor_UAID_5C60BA38F66E0DB101_1748214361 Label:Cube3 SpatiallyLoaded:1 Bounds:IsValid=true, Min=(X=912.360 Y=396.816 Z=-2.614), Max=(X=1637.360 Y=521.816 Z=397.386) RuntimeGrid:None EditorOnly:0 RuntimeOnly:0 HLODRelevant:1
 |   |   |- [+] [ 20]
 |   |   |   |- Guid:820ACCF040C2D185E16E4E953101B73D BaseClass:/Game/ThirdPerson/Blueprints/BP_ThirdPersonCharacter.BP_ThirdPersonCharacter_C NativeClass:/Script/Engine.Character Name:BP_ThirdPersonCharacter_C_UAID_C8D9D204FEDF09B001_2069351599 Label:BP_ThirdPersonCharacter SpatiallyLoaded:1 Bounds:IsValid=true, Min=(X=925.000 Y=595.000 Z=0.351), Max=(X=997.536 Y=665.000 Z=190.000) RuntimeGrid:None EditorOnly:0 RuntimeOnly:0 HLODRelevant:0
 |   |   |- [+] [ 21]
 |   |   |   |- Guid:27F75E2A4602DEE0420192B6466C7968 BaseClass: NativeClass:/Script/Engine.StaticMeshActor Name:StaticMeshActor_UAID_5C60BA38F66E0FB101_1889827740 Label:Cube13 SpatiallyLoaded:1 Bounds:IsValid=true, Min=(X=650.285 Y=1589.070 Z=-34.379), Max=(X=700.285 Y=3064.070 Z=390.621) RuntimeGrid:None EditorOnly:0 RuntimeOnly:0 HLODRelevant:1
 |   |   |- [+] [ 22]
 |   |   |   |- Guid:A328E056418859FA9CF8928C0F6B669E BaseClass: NativeClass:/Script/Engine.StaticMeshActor Name:StaticMeshActor_UAID_5C60BA38F66E0EB101_1081660545 Label:Cylinder6 SpatiallyLoaded:1 Bounds:IsValid=true, Min=(X=2770.000 Y=560.000 Z=-10.000), Max=(X=2870.000 Y=660.000 Z=90.000) RuntimeGrid:None EditorOnly:0 RuntimeOnly:0 HLODRelevant:1
 |   |   |- [+] [ 23]
 |   |   |   |- Guid:C80628414D3AD390F7EB9A8FB42CD9E0 BaseClass: NativeClass:/Script/Engine.StaticMeshActor Name:StaticMeshActor_UAID_5C60BA38F66E0DB101_2129834368 Label:Cylinder5 SpatiallyLoaded:1 Bounds:IsValid=true, Min=(X=2760.000 Y=710.000 Z=-10.000), Max=(X=2860.000 Y=810.000 Z=90.000) RuntimeGrid:None EditorOnly:0 RuntimeOnly:0 HLODRelevant:1
 |   |   |- [+] [ 24]
 |   |   |   |- Guid:0599B35C442E0FC4D896D092A057D28F BaseClass: NativeClass:/Script/Engine.StaticMeshActor Name:StaticMeshActor_UAID_5C60BA38F66E0FB101_1818275739 Label:Cube12 SpatiallyLoaded:1 Bounds:IsValid=true, Min=(X=654.860 Y=3286.816 Z=-2.614), Max=(X=2854.860 Y=3411.816 Z=397.386) RuntimeGrid:None EditorOnly:0 RuntimeOnly:0 HLODRelevant:1
 |   |   |- [+] [ 25]
 |   |   |   |- Guid:8AD7846946A7FDB1B0F9DEA4B0729A83 BaseClass: NativeClass:/Script/Engine.VolumetricCloud Name:VolumetricCloud_0 Label:VolumetricCloud SpatiallyLoaded:0 Bounds:IsValid=true, Min=(X=0.000 Y=0.000 Z=820.000), Max=(X=0.000 Y=0.000 Z=820.000) RuntimeGrid:None EditorOnly:0 RuntimeOnly:0 HLODRelevant:0 FolderPath:Lighting FolderGuid:963EC3EB4002CCE9759E2EBA541A873A
 |   |   |- [+] [ 26]
 |   |   |   |- Guid:222499E6451E5218DE4B53AB076B4857 BaseClass: NativeClass:/Script/Engine.StaticMeshActor Name:StaticMeshActor_UAID_5C60BA38F66E0FB101_1756864738 Label:Cube11 SpatiallyLoaded:1 Bounds:IsValid=true, Min=(X=2425.285 Y=1604.070 Z=-79.379), Max=(X=2925.285 Y=3429.070 Z=395.621) RuntimeGrid:None EditorOnly:0 RuntimeOnly:0 HLODRelevant:1
 |   |   |- [+] [ 27]
 |   |   |   |- Guid:470297484CF02BAEB53B20A8107E2DE9 BaseClass: NativeClass:/Script/Engine.StaticMeshActor Name:StaticMeshActor_UAID_5C60BA38F66E0FB101_1525118736 Label:Cylinder10 SpatiallyLoaded:1 Bounds:IsValid=true, Min=(X=2020.000 Y=1340.000 Z=0.000), Max=(X=2120.000 Y=1440.000 Z=100.000) RuntimeGrid:None EditorOnly:0 RuntimeOnly:0 HLODRelevant:1
 |   |   |- [+] [ 28]
 |   |   |   |- Guid:96E1270645EAADDAAFD5AFAA404B209B BaseClass: NativeClass:/Script/Engine.StaticMeshActor Name:StaticMeshActor_UAID_5C60BA38F66E0DB101_2073090367 Label:Cube5 SpatiallyLoaded:1 Bounds:IsValid=true, Min=(X=1072.360 Y=846.816 Z=-2.614), Max=(X=2897.360 Y=971.816 Z=397.386) RuntimeGrid:None EditorOnly:0 RuntimeOnly:0 HLODRelevant:1
 |   |   |- [+] [ 29]
 |   |   |   |- Guid:AEAA913342BFB209F95A068827CFE553 BaseClass: NativeClass:/Script/Engine.StaticMeshActor Name:StaticMeshActor_5 Label:SM_Cube2 SpatiallyLoaded:1 Bounds:IsValid=true, Min=(X=0.000 Y=0.000 Z=0.000), Max=(X=3000.000 Y=100.000 Z=400.000) RuntimeGrid:None EditorOnly:0 RuntimeOnly:0 HLODRelevant:1 FolderPath:Playground FolderGuid:C73F09FC4215536B1DCE2A9E0A830C70
 |   |   |- [+] [ 30]
 |   |   |   |- Guid:44DA54094F9F87C28F888D9DDA147BB7 BaseClass: NativeClass:/Script/Engine.PlayerStart Name:PlayerStart_0 Label:PlayerStart SpatiallyLoaded:0 Bounds:IsValid=true, Min=(X=2650.000 Y=250.000 Z=0.013), Max=(X=2730.000 Y=330.000 Z=184.013) RuntimeGrid:None EditorOnly:0 RuntimeOnly:0 HLODRelevant:0
 |   |   |- [+] [ 31]
 |   |   |   |- Guid:554A543B4BD314E1D8D6649A0D081E3C BaseClass: NativeClass:/Script/Engine.StaticMeshActor Name:StaticMeshActor_UAID_5C60BA38F66E0DB101_1994345366 Label:Cube4 SpatiallyLoaded:1 Bounds:IsValid=true, Min=(X=94.860 Y=846.816 Z=-2.614), Max=(X=794.860 Y=971.816 Z=397.386) RuntimeGrid:None EditorOnly:0 RuntimeOnly:0 HLODRelevant:1
 |   |   |- [+] [ 32]
 |   |   |   |- Guid:37B2497B43A2FB58F122E598A25D1C32 BaseClass: NativeClass:/Script/Engine.StaticMeshActor Name:StaticMeshActor_UAID_A4AE111137DC5EFB00_1110535423 Label:SM_SkySphere SpatiallyLoaded:0 Bounds:IsValid=true, Min=(X=-1638400.000 Y=-1638400.000 Z=-1638400.000), Max=(X=1638400.000 Y=1638400.000 Z=1638400.000) RuntimeGrid:None EditorOnly:0 RuntimeOnly:0 HLODRelevant:1 FolderPath:Lighting FolderGuid:963EC3EB4002CCE9759E2EBA541A873A
 |   |   |- [+] [ 33]
 |   |   |   |- Guid:D4838E41468C3E2CA7276286E279139D BaseClass: NativeClass:/Script/Engine.StaticMeshActor Name:StaticMeshActor_UAID_5C60BA38F66E0DB101_1977289365 Label:Cylinder4 SpatiallyLoaded:1 Bounds:IsValid=true, Min=(X=104.707 Y=629.344 Z=-10.414), Max=(X=204.707 Y=729.344 Z=89.586) RuntimeGrid:None EditorOnly:0 RuntimeOnly:0 HLODRelevant:1
 |   |   |- [+] [ 34]
 |   |   |   |- Guid:C85D8F864D7B7910E0192CBADEE3B5D4 BaseClass: NativeClass:/Script/Engine.StaticMeshActor Name:StaticMeshActor_6 Label:SM_Cube3 SpatiallyLoaded:1 Bounds:IsValid=true, Min=(X=0.000 Y=3400.000 Z=0.000), Max=(X=3000.000 Y=3500.000 Z=400.000) RuntimeGrid:None EditorOnly:0 RuntimeOnly:0 HLODRelevant:1 FolderPath:Playground FolderGuid:C73F09FC4215536B1DCE2A9E0A830C70
 |   |   |- [+] [ 35]
 |   |   |   |- Guid:6538AD484D4E1338462D9A9856F94C38 BaseClass: NativeClass:/Script/Engine.StaticMeshActor Name:StaticMeshActor_UAID_5C60BA38F66E0DB101_1940220364 Label:Cylinder3 SpatiallyLoaded:1 Bounds:IsValid=true, Min=(X=104.707 Y=519.344 Z=-10.414), Max=(X=204.707 Y=619.344 Z=89.586) RuntimeGrid:None EditorOnly:0 RuntimeOnly:0 HLODRelevant:1
 |   |   |- [+] [ 36]
 |   |   |   |- Guid:073B94374E3F1ACEB4F4D299111AEA9C BaseClass: NativeClass:/Script/Engine.StaticMeshActor Name:StaticMeshActor_UAID_5C60BA38F66E0DB101_1272932359 Label:Cube SpatiallyLoaded:1 Bounds:IsValid=true, Min=(X=1972.360 Y=386.816 Z=-2.614), Max=(X=2997.360 Y=511.816 Z=397.386) RuntimeGrid:None EditorOnly:0 RuntimeOnly:0 HLODRelevant:1
 |   |   |- [+] [ 37]
 |   |   |   |- Guid:78182AAC45CBCF146F561CB1FA3A97B6 BaseClass: NativeClass:/Script/Engine.StaticMeshActor Name:StaticMeshActor_4 Label:SM_Cube6 SpatiallyLoaded:1 Bounds:IsValid=true, Min=(X=2900.000 Y=100.000 Z=0.000), Max=(X=3000.000 Y=3400.000 Z=400.000) RuntimeGrid:None EditorOnly:0 RuntimeOnly:0 HLODRelevant:1 FolderPath:Playground FolderGuid:C73F09FC4215536B1DCE2A9E0A830C70
 |   |   |- [+] [ 38]
 |   |   |   |- Guid:9644DA4C4E4704C7E5A05481379F857A BaseClass: NativeClass:/Script/Engine.SkyLight Name:SkyLight_1 Label:SkyLight SpatiallyLoaded:0 Bounds:IsValid=true, Min=(X=0.000 Y=0.000 Z=690.000), Max=(X=0.000 Y=0.000 Z=690.000) RuntimeGrid:None EditorOnly:0 RuntimeOnly:0 HLODRelevant:0 FolderPath:Lighting FolderGuid:963EC3EB4002CCE9759E2EBA541A873A
 |   |   |- [+] [ 39]
 |   |   |   |- Guid:A33ED2BB48B1097F6AB0E49CC7F006D3 BaseClass: NativeClass:/Script/Engine.WorldDataLayers Name:WorldDataLayers Label:WorldDataLayers SpatiallyLoaded:0 Bounds:IsValid=true, Min=(X=0.000 Y=0.000 Z=0.000), Max=(X=0.000 Y=0.000 Z=0.000) RuntimeGrid:None EditorOnly:0 RuntimeOnly:0 HLODRelevant:0
 |   |   |- [+] [ 40]
 |   |   |   |- Guid:5C317BEA4CC56CB16E4D1C89CB7EBCF0 BaseClass: NativeClass:/Script/Engine.StaticMeshActor Name:StaticMeshActor_UAID_5C60BA38F66E0EB101_1653506551 Label:SM_ChamferCube4 SpatiallyLoaded:1 Bounds:IsValid=true, Min=(X=2408.898 Y=602.822 Z=7.020), Max=(X=2545.501 Y=739.424 Z=107.020) RuntimeGrid:None EditorOnly:0 RuntimeOnly:0 HLODRelevant:0
 |   |   |- [+] [ 41]
 |   |   |   |- Guid:E41530964E71487C4E885594FAEB5171 BaseClass: NativeClass:/Script/Engine.StaticMeshActor Name:StaticMeshActor_UAID_5C60BA38F66E0FB101_1146426730 Label:Cube10 SpatiallyLoaded:1 Bounds:IsValid=true, Min=(X=93.346 Y=1565.021 Z=-104.860), Max=(X=218.346 Y=1965.021 Z=395.140) RuntimeGrid:None EditorOnly:0 RuntimeOnly:0 HLODRelevant:1
 |   |   |- [+] [ 42]
 |   |   |   |- Guid:48599FEE47FAA9EA1F7F4C922157608F BaseClass: NativeClass:/Script/Engine.StaticMeshActor Name:StaticMeshActor_UAID_5C60BA38F66E0EB101_1822225553 Label:SM_ChamferCube5 SpatiallyLoaded:1 Bounds:IsValid=true, Min=(X=778.774 Y=1745.092 Z=67.074), Max=(X=915.377 Y=1881.694 Z=167.074) RuntimeGrid:None EditorOnly:0 RuntimeOnly:0 HLODRelevant:0
 |   |   |- [+] [ 43]
 |   |   |   |- Guid:F74D0ED14602A854C05224A968EC1141 BaseClass: NativeClass:/Script/Engine.StaticMeshActor Name:StaticMeshActor_UAID_5C60BA38F66E10B101_1437868922 Label:SM_ChamferCube3 SpatiallyLoaded:1 Bounds:IsValid=true, Min=(X=394.552 Y=2507.860 Z=-102.201), Max=(X=530.358 Y=2859.774 Z=31.921) RuntimeGrid:None EditorOnly:0 RuntimeOnly:0 HLODRelevant:0
 |   |   |- [+] [ 44]
 |   |   |   |- Guid:FD07919E47643CFCF6B0A4973AC7B3A0 BaseClass: NativeClass:/Script/Engine.StaticMeshActor Name:StaticMeshActor_UAID_5C60BA38F66E10B101_1475366923 Label:SM_ChamferCube8 SpatiallyLoaded:1 Bounds:IsValid=true, Min=(X=1652.568 Y=2261.129 Z=-26.692), Max=(X=2012.965 Y=2615.433 Z=120.780) RuntimeGrid:None EditorOnly:0 RuntimeOnly:0 HLODRelevant:0
 |   |   |- [+] [ 45]
 |   |   |   |- Guid:D50332D94B89AC53047B40A94E34C2CD BaseClass: NativeClass:/Script/Engine.StaticMeshActor Name:StaticMeshActor_UAID_5C60BA38F66E11B101_1096131100 Label:SM_ChamferCube9 SpatiallyLoaded:1 Bounds:IsValid=true, Min=(X=68.938 Y=1950.576 Z=-11.824), Max=(X=238.133 Y=2426.044 Z=403.622) RuntimeGrid:None EditorOnly:0 RuntimeOnly:0 HLODRelevant:0
 |   |   |- [+] [ 46]
 |   |   |   |- Guid:1ABB46334A1D2926EC045D81DB9D7803 BaseClass: NativeClass:/Script/Engine.StaticMeshActor Name:StaticMeshActor_UAID_5C60BA38F66E11B101_1262602101 Label:SM_ChamferCube10 SpatiallyLoaded:1 Bounds:IsValid=true, Min=(X=100.134 Y=849.839 Z=377.077), Max=(X=283.778 Y=1576.770 Z=416.408) RuntimeGrid:None EditorOnly:0 RuntimeOnly:0 HLODRelevant:0
 |   |   |- [+] [ 47]
 |   |   |   |- Guid:6F53B4B24E84F618DF6BC7803F03ACDF BaseClass: NativeClass:/Script/Engine.StaticMeshActor Name:StaticMeshActor_UAID_5C60BA38F66E11B101_1401098102 Label:SM_ChamferCube11 SpatiallyLoaded:1 Bounds:IsValid=true, Min=(X=47.008 Y=173.722 Z=-7.098), Max=(X=302.692 Y=861.522 Z=411.050) RuntimeGrid:None EditorOnly:0 RuntimeOnly:0 HLODRelevant:0
 |- ContainerInstances:
 |- [+] MainContainer:
 |   |-        ID: 0x0000000000000000
 |   |-    Bounds: IsValid=false, Min=(X=0.000 Y=0.000 Z=0.000), Max=(X=0.000 Y=0.000 Z=0.000)
 |   |- Transform: 0.000000,0.000000,0.000000|0.000000,0.000000,-0.000000|1.000000,1.000000,1.000000
 |   |- Container: /Game/GGP(G2)/LEVELS/Amir/Amir_LVL
----------------------------------------------------------------------------------------------------------------
Amir_LVL - Persistent Level
----------------------------------------------------------------------------------------------------------------
Always loaded Actor Count: 68 

----------------------------------------------------------------------------------------------------------------
Amir_LVL - Runtime Spatial Hash - Streaming Grid - MainGrid
----------------------------------------------------------------------------------------------------------------
            Origin: X=0.000 Y=0.000 Z=0.000
         Cell Size: 12800
      World Bounds: IsValid=false, Min=(X=0.000 Y=0.000 Z=0.000), Max=(X=0.000 Y=0.000 Z=0.000)
     Loading Range: 25600.00
Block Slow Loading: No
 ClientOnlyVisible: No

[+] Grid Levels: 1
 |- Level  0: Cell Count    0 | Cell Size   12800 | Actor Count    0 (0.0%)

[+] Content of Grid Level 0

