[+] Containers:
 |- [+] Container: /Game/GGP(G2)/LEVELS/Stefano/Stefano_LVL
 |   |- [+] ActorDescs:
 |   |   |- Guid:00AB33EE46655D59620D08B54D641458 BaseClass: NativeClass:/Script/Engine.StaticMeshActor Name:StaticMeshActor_UAID_10E7C633508B3AB201_1757987344 Label:BT_Scafolding7 SpatiallyLoaded:1 Bounds:IsValid=true, Min=(X=2637.320 Y=1316.972 Z=-7.681), Max=(X=2862.681 Y=1682.956 Z=162.665) RuntimeGrid:None EditorOnly:0 RuntimeOnly:0 HLODRelevant:1
 |   |   |- Guid:043EC6434123827420AEDEA83A3A509E BaseClass: NativeClass:/Script/Engine.VolumetricCloud Name:VolumetricCloud_0 Label:VolumetricCloud SpatiallyLoaded:0 Bounds:IsValid=true, Min=(X=0.000 Y=0.000 Z=820.000), Max=(X=0.000 Y=0.000 Z=820.000) RuntimeGrid:None EditorOnly:0 RuntimeOnly:0 HLODRelevant:0 FolderPath:Lighting FolderGuid:963EC3EB4002CCE9759E2EBA541A873A
 |   |   |- Guid:06C93D1C44C3818F41D70E9BBC0F0611 BaseClass: NativeClass:/Script/Engine.StaticMeshActor Name:StaticMeshActor_UAID_10E7C633508B3AB201_1869366358 Label:BT_Tyres5 SpatiallyLoaded:1 Bounds:IsValid=true, Min=(X=2742.420 Y=2517.420 Z=240.984), Max=(X=2857.580 Y=2632.580 Z=269.016) RuntimeGrid:None EditorOnly:0 RuntimeOnly:0 HLODRelevant:1
 |   |   |- Guid:0ABEAED74BBDDA2023E099A67E991B79 BaseClass: NativeClass:/Script/Engine.StaticMeshActor Name:StaticMeshActor_UAID_10E7C633508B3AB201_1700870339 Label:BT_Scafolding2 SpatiallyLoaded:1 Bounds:IsValid=true, Min=(X=2637.320 Y=116.972 Z=142.319), Max=(X=2862.681 Y=482.956 Z=312.665) RuntimeGrid:None EditorOnly:0 RuntimeOnly:0 HLODRelevant:1
 |   |   |- Guid:0EE270EF44DF1F653505D1838A0E3FF8 BaseClass:/Game/GGP(G2)/Programming/BP_SpeedBoost.BP_SpeedBoost_C NativeClass:/Script/Engine.Actor Name:BP_SpeedBoost_C_UAID_0068EBB84C0DA7B101_1994786464 Label:BP_SpeedBoost SpatiallyLoaded:1 Bounds:IsValid=true, Min=(X=-128.000 Y=-128.000 Z=-128.000), Max=(X=128.000 Y=128.000 Z=128.000) RuntimeGrid:None EditorOnly:0 RuntimeOnly:0 HLODRelevant:0
 |   |   |- Guid:1061EE71417B40B616C7688A6D79B9C6 BaseClass: NativeClass:/Script/Engine.TextRenderActor Name:TextRenderActor_1 Label:TextRenderActor SpatiallyLoaded:1 Bounds:IsValid=true, Min=(X=-0.100 Y=1100.000 Z=65.013), Max=(X=-0.100 Y=2392.308 Z=215.013) RuntimeGrid:None EditorOnly:0 RuntimeOnly:0 HLODRelevant:0
 |   |   |- Guid:16CD04BA49B4A5B858C62A80AF1B0B27 BaseClass: NativeClass:/Script/Engine.StaticMeshActor Name:StaticMeshActor_UAID_10E7C633508B3AB201_1875640359 Label:BT_Tyres6 SpatiallyLoaded:1 Bounds:IsValid=true, Min=(X=2765.000 Y=2655.000 Z=190.984), Max=(X=2855.000 Y=2745.000 Z=219.016) RuntimeGrid:None EditorOnly:0 RuntimeOnly:0 HLODRelevant:1
 |   |   |- Guid:1D8E574748358849C14E87BB5D049E8C BaseClass: NativeClass:/Script/Engine.StaticMeshActor Name:StaticMeshActor_UAID_10E7C633508B3AB201_1757997349 Label:BT_Scafolding12 SpatiallyLoaded:1 Bounds:IsValid=true, Min=(X=2637.320 Y=2116.972 Z=142.319), Max=(X=2862.681 Y=2482.956 Z=312.665) RuntimeGrid:None EditorOnly:0 RuntimeOnly:0 HLODRelevant:1
 |   |   |- Guid:20E7CDAA48AA67A25197569DD7CE2CE0 BaseClass: NativeClass:/Script/Engine.StaticMeshActor Name:StaticMeshActor_UAID_10E7C633508B3AB201_1442221335 Label:BT_Scafolding SpatiallyLoaded:1 Bounds:IsValid=true, Min=(X=2637.320 Y=116.972 Z=-7.681), Max=(X=2862.681 Y=482.956 Z=162.665) RuntimeGrid:None EditorOnly:0 RuntimeOnly:0 HLODRelevant:1
 |   |   |- Guid:2D99E346436D80B0AC62BDBD7265AAFC BaseClass: NativeClass:/Script/Engine.StaticMeshActor Name:StaticMeshActor_UAID_10E7C633508B3AB201_1757994347 Label:BT_Scafolding10 SpatiallyLoaded:1 Bounds:IsValid=true, Min=(X=2637.320 Y=1716.972 Z=142.319), Max=(X=2862.681 Y=2082.956 Z=312.665) RuntimeGrid:None EditorOnly:0 RuntimeOnly:0 HLODRelevant:1
 |   |   |- Guid:3CE7ECDD460BD7DDC6C2D38FB032D334 BaseClass: NativeClass:/Script/Engine.WorldDataLayers Name:WorldDataLayers Label:WorldDataLayers SpatiallyLoaded:0 Bounds:IsValid=true, Min=(X=0.000 Y=0.000 Z=0.000), Max=(X=0.000 Y=0.000 Z=0.000) RuntimeGrid:None EditorOnly:0 RuntimeOnly:0 HLODRelevant:0
 |   |   |- Guid:4359B515482B51E1A6C24B9189D2ABDE BaseClass: NativeClass:/Script/Engine.StaticMeshActor Name:StaticMeshActor_UAID_10E7C633508B3AB201_1765243352 Label:BT_Scafolding15 SpatiallyLoaded:1 Bounds:IsValid=true, Min=(X=2637.320 Y=2916.972 Z=-7.681), Max=(X=2862.681 Y=3282.956 Z=162.665) RuntimeGrid:None EditorOnly:0 RuntimeOnly:0 HLODRelevant:1
 |   |   |- Guid:65D1E9B24CD7F7941F82CEA32D1BFE66 BaseClass: NativeClass:/Script/Engine.StaticMeshActor Name:StaticMeshActor_UAID_10E7C633508B3AB201_1757995348 Label:BT_Scafolding11 SpatiallyLoaded:1 Bounds:IsValid=true, Min=(X=2637.320 Y=2116.972 Z=-7.681), Max=(X=2862.681 Y=2482.956 Z=162.665) RuntimeGrid:None EditorOnly:0 RuntimeOnly:0 HLODRelevant:1
 |   |   |- Guid:7AEEAEA04C3576A3D1DE91A01896DAF5 BaseClass: NativeClass:/Script/Engine.StaticMeshActor Name:StaticMeshActor_1 Label:SM_Cube SpatiallyLoaded:1 Bounds:IsValid=true, Min=(X=0.000 Y=0.000 Z=-50.000), Max=(X=3000.000 Y=3500.000 Z=0.000) RuntimeGrid:None EditorOnly:0 RuntimeOnly:0 HLODRelevant:1 FolderPath:Playground FolderGuid:C73F09FC4215536B1DCE2A9E0A830C70
 |   |   |- Guid:8B436C5E4C8D46387B48B3BBB4B1F8BF BaseClass: NativeClass:/Script/Engine.StaticMeshActor Name:StaticMeshActor_UAID_10E7C633508B3AB201_1836481355 Label:BT_Tyres2 SpatiallyLoaded:1 Bounds:IsValid=true, Min=(X=2765.000 Y=2655.000 Z=160.984), Max=(X=2855.000 Y=2745.000 Z=189.016) RuntimeGrid:None EditorOnly:0 RuntimeOnly:0 HLODRelevant:1
 |   |   |- Guid:9071F76F40579AF2DAADBAB73AACF7CD BaseClass: NativeClass:/Script/Engine.StaticMeshActor Name:StaticMeshActor_UAID_10E7C633508B3AB201_1757993346 Label:BT_Scafolding9 SpatiallyLoaded:1 Bounds:IsValid=true, Min=(X=2637.320 Y=1716.972 Z=-7.681), Max=(X=2862.681 Y=2082.956 Z=162.665) RuntimeGrid:None EditorOnly:0 RuntimeOnly:0 HLODRelevant:1
 |   |   |- Guid:926681004AA7C1736073589648EF3277 BaseClass:/Game/GGP(G2)/Programming/BP_SpeedBoost.BP_SpeedBoost_C NativeClass:/Script/Engine.Actor Name:BP_SpeedBoost_C_UAID_0068EBB84C0DA9B101_1578536819 Label:BP_SpeedBoost2 SpatiallyLoaded:1 Bounds:IsValid=true, Min=(X=-128.000 Y=-128.000 Z=-128.000), Max=(X=128.000 Y=128.000 Z=128.000) RuntimeGrid:None EditorOnly:0 RuntimeOnly:0 HLODRelevant:0
 |   |   |- Guid:96013A9342AE935679C1DB8753FD016D BaseClass: NativeClass:/Script/Engine.StaticMeshActor Name:StaticMeshActor_UAID_10E7C633508B3AB201_1715711342 Label:BT_Scafolding5 SpatiallyLoaded:1 Bounds:IsValid=true, Min=(X=2637.320 Y=916.972 Z=-7.681), Max=(X=2862.681 Y=1282.956 Z=162.665) RuntimeGrid:None EditorOnly:0 RuntimeOnly:0 HLODRelevant:1
 |   |   |- Guid:9E67FDD6488895FCEB5650A88507B306 BaseClass: NativeClass:/Script/Engine.StaticMeshActor Name:StaticMeshActor_UAID_10E7C633508B3AB201_1863527357 Label:BT_Tyres4 SpatiallyLoaded:1 Bounds:IsValid=true, Min=(X=2742.420 Y=2517.420 Z=215.984), Max=(X=2857.580 Y=2632.580 Z=244.016) RuntimeGrid:None EditorOnly:0 RuntimeOnly:0 HLODRelevant:1
 |   |   |- Guid:A0C38904480ABA50711E36B9726A6CCA BaseClass: NativeClass:/Script/Engine.StaticMeshActor Name:StaticMeshActor_UAID_10E7C633508B3AB201_1715715343 Label:BT_Scafolding6 SpatiallyLoaded:1 Bounds:IsValid=true, Min=(X=2637.320 Y=916.972 Z=142.319), Max=(X=2862.681 Y=1282.956 Z=312.665) RuntimeGrid:None EditorOnly:0 RuntimeOnly:0 HLODRelevant:1
 |   |   |- Guid:B71B40FD4F0740E526F84FA439F8545C BaseClass: NativeClass:/Script/Engine.StaticMeshActor Name:StaticMeshActor_UAID_10E7C633508B3AB201_1712617341 Label:BT_Scafolding4 SpatiallyLoaded:1 Bounds:IsValid=true, Min=(X=2637.320 Y=516.972 Z=142.319), Max=(X=2862.681 Y=882.956 Z=312.665) RuntimeGrid:None EditorOnly:0 RuntimeOnly:0 HLODRelevant:1
 |   |   |- Guid:B7F528EC4AA0F34404150C8B3AA8691E BaseClass: NativeClass:/Script/Engine.StaticMeshActor Name:StaticMeshActor_UAID_A4AE111137DC5EFB00_1110535423 Label:SM_SkySphere SpatiallyLoaded:0 Bounds:IsValid=true, Min=(X=-1638400.000 Y=-1638400.000 Z=-1638400.000), Max=(X=1638400.000 Y=1638400.000 Z=1638400.000) RuntimeGrid:None EditorOnly:0 RuntimeOnly:0 HLODRelevant:1 FolderPath:Lighting FolderGuid:963EC3EB4002CCE9759E2EBA541A873A
 |   |   |- Guid:C930C15E47628C08B9FA1C8F4E0FFBB7 BaseClass: NativeClass:/Script/Engine.ExponentialHeightFog Name:ExponentialHeightFog_0 Label:ExponentialHeightFog SpatiallyLoaded:0 Bounds:IsValid=true, Min=(X=-5600.000 Y=-50.000 Z=-6850.000), Max=(X=-5600.000 Y=-50.000 Z=-6850.000) RuntimeGrid:None EditorOnly:0 RuntimeOnly:0 HLODRelevant:0 FolderPath:Lighting FolderGuid:963EC3EB4002CCE9759E2EBA541A873A
 |   |   |- Guid:CEE6A2E74E4D4C54A3EEE7808B772127 BaseClass:/Game/GGP(G2)/Programming/New_PlayerCube_BP.New_PlayerCube_BP_C NativeClass:/Script/Engine.Character Name:New_PlayerCube_BP_C_UAID_0068EBB84C0DA1B101_2082859409 Label:New_PlayerCube_BP SpatiallyLoaded:1 Bounds:IsValid=true, Min=(X=852.505 Y=239.433 Z=194.368), Max=(X=916.505 Y=303.433 Z=258.368) RuntimeGrid:None EditorOnly:0 RuntimeOnly:0 HLODRelevant:0
 |   |   |- Guid:D0F4E6D5453B615C9E0D718CF4E4D5D8 BaseClass: NativeClass:/Script/Engine.StaticMeshActor Name:StaticMeshActor_UAID_10E7C633508B3AB201_1712614340 Label:BT_Scafolding3 SpatiallyLoaded:1 Bounds:IsValid=true, Min=(X=2637.320 Y=516.972 Z=-7.681), Max=(X=2862.681 Y=882.956 Z=162.665) RuntimeGrid:None EditorOnly:0 RuntimeOnly:0 HLODRelevant:1
 |   |   |- Guid:D5EE40B74003B23AD0AE7993B8CCE117 BaseClass: NativeClass:/Script/Engine.StaticMeshActor Name:StaticMeshActor_UAID_10E7C633508B3AB201_1765237350 Label:BT_Scafolding13 SpatiallyLoaded:1 Bounds:IsValid=true, Min=(X=2637.320 Y=2516.972 Z=-7.681), Max=(X=2862.681 Y=2882.956 Z=162.665) RuntimeGrid:None EditorOnly:0 RuntimeOnly:0 HLODRelevant:1
 |   |   |- Guid:D8E2AFA74908386E4FA98A8A21887B87 BaseClass: NativeClass:/Script/Engine.StaticMeshActor Name:StaticMeshActor_UAID_10E7C633508B3AB201_1857081356 Label:BT_Tyres3 SpatiallyLoaded:1 Bounds:IsValid=true, Min=(X=2742.420 Y=2517.420 Z=185.984), Max=(X=2857.580 Y=2632.580 Z=214.016) RuntimeGrid:None EditorOnly:0 RuntimeOnly:0 HLODRelevant:1
 |   |   |- Guid:E871B3E84F68688B98765CA1C3D6160D BaseClass: NativeClass:/Script/Engine.PostProcessVolume Name:PostProcessVolume_0 Label:PostProcessVolume SpatiallyLoaded:0 Bounds:IsValid=true, Min=(X=0.000 Y=0.000 Z=400.000), Max=(X=200.000 Y=200.000 Z=600.000) RuntimeGrid:None EditorOnly:0 RuntimeOnly:0 HLODRelevant:0 FolderPath:Lighting FolderGuid:963EC3EB4002CCE9759E2EBA541A873A
 |   |   |- Guid:E901CB0B4BE8CA9177EB1086C86D46A9 BaseClass: NativeClass:/Script/Engine.StaticMeshActor Name:StaticMeshActor_UAID_10E7C633508B3AB201_1757991345 Label:BT_Scafolding8 SpatiallyLoaded:1 Bounds:IsValid=true, Min=(X=2637.320 Y=1316.972 Z=142.319), Max=(X=2862.681 Y=1682.956 Z=312.665) RuntimeGrid:None EditorOnly:0 RuntimeOnly:0 HLODRelevant:1
 |   |   |- Guid:EE495EE74286E03C3C438BB519D7A494 BaseClass: NativeClass:/Script/Engine.SkyLight Name:SkyLight_1 Label:SkyLight SpatiallyLoaded:0 Bounds:IsValid=true, Min=(X=0.000 Y=0.000 Z=690.000), Max=(X=0.000 Y=0.000 Z=690.000) RuntimeGrid:None EditorOnly:0 RuntimeOnly:0 HLODRelevant:0 FolderPath:Lighting FolderGuid:963EC3EB4002CCE9759E2EBA541A873A
 |   |   |- Guid:F40F5D9449061F57392491863339D210 BaseClass: NativeClass:/Script/Engine.StaticMeshActor Name:StaticMeshActor_UAID_10E7C633508B3AB201_1809481354 Label:BT_Tyres SpatiallyLoaded:1 Bounds:IsValid=true, Min=(X=2742.420 Y=2517.420 Z=160.984), Max=(X=2857.580 Y=2632.580 Z=189.016) RuntimeGrid:None EditorOnly:0 RuntimeOnly:0 HLODRelevant:1
 |   |   |- Guid:FD01F9C74F32A510DBA7A7998E944455 BaseClass: NativeClass:/Script/Engine.SkyAtmosphere Name:SkyAtmosphere_0 Label:SkyAtmosphere SpatiallyLoaded:0 Bounds:IsValid=true, Min=(X=0.000 Y=0.000 Z=1020.000), Max=(X=0.000 Y=0.000 Z=1020.000) RuntimeGrid:None EditorOnly:0 RuntimeOnly:0 HLODRelevant:0 FolderPath:Lighting FolderGuid:963EC3EB4002CCE9759E2EBA541A873A
 |   |   |- Guid:FD47A6AF4C6C2159EDED58B30229E9A8 BaseClass: NativeClass:/Script/Engine.DirectionalLight Name:DirectionalLight_0 Label:DirectionalLight SpatiallyLoaded:0 Bounds:IsValid=true, Min=(X=-4398046511104.000 Y=-4398046511104.000 Z=-4398046511104.000), Max=(X=4398046511104.000 Y=4398046511104.000 Z=4398046511104.000) RuntimeGrid:None EditorOnly:0 RuntimeOnly:0 HLODRelevant:0 FolderPath:Lighting FolderGuid:963EC3EB4002CCE9759E2EBA541A873A
 |   |- [+] Clusters:
 |   |   |- [+] [  0]
 |   |   |   |- Guid:3CE7ECDD460BD7DDC6C2D38FB032D334 BaseClass: NativeClass:/Script/Engine.WorldDataLayers Name:WorldDataLayers Label:WorldDataLayers SpatiallyLoaded:0 Bounds:IsValid=true, Min=(X=0.000 Y=0.000 Z=0.000), Max=(X=0.000 Y=0.000 Z=0.000) RuntimeGrid:None EditorOnly:0 RuntimeOnly:0 HLODRelevant:0
 |   |   |- [+] [  1]
 |   |   |   |- Guid:1061EE71417B40B616C7688A6D79B9C6 BaseClass: NativeClass:/Script/Engine.TextRenderActor Name:TextRenderActor_1 Label:TextRenderActor SpatiallyLoaded:1 Bounds:IsValid=true, Min=(X=-0.100 Y=1100.000 Z=65.013), Max=(X=-0.100 Y=2392.308 Z=215.013) RuntimeGrid:None EditorOnly:0 RuntimeOnly:0 HLODRelevant:0
 |   |   |- [+] [  2]
 |   |   |   |- Guid:E871B3E84F68688B98765CA1C3D6160D BaseClass: NativeClass:/Script/Engine.PostProcessVolume Name:PostProcessVolume_0 Label:PostProcessVolume SpatiallyLoaded:0 Bounds:IsValid=true, Min=(X=0.000 Y=0.000 Z=400.000), Max=(X=200.000 Y=200.000 Z=600.000) RuntimeGrid:None EditorOnly:0 RuntimeOnly:0 HLODRelevant:0 FolderPath:Lighting FolderGuid:963EC3EB4002CCE9759E2EBA541A873A
 |   |   |- [+] [  3]
 |   |   |   |- Guid:043EC6434123827420AEDEA83A3A509E BaseClass: NativeClass:/Script/Engine.VolumetricCloud Name:VolumetricCloud_0 Label:VolumetricCloud SpatiallyLoaded:0 Bounds:IsValid=true, Min=(X=0.000 Y=0.000 Z=820.000), Max=(X=0.000 Y=0.000 Z=820.000) RuntimeGrid:None EditorOnly:0 RuntimeOnly:0 HLODRelevant:0 FolderPath:Lighting FolderGuid:963EC3EB4002CCE9759E2EBA541A873A
 |   |   |- [+] [  4]
 |   |   |   |- Guid:EE495EE74286E03C3C438BB519D7A494 BaseClass: NativeClass:/Script/Engine.SkyLight Name:SkyLight_1 Label:SkyLight SpatiallyLoaded:0 Bounds:IsValid=true, Min=(X=0.000 Y=0.000 Z=690.000), Max=(X=0.000 Y=0.000 Z=690.000) RuntimeGrid:None EditorOnly:0 RuntimeOnly:0 HLODRelevant:0 FolderPath:Lighting FolderGuid:963EC3EB4002CCE9759E2EBA541A873A
 |   |   |- [+] [  5]
 |   |   |   |- Guid:926681004AA7C1736073589648EF3277 BaseClass:/Game/GGP(G2)/Programming/BP_SpeedBoost.BP_SpeedBoost_C NativeClass:/Script/Engine.Actor Name:BP_SpeedBoost_C_UAID_0068EBB84C0DA9B101_1578536819 Label:BP_SpeedBoost2 SpatiallyLoaded:1 Bounds:IsValid=true, Min=(X=-128.000 Y=-128.000 Z=-128.000), Max=(X=128.000 Y=128.000 Z=128.000) RuntimeGrid:None EditorOnly:0 RuntimeOnly:0 HLODRelevant:0
 |   |   |- [+] [  6]
 |   |   |   |- Guid:7AEEAEA04C3576A3D1DE91A01896DAF5 BaseClass: NativeClass:/Script/Engine.StaticMeshActor Name:StaticMeshActor_1 Label:SM_Cube SpatiallyLoaded:1 Bounds:IsValid=true, Min=(X=0.000 Y=0.000 Z=-50.000), Max=(X=3000.000 Y=3500.000 Z=0.000) RuntimeGrid:None EditorOnly:0 RuntimeOnly:0 HLODRelevant:1 FolderPath:Playground FolderGuid:C73F09FC4215536B1DCE2A9E0A830C70
 |   |   |- [+] [  7]
 |   |   |   |- Guid:0EE270EF44DF1F653505D1838A0E3FF8 BaseClass:/Game/GGP(G2)/Programming/BP_SpeedBoost.BP_SpeedBoost_C NativeClass:/Script/Engine.Actor Name:BP_SpeedBoost_C_UAID_0068EBB84C0DA7B101_1994786464 Label:BP_SpeedBoost SpatiallyLoaded:1 Bounds:IsValid=true, Min=(X=-128.000 Y=-128.000 Z=-128.000), Max=(X=128.000 Y=128.000 Z=128.000) RuntimeGrid:None EditorOnly:0 RuntimeOnly:0 HLODRelevant:0
 |   |   |- [+] [  8]
 |   |   |   |- Guid:FD01F9C74F32A510DBA7A7998E944455 BaseClass: NativeClass:/Script/Engine.SkyAtmosphere Name:SkyAtmosphere_0 Label:SkyAtmosphere SpatiallyLoaded:0 Bounds:IsValid=true, Min=(X=0.000 Y=0.000 Z=1020.000), Max=(X=0.000 Y=0.000 Z=1020.000) RuntimeGrid:None EditorOnly:0 RuntimeOnly:0 HLODRelevant:0 FolderPath:Lighting FolderGuid:963EC3EB4002CCE9759E2EBA541A873A
 |   |   |- [+] [  9]
 |   |   |   |- Guid:FD47A6AF4C6C2159EDED58B30229E9A8 BaseClass: NativeClass:/Script/Engine.DirectionalLight Name:DirectionalLight_0 Label:DirectionalLight SpatiallyLoaded:0 Bounds:IsValid=true, Min=(X=-4398046511104.000 Y=-4398046511104.000 Z=-4398046511104.000), Max=(X=4398046511104.000 Y=4398046511104.000 Z=4398046511104.000) RuntimeGrid:None EditorOnly:0 RuntimeOnly:0 HLODRelevant:0 FolderPath:Lighting FolderGuid:963EC3EB4002CCE9759E2EBA541A873A
 |   |   |- [+] [ 10]
 |   |   |   |- Guid:CEE6A2E74E4D4C54A3EEE7808B772127 BaseClass:/Game/GGP(G2)/Programming/New_PlayerCube_BP.New_PlayerCube_BP_C NativeClass:/Script/Engine.Character Name:New_PlayerCube_BP_C_UAID_0068EBB84C0DA1B101_2082859409 Label:New_PlayerCube_BP SpatiallyLoaded:1 Bounds:IsValid=true, Min=(X=852.505 Y=239.433 Z=194.368), Max=(X=916.505 Y=303.433 Z=258.368) RuntimeGrid:None EditorOnly:0 RuntimeOnly:0 HLODRelevant:0
 |   |   |- [+] [ 11]
 |   |   |   |- Guid:B7F528EC4AA0F34404150C8B3AA8691E BaseClass: NativeClass:/Script/Engine.StaticMeshActor Name:StaticMeshActor_UAID_A4AE111137DC5EFB00_1110535423 Label:SM_SkySphere SpatiallyLoaded:0 Bounds:IsValid=true, Min=(X=-1638400.000 Y=-1638400.000 Z=-1638400.000), Max=(X=1638400.000 Y=1638400.000 Z=1638400.000) RuntimeGrid:None EditorOnly:0 RuntimeOnly:0 HLODRelevant:1 FolderPath:Lighting FolderGuid:963EC3EB4002CCE9759E2EBA541A873A
 |   |   |- [+] [ 12]
 |   |   |   |- Guid:C930C15E47628C08B9FA1C8F4E0FFBB7 BaseClass: NativeClass:/Script/Engine.ExponentialHeightFog Name:ExponentialHeightFog_0 Label:ExponentialHeightFog SpatiallyLoaded:0 Bounds:IsValid=true, Min=(X=-5600.000 Y=-50.000 Z=-6850.000), Max=(X=-5600.000 Y=-50.000 Z=-6850.000) RuntimeGrid:None EditorOnly:0 RuntimeOnly:0 HLODRelevant:0 FolderPath:Lighting FolderGuid:963EC3EB4002CCE9759E2EBA541A873A
 |   |   |- [+] [ 13]
 |   |   |   |- Guid:20E7CDAA48AA67A25197569DD7CE2CE0 BaseClass: NativeClass:/Script/Engine.StaticMeshActor Name:StaticMeshActor_UAID_10E7C633508B3AB201_1442221335 Label:BT_Scafolding SpatiallyLoaded:1 Bounds:IsValid=true, Min=(X=2637.320 Y=116.972 Z=-7.681), Max=(X=2862.681 Y=482.956 Z=162.665) RuntimeGrid:None EditorOnly:0 RuntimeOnly:0 HLODRelevant:1
 |   |   |- [+] [ 14]
 |   |   |   |- Guid:0ABEAED74BBDDA2023E099A67E991B79 BaseClass: NativeClass:/Script/Engine.StaticMeshActor Name:StaticMeshActor_UAID_10E7C633508B3AB201_1700870339 Label:BT_Scafolding2 SpatiallyLoaded:1 Bounds:IsValid=true, Min=(X=2637.320 Y=116.972 Z=142.319), Max=(X=2862.681 Y=482.956 Z=312.665) RuntimeGrid:None EditorOnly:0 RuntimeOnly:0 HLODRelevant:1
 |   |   |- [+] [ 15]
 |   |   |   |- Guid:D0F4E6D5453B615C9E0D718CF4E4D5D8 BaseClass: NativeClass:/Script/Engine.StaticMeshActor Name:StaticMeshActor_UAID_10E7C633508B3AB201_1712614340 Label:BT_Scafolding3 SpatiallyLoaded:1 Bounds:IsValid=true, Min=(X=2637.320 Y=516.972 Z=-7.681), Max=(X=2862.681 Y=882.956 Z=162.665) RuntimeGrid:None EditorOnly:0 RuntimeOnly:0 HLODRelevant:1
 |   |   |- [+] [ 16]
 |   |   |   |- Guid:B71B40FD4F0740E526F84FA439F8545C BaseClass: NativeClass:/Script/Engine.StaticMeshActor Name:StaticMeshActor_UAID_10E7C633508B3AB201_1712617341 Label:BT_Scafolding4 SpatiallyLoaded:1 Bounds:IsValid=true, Min=(X=2637.320 Y=516.972 Z=142.319), Max=(X=2862.681 Y=882.956 Z=312.665) RuntimeGrid:None EditorOnly:0 RuntimeOnly:0 HLODRelevant:1
 |   |   |- [+] [ 17]
 |   |   |   |- Guid:96013A9342AE935679C1DB8753FD016D BaseClass: NativeClass:/Script/Engine.StaticMeshActor Name:StaticMeshActor_UAID_10E7C633508B3AB201_1715711342 Label:BT_Scafolding5 SpatiallyLoaded:1 Bounds:IsValid=true, Min=(X=2637.320 Y=916.972 Z=-7.681), Max=(X=2862.681 Y=1282.956 Z=162.665) RuntimeGrid:None EditorOnly:0 RuntimeOnly:0 HLODRelevant:1
 |   |   |- [+] [ 18]
 |   |   |   |- Guid:A0C38904480ABA50711E36B9726A6CCA BaseClass: NativeClass:/Script/Engine.StaticMeshActor Name:StaticMeshActor_UAID_10E7C633508B3AB201_1715715343 Label:BT_Scafolding6 SpatiallyLoaded:1 Bounds:IsValid=true, Min=(X=2637.320 Y=916.972 Z=142.319), Max=(X=2862.681 Y=1282.956 Z=312.665) RuntimeGrid:None EditorOnly:0 RuntimeOnly:0 HLODRelevant:1
 |   |   |- [+] [ 19]
 |   |   |   |- Guid:00AB33EE46655D59620D08B54D641458 BaseClass: NativeClass:/Script/Engine.StaticMeshActor Name:StaticMeshActor_UAID_10E7C633508B3AB201_1757987344 Label:BT_Scafolding7 SpatiallyLoaded:1 Bounds:IsValid=true, Min=(X=2637.320 Y=1316.972 Z=-7.681), Max=(X=2862.681 Y=1682.956 Z=162.665) RuntimeGrid:None EditorOnly:0 RuntimeOnly:0 HLODRelevant:1
 |   |   |- [+] [ 20]
 |   |   |   |- Guid:E901CB0B4BE8CA9177EB1086C86D46A9 BaseClass: NativeClass:/Script/Engine.StaticMeshActor Name:StaticMeshActor_UAID_10E7C633508B3AB201_1757991345 Label:BT_Scafolding8 SpatiallyLoaded:1 Bounds:IsValid=true, Min=(X=2637.320 Y=1316.972 Z=142.319), Max=(X=2862.681 Y=1682.956 Z=312.665) RuntimeGrid:None EditorOnly:0 RuntimeOnly:0 HLODRelevant:1
 |   |   |- [+] [ 21]
 |   |   |   |- Guid:9071F76F40579AF2DAADBAB73AACF7CD BaseClass: NativeClass:/Script/Engine.StaticMeshActor Name:StaticMeshActor_UAID_10E7C633508B3AB201_1757993346 Label:BT_Scafolding9 SpatiallyLoaded:1 Bounds:IsValid=true, Min=(X=2637.320 Y=1716.972 Z=-7.681), Max=(X=2862.681 Y=2082.956 Z=162.665) RuntimeGrid:None EditorOnly:0 RuntimeOnly:0 HLODRelevant:1
 |   |   |- [+] [ 22]
 |   |   |   |- Guid:2D99E346436D80B0AC62BDBD7265AAFC BaseClass: NativeClass:/Script/Engine.StaticMeshActor Name:StaticMeshActor_UAID_10E7C633508B3AB201_1757994347 Label:BT_Scafolding10 SpatiallyLoaded:1 Bounds:IsValid=true, Min=(X=2637.320 Y=1716.972 Z=142.319), Max=(X=2862.681 Y=2082.956 Z=312.665) RuntimeGrid:None EditorOnly:0 RuntimeOnly:0 HLODRelevant:1
 |   |   |- [+] [ 23]
 |   |   |   |- Guid:65D1E9B24CD7F7941F82CEA32D1BFE66 BaseClass: NativeClass:/Script/Engine.StaticMeshActor Name:StaticMeshActor_UAID_10E7C633508B3AB201_1757995348 Label:BT_Scafolding11 SpatiallyLoaded:1 Bounds:IsValid=true, Min=(X=2637.320 Y=2116.972 Z=-7.681), Max=(X=2862.681 Y=2482.956 Z=162.665) RuntimeGrid:None EditorOnly:0 RuntimeOnly:0 HLODRelevant:1
 |   |   |- [+] [ 24]
 |   |   |   |- Guid:1D8E574748358849C14E87BB5D049E8C BaseClass: NativeClass:/Script/Engine.StaticMeshActor Name:StaticMeshActor_UAID_10E7C633508B3AB201_1757997349 Label:BT_Scafolding12 SpatiallyLoaded:1 Bounds:IsValid=true, Min=(X=2637.320 Y=2116.972 Z=142.319), Max=(X=2862.681 Y=2482.956 Z=312.665) RuntimeGrid:None EditorOnly:0 RuntimeOnly:0 HLODRelevant:1
 |   |   |- [+] [ 25]
 |   |   |   |- Guid:D5EE40B74003B23AD0AE7993B8CCE117 BaseClass: NativeClass:/Script/Engine.StaticMeshActor Name:StaticMeshActor_UAID_10E7C633508B3AB201_1765237350 Label:BT_Scafolding13 SpatiallyLoaded:1 Bounds:IsValid=true, Min=(X=2637.320 Y=2516.972 Z=-7.681), Max=(X=2862.681 Y=2882.956 Z=162.665) RuntimeGrid:None EditorOnly:0 RuntimeOnly:0 HLODRelevant:1
 |   |   |- [+] [ 26]
 |   |   |   |- Guid:4359B515482B51E1A6C24B9189D2ABDE BaseClass: NativeClass:/Script/Engine.StaticMeshActor Name:StaticMeshActor_UAID_10E7C633508B3AB201_1765243352 Label:BT_Scafolding15 SpatiallyLoaded:1 Bounds:IsValid=true, Min=(X=2637.320 Y=2916.972 Z=-7.681), Max=(X=2862.681 Y=3282.956 Z=162.665) RuntimeGrid:None EditorOnly:0 RuntimeOnly:0 HLODRelevant:1
 |   |   |- [+] [ 27]
 |   |   |   |- Guid:F40F5D9449061F57392491863339D210 BaseClass: NativeClass:/Script/Engine.StaticMeshActor Name:StaticMeshActor_UAID_10E7C633508B3AB201_1809481354 Label:BT_Tyres SpatiallyLoaded:1 Bounds:IsValid=true, Min=(X=2742.420 Y=2517.420 Z=160.984), Max=(X=2857.580 Y=2632.580 Z=189.016) RuntimeGrid:None EditorOnly:0 RuntimeOnly:0 HLODRelevant:1
 |   |   |- [+] [ 28]
 |   |   |   |- Guid:8B436C5E4C8D46387B48B3BBB4B1F8BF BaseClass: NativeClass:/Script/Engine.StaticMeshActor Name:StaticMeshActor_UAID_10E7C633508B3AB201_1836481355 Label:BT_Tyres2 SpatiallyLoaded:1 Bounds:IsValid=true, Min=(X=2765.000 Y=2655.000 Z=160.984), Max=(X=2855.000 Y=2745.000 Z=189.016) RuntimeGrid:None EditorOnly:0 RuntimeOnly:0 HLODRelevant:1
 |   |   |- [+] [ 29]
 |   |   |   |- Guid:D8E2AFA74908386E4FA98A8A21887B87 BaseClass: NativeClass:/Script/Engine.StaticMeshActor Name:StaticMeshActor_UAID_10E7C633508B3AB201_1857081356 Label:BT_Tyres3 SpatiallyLoaded:1 Bounds:IsValid=true, Min=(X=2742.420 Y=2517.420 Z=185.984), Max=(X=2857.580 Y=2632.580 Z=214.016) RuntimeGrid:None EditorOnly:0 RuntimeOnly:0 HLODRelevant:1
 |   |   |- [+] [ 30]
 |   |   |   |- Guid:9E67FDD6488895FCEB5650A88507B306 BaseClass: NativeClass:/Script/Engine.StaticMeshActor Name:StaticMeshActor_UAID_10E7C633508B3AB201_1863527357 Label:BT_Tyres4 SpatiallyLoaded:1 Bounds:IsValid=true, Min=(X=2742.420 Y=2517.420 Z=215.984), Max=(X=2857.580 Y=2632.580 Z=244.016) RuntimeGrid:None EditorOnly:0 RuntimeOnly:0 HLODRelevant:1
 |   |   |- [+] [ 31]
 |   |   |   |- Guid:06C93D1C44C3818F41D70E9BBC0F0611 BaseClass: NativeClass:/Script/Engine.StaticMeshActor Name:StaticMeshActor_UAID_10E7C633508B3AB201_1869366358 Label:BT_Tyres5 SpatiallyLoaded:1 Bounds:IsValid=true, Min=(X=2742.420 Y=2517.420 Z=240.984), Max=(X=2857.580 Y=2632.580 Z=269.016) RuntimeGrid:None EditorOnly:0 RuntimeOnly:0 HLODRelevant:1
 |   |   |- [+] [ 32]
 |   |   |   |- Guid:16CD04BA49B4A5B858C62A80AF1B0B27 BaseClass: NativeClass:/Script/Engine.StaticMeshActor Name:StaticMeshActor_UAID_10E7C633508B3AB201_1875640359 Label:BT_Tyres6 SpatiallyLoaded:1 Bounds:IsValid=true, Min=(X=2765.000 Y=2655.000 Z=190.984), Max=(X=2855.000 Y=2745.000 Z=219.016) RuntimeGrid:None EditorOnly:0 RuntimeOnly:0 HLODRelevant:1
 |- ContainerInstances:
 |- [+] MainContainer:
 |   |-        ID: 0x0000000000000000
 |   |-    Bounds: IsValid=false, Min=(X=0.000 Y=0.000 Z=0.000), Max=(X=0.000 Y=0.000 Z=0.000)
 |   |- Transform: 0.000000,0.000000,0.000000|0.000000,0.000000,-0.000000|1.000000,1.000000,1.000000
 |   |- Container: /Game/GGP(G2)/LEVELS/Stefano/Stefano_LVL
----------------------------------------------------------------------------------------------------------------
Stefano_LVL - Persistent Level
----------------------------------------------------------------------------------------------------------------
Always loaded Actor Count: 69 

----------------------------------------------------------------------------------------------------------------
Stefano_LVL - Runtime Spatial Hash - Streaming Grid - MainGrid
----------------------------------------------------------------------------------------------------------------
            Origin: X=0.000 Y=0.000 Z=0.000
         Cell Size: 12800
      World Bounds: IsValid=false, Min=(X=0.000 Y=0.000 Z=0.000), Max=(X=0.000 Y=0.000 Z=0.000)
     Loading Range: 25600.00
Block Slow Loading: No
 ClientOnlyVisible: No

[+] Grid Levels: 1
 |- Level  0: Cell Count    0 | Cell Size   12800 | Actor Count    0 (0.0%)

[+] Content of Grid Level 0

