[+] Containers:
 |- [+] Container: /Game/GGP(G2)/LEVELS/Dylan/Dylan_Tutorial_LVL
 |   |- [+] ActorDescs:
 |   |   |- Guid:01A6AB634DC3CDB8256E389B5056AA8C BaseClass: NativeClass:/Script/Engine.StaticMeshActor Name:StaticMeshActor_UAID_0068EBB8471CA8B101_2044204691 Label:BT_Scafolding5 SpatiallyLoaded:1 Bounds:IsValid=true, Min=(X=3104.344 Y=376.642 Z=161.656), Max=(X=3329.704 Y=742.626 Z=332.002) RuntimeGrid:None EditorOnly:0 RuntimeOnly:0 HLODRelevant:1
 |   |   |- Guid:03E2F2174623B7A9F1AE1A87B851EBCB BaseClass: NativeClass:/Script/Engine.StaticMeshActor Name:StaticMeshActor_UAID_0068EBB8471CA8B101_2074914703 Label:BT_Car10 SpatiallyLoaded:1 Bounds:IsValid=true, Min=(X=2624.160 Y=-438.185 Z=171.898), Max=(X=2974.160 Y=-256.375 Z=299.248) RuntimeGrid:None EditorOnly:0 RuntimeOnly:0 HLODRelevant:1
 |   |   |- Guid:053686164D7463AF3213CABC64DFE80E BaseClass: NativeClass:/Script/Engine.StaticMeshActor Name:StaticMeshActor_UAID_0068EBB8471CA7B101_2122207499 Label:SM_Cube8 SpatiallyLoaded:1 Bounds:IsValid=true, Min=(X=2866.093 Y=1272.938 Z=17.048), Max=(X=3416.093 Y=1287.037 Z=195.874) RuntimeGrid:None EditorOnly:0 RuntimeOnly:0 HLODRelevant:1 FolderPath:Playground FolderGuid:C73F09FC4215536B1DCE2A9E0A830C70
 |   |   |- Guid:05A4FF2D4ECC8BA4F6491092FBF9322E BaseClass: NativeClass:/Script/Engine.SkyAtmosphere Name:SkyAtmosphere_0 Label:SkyAtmosphere SpatiallyLoaded:0 Bounds:IsValid=true, Min=(X=0.000 Y=0.000 Z=1020.000), Max=(X=0.000 Y=0.000 Z=1020.000) RuntimeGrid:None EditorOnly:0 RuntimeOnly:0 HLODRelevant:0 FolderPath:Lighting FolderGuid:963EC3EB4002CCE9759E2EBA541A873A
 |   |   |- Guid:06D60646400CC22EEA5C4E8DBC5F6E3B BaseClass: NativeClass:/Script/Engine.DirectionalLight Name:DirectionalLight_0 Label:DirectionalLight SpatiallyLoaded:0 Bounds:IsValid=true, Min=(X=-4398046511104.000 Y=-4398046511104.000 Z=-4398046511104.000), Max=(X=4398046511104.000 Y=4398046511104.000 Z=4398046511104.000) RuntimeGrid:None EditorOnly:0 RuntimeOnly:0 HLODRelevant:0 FolderPath:Lighting FolderGuid:963EC3EB4002CCE9759E2EBA541A873A
 |   |   |- Guid:0DD1CAD14C446114EE7243908106530A BaseClass: NativeClass:/Script/Engine.StaticMeshActor Name:StaticMeshActor_UAID_0068EBB8471CA8B101_2074913701 Label:BT_Car9 SpatiallyLoaded:1 Bounds:IsValid=true, Min=(X=2624.160 Y=-438.185 Z=9.203), Max=(X=2974.160 Y=-256.375 Z=136.553) RuntimeGrid:None EditorOnly:0 RuntimeOnly:0 HLODRelevant:1
 |   |   |- Guid:1140668F43AB3B98CDCAD0B41D3FBB35 BaseClass: NativeClass:/Script/Engine.StaticMeshActor Name:StaticMeshActor_UAID_0068EBB8471CA8B101_2090511712 Label:BT_Scafolding15 SpatiallyLoaded:1 Bounds:IsValid=true, Min=(X=2611.964 Y=-456.758 Z=324.070), Max=(X=2977.948 Y=-231.397 Z=494.416) RuntimeGrid:None EditorOnly:0 RuntimeOnly:0 HLODRelevant:1
 |   |   |- Guid:13D30B9C4F1024510493B6A0793923D9 BaseClass: NativeClass:/Script/Engine.StaticMeshActor Name:StaticMeshActor_UAID_0068EBB8471CA8B101_2067044699 Label:BT_Car8 SpatiallyLoaded:1 Bounds:IsValid=true, Min=(X=2997.755 Y=-438.185 Z=171.898), Max=(X=3347.755 Y=-256.375 Z=299.248) RuntimeGrid:None EditorOnly:0 RuntimeOnly:0 HLODRelevant:1
 |   |   |- Guid:14EB5A254210271E4BB20FB755C6FB2F BaseClass: NativeClass:/Script/Engine.StaticMeshActor Name:StaticMeshActor_UAID_0068EBB8471CA8B101_1236073687 Label:BT_Car SpatiallyLoaded:1 Bounds:IsValid=true, Min=(X=3129.322 Y=765.835 Z=9.203), Max=(X=3311.131 Y=1115.835 Z=136.553) RuntimeGrid:None EditorOnly:0 RuntimeOnly:0 HLODRelevant:1
 |   |   |- Guid:166D16FA4BC12040995811A54488CCAA BaseClass: NativeClass:/Script/Engine.StaticMeshActor Name:StaticMeshActor_UAID_0068EBB8471CA8B101_2044205693 Label:BT_Car4 SpatiallyLoaded:1 Bounds:IsValid=true, Min=(X=3022.234 Y=743.816 Z=139.488), Max=(X=3403.064 Y=1128.796 Z=328.154) RuntimeGrid:None EditorOnly:0 RuntimeOnly:0 HLODRelevant:1
 |   |   |- Guid:2050F88D4DB88745DA976497F46986F2 BaseClass: NativeClass:/Script/Engine.StaticMeshActor Name:StaticMeshActor_UAID_0068EBB8471CA9B101_1496643931 Label:BT_Car21 SpatiallyLoaded:1 Bounds:IsValid=true, Min=(X=1103.241 Y=-511.473 Z=171.898), Max=(X=1497.255 Y=-179.021 Z=299.248) RuntimeGrid:None EditorOnly:0 RuntimeOnly:0 HLODRelevant:1
 |   |   |- Guid:207FC06A4DF63E58190E3AB787794D3D BaseClass: NativeClass:/Script/Engine.TextRenderActor Name:TextRenderActor_1 Label:TextRenderActor SpatiallyLoaded:1 Bounds:IsValid=true, Min=(X=-0.100 Y=107.266 Z=167.982), Max=(X=-0.100 Y=886.113 Z=317.982) RuntimeGrid:None EditorOnly:0 RuntimeOnly:0 HLODRelevant:0
 |   |   |- Guid:235C5D97458E80E97653BE9DE7566140 BaseClass: NativeClass:/Script/Engine.SkyLight Name:SkyLight_1 Label:SkyLight SpatiallyLoaded:0 Bounds:IsValid=true, Min=(X=0.000 Y=0.000 Z=690.000), Max=(X=0.000 Y=0.000 Z=690.000) RuntimeGrid:None EditorOnly:0 RuntimeOnly:0 HLODRelevant:0 FolderPath:Lighting FolderGuid:963EC3EB4002CCE9759E2EBA541A873A
 |   |   |- Guid:31DD0AD84AAA1FBCFA176F88DD594E78 BaseClass: NativeClass:/Script/Engine.StaticMeshActor Name:StaticMeshActor_UAID_0068EBB8471CA8B101_1202646683 Label:SM_Cube11 SpatiallyLoaded:1 Bounds:IsValid=true, Min=(X=3443.626 Y=127.014 Z=58.644), Max=(X=3568.626 Y=1134.069 Z=108.644) RuntimeGrid:None EditorOnly:0 RuntimeOnly:0 HLODRelevant:1 FolderPath:Playground FolderGuid:C73F09FC4215536B1DCE2A9E0A830C70
 |   |   |- Guid:433F050B49F18DE13FEC529FFCA022B5 BaseClass: NativeClass:/Script/Engine.StaticMeshActor Name:StaticMeshActor_UAID_0068EBB8471CA9B101_1496641928 Label:BT_Scafolding20 SpatiallyLoaded:1 Bounds:IsValid=true, Min=(X=1116.314 Y=-456.758 Z=-1.039), Max=(X=1482.298 Y=-231.397 Z=169.307) RuntimeGrid:None EditorOnly:0 RuntimeOnly:0 HLODRelevant:1
 |   |   |- Guid:46A0CBC948D49440AE4A0D82704A4C46 BaseClass: NativeClass:/Script/Engine.WorldDataLayers Name:WorldDataLayers Label:WorldDataLayers SpatiallyLoaded:0 Bounds:IsValid=true, Min=(X=0.000 Y=0.000 Z=0.000), Max=(X=0.000 Y=0.000 Z=0.000) RuntimeGrid:None EditorOnly:0 RuntimeOnly:0 HLODRelevant:0
 |   |   |- Guid:4F5F6F2E40353CEF105FB58ED9E6F934 BaseClass: NativeClass:/Script/Engine.StaticMeshActor Name:StaticMeshActor_UAID_0068EBB8471CA8B101_2044206694 Label:BT_Car5 SpatiallyLoaded:1 Bounds:IsValid=true, Min=(X=3129.322 Y=380.999 Z=171.898), Max=(X=3311.131 Y=730.999 Z=299.248) RuntimeGrid:None EditorOnly:0 RuntimeOnly:0 HLODRelevant:1
 |   |   |- Guid:4FAA59DB472321ABADC5FCAADC0BDFD6 BaseClass: NativeClass:/Script/Engine.StaticMeshActor Name:StaticMeshActor_UAID_0068EBB8471CA8B101_2078325706 Label:BT_Scafolding12 SpatiallyLoaded:1 Bounds:IsValid=true, Min=(X=2239.261 Y=-456.758 Z=161.656), Max=(X=2605.245 Y=-231.397 Z=332.002) RuntimeGrid:None EditorOnly:0 RuntimeOnly:0 HLODRelevant:1
 |   |   |- Guid:528717C141DA0CA4C74C79A938FD1AD3 BaseClass: NativeClass:/Script/Engine.StaticMeshActor Name:StaticMeshActor_UAID_0068EBB8471CA8B101_2090509709 Label:BT_Car13 SpatiallyLoaded:1 Bounds:IsValid=true, Min=(X=2997.755 Y=-438.185 Z=334.312), Max=(X=3347.755 Y=-256.375 Z=461.662) RuntimeGrid:None EditorOnly:0 RuntimeOnly:0 HLODRelevant:1
 |   |   |- Guid:53017A644A43579643569EA19D370D08 BaseClass: NativeClass:/Script/Engine.StaticMeshActor Name:StaticMeshActor_UAID_0068EBB8471CA8B101_2078323704 Label:BT_Scafolding11 SpatiallyLoaded:1 Bounds:IsValid=true, Min=(X=2239.261 Y=-456.758 Z=-1.039), Max=(X=2605.245 Y=-231.397 Z=169.307) RuntimeGrid:None EditorOnly:0 RuntimeOnly:0 HLODRelevant:1
 |   |   |- Guid:536E7391450A2D740D324FA45B181F8C BaseClass: NativeClass:/Script/Engine.StaticMeshActor Name:StaticMeshActor_UAID_0068EBB8471CA7B101_2072473496 Label:SM_Cube4 SpatiallyLoaded:1 Bounds:IsValid=true, Min=(X=2541.223 Y=1107.958 Z=17.048), Max=(X=2866.729 Y=1132.958 Z=74.662) RuntimeGrid:None EditorOnly:0 RuntimeOnly:0 HLODRelevant:1 FolderPath:Playground FolderGuid:C73F09FC4215536B1DCE2A9E0A830C70
 |   |   |- Guid:55AA1C354C4DDF8A2F98DCB1D9200B80 BaseClass: NativeClass:/Script/Engine.StaticMeshActor Name:StaticMeshActor_UAID_0068EBB8471CA9B101_1496638922 Label:BT_Scafolding16 SpatiallyLoaded:1 Bounds:IsValid=true, Min=(X=1862.612 Y=-456.758 Z=161.656), Max=(X=2228.596 Y=-231.397 Z=332.002) RuntimeGrid:None EditorOnly:0 RuntimeOnly:0 HLODRelevant:1
 |   |   |- Guid:57B956AF47612D5641DAF9856EA30FA1 BaseClass: NativeClass:/Script/Engine.StaticMeshActor Name:StaticMeshActor_UAID_0068EBB8471CA9B101_1496639925 Label:BT_Car18 SpatiallyLoaded:1 Bounds:IsValid=true, Min=(X=1501.214 Y=-438.185 Z=9.203), Max=(X=1851.214 Y=-256.375 Z=136.553) RuntimeGrid:None EditorOnly:0 RuntimeOnly:0 HLODRelevant:1
 |   |   |- Guid:5994E2A149D2D0758E0B42924F7BED80 BaseClass: NativeClass:/Script/Engine.StaticMeshActor Name:StaticMeshActor_UAID_0068EBB8471CA9B101_1512602932 Label:BT_Car22 SpatiallyLoaded:1 Bounds:IsValid=true, Min=(X=2446.254 Y=-48.715 Z=-4.953), Max=(X=2839.075 Y=301.293 Z=132.919) RuntimeGrid:None EditorOnly:0 RuntimeOnly:0 HLODRelevant:1
 |   |   |- Guid:5AF1CCA4418AB7709D184C900962AAC7 BaseClass: NativeClass:/Script/Engine.StaticMeshActor Name:StaticMeshActor_UAID_0068EBB8471CA8B101_2090512713 Label:BT_Car15 SpatiallyLoaded:1 Bounds:IsValid=true, Min=(X=2655.079 Y=-550.422 Z=270.553), Max=(X=2945.632 Y=-139.376 Z=523.979) RuntimeGrid:None EditorOnly:0 RuntimeOnly:0 HLODRelevant:1
 |   |   |- Guid:64E5D2C94B2C76EB116989A03182BACA BaseClass: NativeClass:/Script/Engine.StaticMeshActor Name:StaticMeshActor_UAID_0068EBB8471CA8B101_2078325707 Label:BT_Car12 SpatiallyLoaded:1 Bounds:IsValid=true, Min=(X=2226.188 Y=-511.473 Z=171.898), Max=(X=2620.202 Y=-179.021 Z=299.248) RuntimeGrid:None EditorOnly:0 RuntimeOnly:0 HLODRelevant:1
 |   |   |- Guid:669E3767479D9ED99D6216B2A93580F0 BaseClass: NativeClass:/Script/Engine.PostProcessVolume Name:PostProcessVolume_0 Label:PostProcessVolume SpatiallyLoaded:0 Bounds:IsValid=true, Min=(X=0.000 Y=0.000 Z=400.000), Max=(X=200.000 Y=200.000 Z=600.000) RuntimeGrid:None EditorOnly:0 RuntimeOnly:0 HLODRelevant:0 FolderPath:Lighting FolderGuid:963EC3EB4002CCE9759E2EBA541A873A
 |   |   |- Guid:67D16EC7489562290EB4C790A0098D60 BaseClass: NativeClass:/Script/Engine.StaticMeshActor Name:StaticMeshActor_UAID_0068EBB8471CA7B101_1955525493 Label:SM_Cube3 SpatiallyLoaded:1 Bounds:IsValid=true, Min=(X=2561.570 Y=1134.069 Z=17.048), Max=(X=3568.626 Y=1259.069 Z=67.048) RuntimeGrid:None EditorOnly:0 RuntimeOnly:0 HLODRelevant:1 FolderPath:Playground FolderGuid:C73F09FC4215536B1DCE2A9E0A830C70
 |   |   |- Guid:6D2730BB4313ED065D718184E6E9DDD7 BaseClass: NativeClass:/Script/Engine.StaticMeshActor Name:StaticMeshActor_UAID_0068EBB8471CA7B101_2091404497 Label:SM_Cube6 SpatiallyLoaded:1 Bounds:IsValid=true, Min=(X=2541.223 Y=1260.701 Z=17.048), Max=(X=2866.729 Y=1285.701 Z=74.662) RuntimeGrid:None EditorOnly:0 RuntimeOnly:0 HLODRelevant:1 FolderPath:Playground FolderGuid:C73F09FC4215536B1DCE2A9E0A830C70
 |   |   |- Guid:6D50F7524D0AA19D49348AA78CFD751D BaseClass: NativeClass:/Script/Engine.StaticMeshActor Name:StaticMeshActor_UAID_0068EBB8471CA8B101_1212791684 Label:BT_Scafolding SpatiallyLoaded:1 Bounds:IsValid=true, Min=(X=3104.344 Y=747.171 Z=-1.039), Max=(X=3329.704 Y=1113.155 Z=169.307) RuntimeGrid:None EditorOnly:0 RuntimeOnly:0 HLODRelevant:1
 |   |   |- Guid:71EEFF6841F69B697EC3D7A9BCC6A25B BaseClass: NativeClass:/Script/Engine.StaticMeshActor Name:StaticMeshActor_UAID_0068EBB8471CA8B101_1227766685 Label:BT_Scafolding2 SpatiallyLoaded:1 Bounds:IsValid=true, Min=(X=3104.344 Y=376.642 Z=-1.039), Max=(X=3329.704 Y=742.626 Z=169.307) RuntimeGrid:None EditorOnly:0 RuntimeOnly:0 HLODRelevant:1
 |   |   |- Guid:7368DD2A4A2C81DA9967A381B83BFE2A BaseClass: NativeClass:/Script/Engine.StaticMeshActor Name:StaticMeshActor_UAID_0068EBB8471CA8B101_2036100688 Label:BT_Car2 SpatiallyLoaded:1 Bounds:IsValid=true, Min=(X=3129.322 Y=380.999 Z=9.203), Max=(X=3311.131 Y=730.999 Z=136.553) RuntimeGrid:None EditorOnly:0 RuntimeOnly:0 HLODRelevant:1
 |   |   |- Guid:74D87F524620F7C7C3BA37B4AE4942A8 BaseClass: NativeClass:/Script/Engine.StaticMeshActor Name:StaticMeshActor_UAID_0068EBB8471CA9B101_1470971919 Label:Combined4 SpatiallyLoaded:1 Bounds:IsValid=true, Min=(X=1892.707 Y=367.695 Z=0.000), Max=(X=2195.927 Y=377.956 Z=239.960) RuntimeGrid:None EditorOnly:0 RuntimeOnly:0 HLODRelevant:0
 |   |   |- Guid:771CA6BB4B10EB6F67E2DF8846D0DD7A BaseClass: NativeClass:/Script/Engine.ExponentialHeightFog Name:ExponentialHeightFog_0 Label:ExponentialHeightFog SpatiallyLoaded:0 Bounds:IsValid=true, Min=(X=-5600.000 Y=-50.000 Z=-6850.000), Max=(X=-5600.000 Y=-50.000 Z=-6850.000) RuntimeGrid:None EditorOnly:0 RuntimeOnly:0 HLODRelevant:0 FolderPath:Lighting FolderGuid:963EC3EB4002CCE9759E2EBA541A873A
 |   |   |- Guid:7C59A36B4337A78307C404B076351D3D BaseClass: NativeClass:/Script/Engine.StaticMeshActor Name:StaticMeshActor_UAID_0068EBB8471CA8B101_2044203690 Label:BT_Scafolding4 SpatiallyLoaded:1 Bounds:IsValid=true, Min=(X=3104.344 Y=747.171 Z=161.656), Max=(X=3329.704 Y=1113.155 Z=332.002) RuntimeGrid:None EditorOnly:0 RuntimeOnly:0 HLODRelevant:1
 |   |   |- Guid:7C64DF1749CD595EE034458F27F18BAD BaseClass: NativeClass:/Script/Engine.StaticMeshActor Name:StaticMeshActor_UAID_0068EBB8471CA8B101_2074912700 Label:BT_Scafolding9 SpatiallyLoaded:1 Bounds:IsValid=true, Min=(X=2611.964 Y=-456.758 Z=-1.039), Max=(X=2977.948 Y=-231.397 Z=169.307) RuntimeGrid:None EditorOnly:0 RuntimeOnly:0 HLODRelevant:1
 |   |   |- Guid:7DA9799540CEA27100649587B43F2E98 BaseClass: NativeClass:/Script/Engine.StaticMeshActor Name:StaticMeshActor_UAID_0068EBB8471CA9B101_1605730934 Label:Combined5 SpatiallyLoaded:1 Bounds:IsValid=true, Min=(X=3341.195 Y=180.037 Z=0.000), Max=(X=3353.078 Y=483.305 Z=239.960) RuntimeGrid:None EditorOnly:0 RuntimeOnly:0 HLODRelevant:0
 |   |   |- Guid:7DEE075E4BCC4ADBEF526AB9A8779C10 BaseClass: NativeClass:/Script/Engine.StaticMeshActor Name:StaticMeshActor_UAID_0068EBB8471CA9B101_1496638923 Label:BT_Car16 SpatiallyLoaded:1 Bounds:IsValid=true, Min=(X=1874.808 Y=-438.185 Z=171.898), Max=(X=2224.808 Y=-256.375 Z=299.248) RuntimeGrid:None EditorOnly:0 RuntimeOnly:0 HLODRelevant:1
 |   |   |- Guid:7F8EBA2044C8C6D6155F90B4E0A095FA BaseClass: NativeClass:/Script/Engine.StaticMeshActor Name:StaticMeshActor_UAID_0068EBB8471CA8B101_2078324705 Label:BT_Car11 SpatiallyLoaded:1 Bounds:IsValid=true, Min=(X=2251.457 Y=-438.185 Z=9.203), Max=(X=2601.457 Y=-256.375 Z=136.553) RuntimeGrid:None EditorOnly:0 RuntimeOnly:0 HLODRelevant:1
 |   |   |- Guid:7FA04DE945F8197274E8D2BF8DFC5AA7 BaseClass: NativeClass:/Script/Engine.StaticMeshActor Name:StaticMeshActor_0 Label:SM_Cube5 SpatiallyLoaded:1 Bounds:IsValid=true, Min=(X=-0.000 Y=100.000 Z=0.000), Max=(X=100.000 Y=3400.000 Z=400.000) RuntimeGrid:None EditorOnly:0 RuntimeOnly:0 HLODRelevant:1 FolderPath:Playground FolderGuid:C73F09FC4215536B1DCE2A9E0A830C70
 |   |   |- Guid:874A4CC84D29BC8D998C758A25CB8848 BaseClass: NativeClass:/Script/Engine.StaticMeshActor Name:StaticMeshActor_UAID_0068EBB8471CA8B101_2039291689 Label:BT_Car3 SpatiallyLoaded:1 Bounds:IsValid=true, Min=(X=3129.322 Y=18.357 Z=9.203), Max=(X=3311.131 Y=368.357 Z=136.553) RuntimeGrid:None EditorOnly:0 RuntimeOnly:0 HLODRelevant:1
 |   |   |- Guid:8820DF904AB3C9B00BD39EA176A715F0 BaseClass: NativeClass:/Script/Engine.StaticMeshActor Name:StaticMeshActor_UAID_0068EBB8471CA9B101_1496640926 Label:BT_Scafolding19 SpatiallyLoaded:1 Bounds:IsValid=true, Min=(X=1489.017 Y=-456.758 Z=161.656), Max=(X=1855.001 Y=-231.397 Z=332.002) RuntimeGrid:None EditorOnly:0 RuntimeOnly:0 HLODRelevant:1
 |   |   |- Guid:97A8CDAD42B1A56D91D737ADE3204D9C BaseClass: NativeClass:/Script/Engine.StaticMeshActor Name:StaticMeshActor_UAID_0068EBB8471CA9B101_1418189916 Label:Combined SpatiallyLoaded:1 Bounds:IsValid=true, Min=(X=2802.489 Y=367.695 Z=0.000), Max=(X=3105.709 Y=377.956 Z=239.960) RuntimeGrid:None EditorOnly:0 RuntimeOnly:0 HLODRelevant:0
 |   |   |- Guid:9EBE3BA948702BF6398656A866049FE6 BaseClass: NativeClass:/Script/Engine.StaticMeshActor Name:StaticMeshActor_UAID_0068EBB8471CA8B101_2067043697 Label:BT_Car7 SpatiallyLoaded:1 Bounds:IsValid=true, Min=(X=3028.674 Y=-497.504 Z=-14.555), Max=(X=3319.226 Y=-106.429 Z=112.795) RuntimeGrid:None EditorOnly:0 RuntimeOnly:0 HLODRelevant:1
 |   |   |- Guid:9FAF17DD42ECAB0150357EBF035A997D BaseClass: NativeClass:/Script/Engine.StaticMeshActor Name:StaticMeshActor_UAID_0068EBB8471CA8B101_2090513716 Label:BT_Scafolding17 SpatiallyLoaded:1 Bounds:IsValid=true, Min=(X=2239.261 Y=-456.758 Z=324.070), Max=(X=2605.245 Y=-231.397 Z=494.416) RuntimeGrid:None EditorOnly:0 RuntimeOnly:0 HLODRelevant:1
 |   |   |- Guid:A2883A0B4938CA308547148625C0F9D0 BaseClass: NativeClass:/Script/Engine.StaticMeshActor Name:StaticMeshActor_UAID_0068EBB8471CA9B101_1470970918 Label:Combined3 SpatiallyLoaded:1 Bounds:IsValid=true, Min=(X=2195.681 Y=367.695 Z=0.000), Max=(X=2498.901 Y=377.956 Z=239.960) RuntimeGrid:None EditorOnly:0 RuntimeOnly:0 HLODRelevant:0
 |   |   |- Guid:A827CDA841BC1527594309BDE426E708 BaseClass: NativeClass:/Script/Engine.StaticMeshActor Name:StaticMeshActor_UAID_0068EBB8471CA8B101_2067044698 Label:BT_Scafolding8 SpatiallyLoaded:1 Bounds:IsValid=true, Min=(X=2985.558 Y=-456.758 Z=161.656), Max=(X=3351.542 Y=-231.397 Z=332.002) RuntimeGrid:None EditorOnly:0 RuntimeOnly:0 HLODRelevant:1
 |   |   |- Guid:A8CD2C3B467E882BC89A77809AB94E4B BaseClass: NativeClass:/Script/Engine.StaticMeshActor Name:StaticMeshActor_UAID_0068EBB8471CA9B101_1624242935 Label:Combined6 SpatiallyLoaded:1 Bounds:IsValid=true, Min=(X=3341.195 Y=481.172 Z=0.000), Max=(X=3353.078 Y=784.440 Z=239.960) RuntimeGrid:None EditorOnly:0 RuntimeOnly:0 HLODRelevant:0
 |   |   |- Guid:AA21D95946A390BD218C2BBC86CC043E BaseClass: NativeClass:/Script/Engine.StaticMeshActor Name:StaticMeshActor_UAID_0068EBB8471CA9B101_1465347917 Label:Combined2 SpatiallyLoaded:1 Bounds:IsValid=true, Min=(X=2499.514 Y=367.695 Z=0.000), Max=(X=2802.734 Y=377.956 Z=239.960) RuntimeGrid:None EditorOnly:0 RuntimeOnly:0 HLODRelevant:0
 |   |   |- Guid:AA3D9E6D424B2AE529C687A22EA4819D BaseClass: NativeClass:/Script/Engine.StaticMeshActor Name:StaticMeshActor_UAID_0068EBB8471CA8B101_2044205692 Label:BT_Scafolding6 SpatiallyLoaded:1 Bounds:IsValid=true, Min=(X=3104.344 Y=6.160 Z=161.656), Max=(X=3329.704 Y=372.144 Z=332.002) RuntimeGrid:None EditorOnly:0 RuntimeOnly:0 HLODRelevant:1
 |   |   |- Guid:AA5DDE104C8BDE2AD1A7C9B809F989BF BaseClass: NativeClass:/Script/Engine.StaticMeshActor Name:StaticMeshActor_UAID_0068EBB8471CA8B101_2044206695 Label:BT_Car6 SpatiallyLoaded:1 Bounds:IsValid=true, Min=(X=3129.322 Y=18.357 Z=171.898), Max=(X=3311.131 Y=368.357 Z=299.248) RuntimeGrid:None EditorOnly:0 RuntimeOnly:0 HLODRelevant:1
 |   |   |- Guid:AC05CDEE49A0D6D07DD2A6BC711518C4 BaseClass: NativeClass:/Script/Engine.StaticMeshActor Name:StaticMeshActor_UAID_0068EBB8471CA9B101_1496636920 Label:BT_Scafolding14 SpatiallyLoaded:1 Bounds:IsValid=true, Min=(X=1862.612 Y=-456.758 Z=-1.039), Max=(X=2228.596 Y=-231.397 Z=169.307) RuntimeGrid:None EditorOnly:0 RuntimeOnly:0 HLODRelevant:1
 |   |   |- Guid:B70029AA4434097F25A516A16E6EED6D BaseClass: NativeClass:/Script/Engine.StaticMeshActor Name:StaticMeshActor_UAID_0068EBB8471CA9B101_1496637921 Label:BT_Car14 SpatiallyLoaded:1 Bounds:IsValid=true, Min=(X=1867.045 Y=-83.530 Z=2.886), Max=(X=2223.257 Y=305.262 Z=130.235) RuntimeGrid:None EditorOnly:0 RuntimeOnly:0 HLODRelevant:1
 |   |   |- Guid:BAF0E89740B88611F39E26BCCCFEB761 BaseClass: NativeClass:/Script/Engine.StaticMeshActor Name:StaticMeshActor_UAID_0068EBB8471CA9B101_1496639924 Label:BT_Scafolding18 SpatiallyLoaded:1 Bounds:IsValid=true, Min=(X=1489.017 Y=-456.758 Z=-1.039), Max=(X=1855.001 Y=-231.397 Z=169.307) RuntimeGrid:None EditorOnly:0 RuntimeOnly:0 HLODRelevant:1
 |   |   |- Guid:BB166AA64622BD29523875910C34AE46 BaseClass: NativeClass:/Script/Engine.StaticMeshActor Name:StaticMeshActor_UAID_0068EBB8471CA7B101_2100223498 Label:SM_Cube7 SpatiallyLoaded:1 Bounds:IsValid=true, Min=(X=2866.093 Y=1113.438 Z=17.048), Max=(X=3416.093 Y=1127.537 Z=195.874) RuntimeGrid:None EditorOnly:0 RuntimeOnly:0 HLODRelevant:1 FolderPath:Playground FolderGuid:C73F09FC4215536B1DCE2A9E0A830C70
 |   |   |- Guid:BBDC665542BFABAA21219E880DA19825 BaseClass: NativeClass:/Script/Engine.StaticMeshActor Name:StaticMeshActor_UAID_A4AE111137DC5EFB00_1110535423 Label:SM_SkySphere SpatiallyLoaded:0 Bounds:IsValid=true, Min=(X=-1638400.000 Y=-1638400.000 Z=-1638400.000), Max=(X=1638400.000 Y=1638400.000 Z=1638400.000) RuntimeGrid:None EditorOnly:0 RuntimeOnly:0 HLODRelevant:1 FolderPath:Lighting FolderGuid:963EC3EB4002CCE9759E2EBA541A873A
 |   |   |- Guid:C136210446D7414E5AFF4AA75E882147 BaseClass: NativeClass:/Script/Engine.StaticMeshActor Name:StaticMeshActor_UAID_0068EBB8471CA8B101_2067042696 Label:BT_Scafolding7 SpatiallyLoaded:1 Bounds:IsValid=true, Min=(X=2985.558 Y=-456.758 Z=-1.039), Max=(X=3351.542 Y=-231.397 Z=169.307) RuntimeGrid:None EditorOnly:0 RuntimeOnly:0 HLODRelevant:1
 |   |   |- Guid:C74C890440C17556F04ED6927933F443 BaseClass: NativeClass:/Script/Engine.StaticMeshActor Name:StaticMeshActor_UAID_0068EBB8471CA9B101_1705271938 Label:BT_Telephonepole2 SpatiallyLoaded:1 Bounds:IsValid=true, Min=(X=1837.191 Y=198.905 Z=-18.275), Max=(X=1928.732 Y=479.334 Z=683.135) RuntimeGrid:None EditorOnly:0 RuntimeOnly:0 HLODRelevant:1
 |   |   |- Guid:D08DE4EC423863B716674BBA3333E53B BaseClass: NativeClass:/Script/Engine.StaticMeshActor Name:StaticMeshActor_1 Label:SM_Cube SpatiallyLoaded:1 Bounds:IsValid=true, Min=(X=0.000 Y=-596.790 Z=-50.000), Max=(X=4000.000 Y=3403.210 Z=0.000) RuntimeGrid:None EditorOnly:0 RuntimeOnly:0 HLODRelevant:1 FolderPath:Playground FolderGuid:C73F09FC4215536B1DCE2A9E0A830C70
 |   |   |- Guid:D6F0CEE94B442429E16CA4A70B848171 BaseClass: NativeClass:/Script/Engine.StaticMeshActor Name:StaticMeshActor_UAID_0068EBB8471CA8B101_1230736686 Label:BT_Scafolding3 SpatiallyLoaded:1 Bounds:IsValid=true, Min=(X=3104.344 Y=6.160 Z=-1.039), Max=(X=3329.704 Y=372.144 Z=169.307) RuntimeGrid:None EditorOnly:0 RuntimeOnly:0 HLODRelevant:1
 |   |   |- Guid:DB751FAA4282863CDB409685FBA1AD9E BaseClass: NativeClass:/Script/Engine.StaticMeshActor Name:StaticMeshActor_UAID_0068EBB8471CA9B101_1496641929 Label:BT_Car20 SpatiallyLoaded:1 Bounds:IsValid=true, Min=(X=1128.510 Y=-438.185 Z=9.203), Max=(X=1478.510 Y=-256.375 Z=136.553) RuntimeGrid:None EditorOnly:0 RuntimeOnly:0 HLODRelevant:1
 |   |   |- Guid:DBF5C83E450371D98FD540BC38299191 BaseClass: NativeClass:/Script/Engine.StaticMeshActor Name:StaticMeshActor_UAID_0068EBB8471CA8B101_2090514717 Label:BT_Car17 SpatiallyLoaded:1 Bounds:IsValid=true, Min=(X=2251.457 Y=-438.185 Z=334.312), Max=(X=2601.457 Y=-256.375 Z=461.662) RuntimeGrid:None EditorOnly:0 RuntimeOnly:0 HLODRelevant:1
 |   |   |- Guid:E28E9D6B40CC5A3ABFD017B7B76F2CB5 BaseClass: NativeClass:/Script/Engine.VolumetricCloud Name:VolumetricCloud_0 Label:VolumetricCloud SpatiallyLoaded:0 Bounds:IsValid=true, Min=(X=0.000 Y=0.000 Z=820.000), Max=(X=0.000 Y=0.000 Z=820.000) RuntimeGrid:None EditorOnly:0 RuntimeOnly:0 HLODRelevant:0 FolderPath:Lighting FolderGuid:963EC3EB4002CCE9759E2EBA541A873A
 |   |   |- Guid:E2C0A37F4CBA74FC466D079A7F293D08 BaseClass: NativeClass:/Script/Engine.StaticMeshActor Name:StaticMeshActor_UAID_0068EBB8471CA9B101_1496642930 Label:BT_Scafolding21 SpatiallyLoaded:1 Bounds:IsValid=true, Min=(X=1116.314 Y=-456.758 Z=161.656), Max=(X=1482.298 Y=-231.397 Z=332.002) RuntimeGrid:None EditorOnly:0 RuntimeOnly:0 HLODRelevant:1
 |   |   |- Guid:E31B275340A6124EFAF81094A31CD060 BaseClass: NativeClass:/Script/Engine.StaticMeshActor Name:StaticMeshActor_UAID_0068EBB8471CA8B101_2074914702 Label:BT_Scafolding10 SpatiallyLoaded:1 Bounds:IsValid=true, Min=(X=2611.964 Y=-456.758 Z=161.656), Max=(X=2977.948 Y=-231.397 Z=332.002) RuntimeGrid:None EditorOnly:0 RuntimeOnly:0 HLODRelevant:1
 |   |   |- Guid:E606B2F6475BF260CAC272B4C4C01074 BaseClass: NativeClass:/Script/Engine.StaticMeshActor Name:StaticMeshActor_UAID_0068EBB8471CA8B101_2090508708 Label:BT_Scafolding13 SpatiallyLoaded:1 Bounds:IsValid=true, Min=(X=2985.558 Y=-456.758 Z=324.070), Max=(X=3351.542 Y=-231.397 Z=494.416) RuntimeGrid:None EditorOnly:0 RuntimeOnly:0 HLODRelevant:1
 |   |   |- Guid:E807D2494E38559283AF49B233ECC5A5 BaseClass: NativeClass:/Script/Engine.StaticMeshActor Name:StaticMeshActor_UAID_0068EBB8471CA9B101_1496640927 Label:BT_Car19 SpatiallyLoaded:1 Bounds:IsValid=true, Min=(X=1501.214 Y=-438.185 Z=171.898), Max=(X=1851.214 Y=-256.375 Z=299.248) RuntimeGrid:None EditorOnly:0 RuntimeOnly:0 HLODRelevant:1
 |   |   |- Guid:EB3E8F8E4EFF4A81D03D5A9D3B5D18B0 BaseClass: NativeClass:/Script/Engine.StaticMeshActor Name:StaticMeshActor_UAID_0068EBB8471CA9B101_1687282937 Label:BT_Telephonepole SpatiallyLoaded:1 Bounds:IsValid=true, Min=(X=2919.851 Y=116.475 Z=-18.276), Max=(X=3004.258 Y=397.196 Z=683.135) RuntimeGrid:None EditorOnly:0 RuntimeOnly:0 HLODRelevant:1
 |   |   |- Guid:EF19C44F42FB66E873AAA99C5DF8DE77 BaseClass: NativeClass:/Script/Engine.StaticMeshActor Name:StaticMeshActor_UAID_0068EBB8471CA9B101_1627330936 Label:Combined7 SpatiallyLoaded:1 Bounds:IsValid=true, Min=(X=3341.195 Y=784.555 Z=0.000), Max=(X=3353.078 Y=1087.823 Z=239.960) RuntimeGrid:None EditorOnly:0 RuntimeOnly:0 HLODRelevant:0
 |   |   |- Guid:EFB1F038417174EE092F288AD255E746 BaseClass: NativeClass:/Script/Engine.PlayerStart Name:PlayerStart_UAID_0068EBB8471CA9B101_1572588933 Label:PlayerStart SpatiallyLoaded:0 Bounds:IsValid=true, Min=(X=2668.850 Y=1149.345 Z=78.821), Max=(X=2769.311 Y=1249.807 Z=262.821) RuntimeGrid:None EditorOnly:0 RuntimeOnly:0 HLODRelevant:0
 |   |   |- Guid:F42503984EEBD344ED41E185B5FD27E2 BaseClass: NativeClass:/Script/Engine.StaticMeshActor Name:StaticMeshActor_5 Label:SM_Cube2 SpatiallyLoaded:1 Bounds:IsValid=true, Min=(X=0.000 Y=0.000 Z=0.000), Max=(X=1500.000 Y=100.000 Z=400.000) RuntimeGrid:None EditorOnly:0 RuntimeOnly:0 HLODRelevant:1 FolderPath:Playground FolderGuid:C73F09FC4215536B1DCE2A9E0A830C70
 |   |   |- Guid:FF9181D84FFF4C9D19AF40A6E6BA6E48 BaseClass: NativeClass:/Script/Engine.StaticMeshActor Name:StaticMeshActor_UAID_0068EBB8471CA7B101_2132441501 Label:SM_Cube10 SpatiallyLoaded:1 Bounds:IsValid=true, Min=(X=2866.093 Y=1120.619 Z=185.712), Max=(X=3416.093 Y=1272.938 Z=199.811) RuntimeGrid:None EditorOnly:0 RuntimeOnly:0 HLODRelevant:1 FolderPath:Playground FolderGuid:C73F09FC4215536B1DCE2A9E0A830C70
 |   |- [+] Clusters:
 |   |   |- [+] [  0]
 |   |   |   |- Guid:7C59A36B4337A78307C404B076351D3D BaseClass: NativeClass:/Script/Engine.StaticMeshActor Name:StaticMeshActor_UAID_0068EBB8471CA8B101_2044203690 Label:BT_Scafolding4 SpatiallyLoaded:1 Bounds:IsValid=true, Min=(X=3104.344 Y=747.171 Z=161.656), Max=(X=3329.704 Y=1113.155 Z=332.002) RuntimeGrid:None EditorOnly:0 RuntimeOnly:0 HLODRelevant:1
 |   |   |- [+] [  1]
 |   |   |   |- Guid:BBDC665542BFABAA21219E880DA19825 BaseClass: NativeClass:/Script/Engine.StaticMeshActor Name:StaticMeshActor_UAID_A4AE111137DC5EFB00_1110535423 Label:SM_SkySphere SpatiallyLoaded:0 Bounds:IsValid=true, Min=(X=-1638400.000 Y=-1638400.000 Z=-1638400.000), Max=(X=1638400.000 Y=1638400.000 Z=1638400.000) RuntimeGrid:None EditorOnly:0 RuntimeOnly:0 HLODRelevant:1 FolderPath:Lighting FolderGuid:963EC3EB4002CCE9759E2EBA541A873A
 |   |   |- [+] [  2]
 |   |   |   |- Guid:46A0CBC948D49440AE4A0D82704A4C46 BaseClass: NativeClass:/Script/Engine.WorldDataLayers Name:WorldDataLayers Label:WorldDataLayers SpatiallyLoaded:0 Bounds:IsValid=true, Min=(X=0.000 Y=0.000 Z=0.000), Max=(X=0.000 Y=0.000 Z=0.000) RuntimeGrid:None EditorOnly:0 RuntimeOnly:0 HLODRelevant:0
 |   |   |- [+] [  3]
 |   |   |   |- Guid:D08DE4EC423863B716674BBA3333E53B BaseClass: NativeClass:/Script/Engine.StaticMeshActor Name:StaticMeshActor_1 Label:SM_Cube SpatiallyLoaded:1 Bounds:IsValid=true, Min=(X=0.000 Y=-596.790 Z=-50.000), Max=(X=4000.000 Y=3403.210 Z=0.000) RuntimeGrid:None EditorOnly:0 RuntimeOnly:0 HLODRelevant:1 FolderPath:Playground FolderGuid:C73F09FC4215536B1DCE2A9E0A830C70
 |   |   |- [+] [  4]
 |   |   |   |- Guid:874A4CC84D29BC8D998C758A25CB8848 BaseClass: NativeClass:/Script/Engine.StaticMeshActor Name:StaticMeshActor_UAID_0068EBB8471CA8B101_2039291689 Label:BT_Car3 SpatiallyLoaded:1 Bounds:IsValid=true, Min=(X=3129.322 Y=18.357 Z=9.203), Max=(X=3311.131 Y=368.357 Z=136.553) RuntimeGrid:None EditorOnly:0 RuntimeOnly:0 HLODRelevant:1
 |   |   |- [+] [  5]
 |   |   |   |- Guid:7368DD2A4A2C81DA9967A381B83BFE2A BaseClass: NativeClass:/Script/Engine.StaticMeshActor Name:StaticMeshActor_UAID_0068EBB8471CA8B101_2036100688 Label:BT_Car2 SpatiallyLoaded:1 Bounds:IsValid=true, Min=(X=3129.322 Y=380.999 Z=9.203), Max=(X=3311.131 Y=730.999 Z=136.553) RuntimeGrid:None EditorOnly:0 RuntimeOnly:0 HLODRelevant:1
 |   |   |- [+] [  6]
 |   |   |   |- Guid:D6F0CEE94B442429E16CA4A70B848171 BaseClass: NativeClass:/Script/Engine.StaticMeshActor Name:StaticMeshActor_UAID_0068EBB8471CA8B101_1230736686 Label:BT_Scafolding3 SpatiallyLoaded:1 Bounds:IsValid=true, Min=(X=3104.344 Y=6.160 Z=-1.039), Max=(X=3329.704 Y=372.144 Z=169.307) RuntimeGrid:None EditorOnly:0 RuntimeOnly:0 HLODRelevant:1
 |   |   |- [+] [  7]
 |   |   |   |- Guid:71EEFF6841F69B697EC3D7A9BCC6A25B BaseClass: NativeClass:/Script/Engine.StaticMeshActor Name:StaticMeshActor_UAID_0068EBB8471CA8B101_1227766685 Label:BT_Scafolding2 SpatiallyLoaded:1 Bounds:IsValid=true, Min=(X=3104.344 Y=376.642 Z=-1.039), Max=(X=3329.704 Y=742.626 Z=169.307) RuntimeGrid:None EditorOnly:0 RuntimeOnly:0 HLODRelevant:1
 |   |   |- [+] [  8]
 |   |   |   |- Guid:E28E9D6B40CC5A3ABFD017B7B76F2CB5 BaseClass: NativeClass:/Script/Engine.VolumetricCloud Name:VolumetricCloud_0 Label:VolumetricCloud SpatiallyLoaded:0 Bounds:IsValid=true, Min=(X=0.000 Y=0.000 Z=820.000), Max=(X=0.000 Y=0.000 Z=820.000) RuntimeGrid:None EditorOnly:0 RuntimeOnly:0 HLODRelevant:0 FolderPath:Lighting FolderGuid:963EC3EB4002CCE9759E2EBA541A873A
 |   |   |- [+] [  9]
 |   |   |   |- Guid:6D50F7524D0AA19D49348AA78CFD751D BaseClass: NativeClass:/Script/Engine.StaticMeshActor Name:StaticMeshActor_UAID_0068EBB8471CA8B101_1212791684 Label:BT_Scafolding SpatiallyLoaded:1 Bounds:IsValid=true, Min=(X=3104.344 Y=747.171 Z=-1.039), Max=(X=3329.704 Y=1113.155 Z=169.307) RuntimeGrid:None EditorOnly:0 RuntimeOnly:0 HLODRelevant:1
 |   |   |- [+] [ 10]
 |   |   |   |- Guid:F42503984EEBD344ED41E185B5FD27E2 BaseClass: NativeClass:/Script/Engine.StaticMeshActor Name:StaticMeshActor_5 Label:SM_Cube2 SpatiallyLoaded:1 Bounds:IsValid=true, Min=(X=0.000 Y=0.000 Z=0.000), Max=(X=1500.000 Y=100.000 Z=400.000) RuntimeGrid:None EditorOnly:0 RuntimeOnly:0 HLODRelevant:1 FolderPath:Playground FolderGuid:C73F09FC4215536B1DCE2A9E0A830C70
 |   |   |- [+] [ 11]
 |   |   |   |- Guid:207FC06A4DF63E58190E3AB787794D3D BaseClass: NativeClass:/Script/Engine.TextRenderActor Name:TextRenderActor_1 Label:TextRenderActor SpatiallyLoaded:1 Bounds:IsValid=true, Min=(X=-0.100 Y=107.266 Z=167.982), Max=(X=-0.100 Y=886.113 Z=317.982) RuntimeGrid:None EditorOnly:0 RuntimeOnly:0 HLODRelevant:0
 |   |   |- [+] [ 12]
 |   |   |   |- Guid:14EB5A254210271E4BB20FB755C6FB2F BaseClass: NativeClass:/Script/Engine.StaticMeshActor Name:StaticMeshActor_UAID_0068EBB8471CA8B101_1236073687 Label:BT_Car SpatiallyLoaded:1 Bounds:IsValid=true, Min=(X=3129.322 Y=765.835 Z=9.203), Max=(X=3311.131 Y=1115.835 Z=136.553) RuntimeGrid:None EditorOnly:0 RuntimeOnly:0 HLODRelevant:1
 |   |   |- [+] [ 13]
 |   |   |   |- Guid:31DD0AD84AAA1FBCFA176F88DD594E78 BaseClass: NativeClass:/Script/Engine.StaticMeshActor Name:StaticMeshActor_UAID_0068EBB8471CA8B101_1202646683 Label:SM_Cube11 SpatiallyLoaded:1 Bounds:IsValid=true, Min=(X=3443.626 Y=127.014 Z=58.644), Max=(X=3568.626 Y=1134.069 Z=108.644) RuntimeGrid:None EditorOnly:0 RuntimeOnly:0 HLODRelevant:1 FolderPath:Playground FolderGuid:C73F09FC4215536B1DCE2A9E0A830C70
 |   |   |- [+] [ 14]
 |   |   |   |- Guid:FF9181D84FFF4C9D19AF40A6E6BA6E48 BaseClass: NativeClass:/Script/Engine.StaticMeshActor Name:StaticMeshActor_UAID_0068EBB8471CA7B101_2132441501 Label:SM_Cube10 SpatiallyLoaded:1 Bounds:IsValid=true, Min=(X=2866.093 Y=1120.619 Z=185.712), Max=(X=3416.093 Y=1272.938 Z=199.811) RuntimeGrid:None EditorOnly:0 RuntimeOnly:0 HLODRelevant:1 FolderPath:Playground FolderGuid:C73F09FC4215536B1DCE2A9E0A830C70
 |   |   |- [+] [ 15]
 |   |   |   |- Guid:7FA04DE945F8197274E8D2BF8DFC5AA7 BaseClass: NativeClass:/Script/Engine.StaticMeshActor Name:StaticMeshActor_0 Label:SM_Cube5 SpatiallyLoaded:1 Bounds:IsValid=true, Min=(X=-0.000 Y=100.000 Z=0.000), Max=(X=100.000 Y=3400.000 Z=400.000) RuntimeGrid:None EditorOnly:0 RuntimeOnly:0 HLODRelevant:1 FolderPath:Playground FolderGuid:C73F09FC4215536B1DCE2A9E0A830C70
 |   |   |- [+] [ 16]
 |   |   |   |- Guid:235C5D97458E80E97653BE9DE7566140 BaseClass: NativeClass:/Script/Engine.SkyLight Name:SkyLight_1 Label:SkyLight SpatiallyLoaded:0 Bounds:IsValid=true, Min=(X=0.000 Y=0.000 Z=690.000), Max=(X=0.000 Y=0.000 Z=690.000) RuntimeGrid:None EditorOnly:0 RuntimeOnly:0 HLODRelevant:0 FolderPath:Lighting FolderGuid:963EC3EB4002CCE9759E2EBA541A873A
 |   |   |- [+] [ 17]
 |   |   |   |- Guid:EB3E8F8E4EFF4A81D03D5A9D3B5D18B0 BaseClass: NativeClass:/Script/Engine.StaticMeshActor Name:StaticMeshActor_UAID_0068EBB8471CA9B101_1687282937 Label:BT_Telephonepole SpatiallyLoaded:1 Bounds:IsValid=true, Min=(X=2919.851 Y=116.475 Z=-18.276), Max=(X=3004.258 Y=397.196 Z=683.135) RuntimeGrid:None EditorOnly:0 RuntimeOnly:0 HLODRelevant:1
 |   |   |- [+] [ 18]
 |   |   |   |- Guid:053686164D7463AF3213CABC64DFE80E BaseClass: NativeClass:/Script/Engine.StaticMeshActor Name:StaticMeshActor_UAID_0068EBB8471CA7B101_2122207499 Label:SM_Cube8 SpatiallyLoaded:1 Bounds:IsValid=true, Min=(X=2866.093 Y=1272.938 Z=17.048), Max=(X=3416.093 Y=1287.037 Z=195.874) RuntimeGrid:None EditorOnly:0 RuntimeOnly:0 HLODRelevant:1 FolderPath:Playground FolderGuid:C73F09FC4215536B1DCE2A9E0A830C70
 |   |   |- [+] [ 19]
 |   |   |   |- Guid:BB166AA64622BD29523875910C34AE46 BaseClass: NativeClass:/Script/Engine.StaticMeshActor Name:StaticMeshActor_UAID_0068EBB8471CA7B101_2100223498 Label:SM_Cube7 SpatiallyLoaded:1 Bounds:IsValid=true, Min=(X=2866.093 Y=1113.438 Z=17.048), Max=(X=3416.093 Y=1127.537 Z=195.874) RuntimeGrid:None EditorOnly:0 RuntimeOnly:0 HLODRelevant:1 FolderPath:Playground FolderGuid:C73F09FC4215536B1DCE2A9E0A830C70
 |   |   |- [+] [ 20]
 |   |   |   |- Guid:06D60646400CC22EEA5C4E8DBC5F6E3B BaseClass: NativeClass:/Script/Engine.DirectionalLight Name:DirectionalLight_0 Label:DirectionalLight SpatiallyLoaded:0 Bounds:IsValid=true, Min=(X=-4398046511104.000 Y=-4398046511104.000 Z=-4398046511104.000), Max=(X=4398046511104.000 Y=4398046511104.000 Z=4398046511104.000) RuntimeGrid:None EditorOnly:0 RuntimeOnly:0 HLODRelevant:0 FolderPath:Lighting FolderGuid:963EC3EB4002CCE9759E2EBA541A873A
 |   |   |- [+] [ 21]
 |   |   |   |- Guid:771CA6BB4B10EB6F67E2DF8846D0DD7A BaseClass: NativeClass:/Script/Engine.ExponentialHeightFog Name:ExponentialHeightFog_0 Label:ExponentialHeightFog SpatiallyLoaded:0 Bounds:IsValid=true, Min=(X=-5600.000 Y=-50.000 Z=-6850.000), Max=(X=-5600.000 Y=-50.000 Z=-6850.000) RuntimeGrid:None EditorOnly:0 RuntimeOnly:0 HLODRelevant:0 FolderPath:Lighting FolderGuid:963EC3EB4002CCE9759E2EBA541A873A
 |   |   |- [+] [ 22]
 |   |   |   |- Guid:669E3767479D9ED99D6216B2A93580F0 BaseClass: NativeClass:/Script/Engine.PostProcessVolume Name:PostProcessVolume_0 Label:PostProcessVolume SpatiallyLoaded:0 Bounds:IsValid=true, Min=(X=0.000 Y=0.000 Z=400.000), Max=(X=200.000 Y=200.000 Z=600.000) RuntimeGrid:None EditorOnly:0 RuntimeOnly:0 HLODRelevant:0 FolderPath:Lighting FolderGuid:963EC3EB4002CCE9759E2EBA541A873A
 |   |   |- [+] [ 23]
 |   |   |   |- Guid:67D16EC7489562290EB4C790A0098D60 BaseClass: NativeClass:/Script/Engine.StaticMeshActor Name:StaticMeshActor_UAID_0068EBB8471CA7B101_1955525493 Label:SM_Cube3 SpatiallyLoaded:1 Bounds:IsValid=true, Min=(X=2561.570 Y=1134.069 Z=17.048), Max=(X=3568.626 Y=1259.069 Z=67.048) RuntimeGrid:None EditorOnly:0 RuntimeOnly:0 HLODRelevant:1 FolderPath:Playground FolderGuid:C73F09FC4215536B1DCE2A9E0A830C70
 |   |   |- [+] [ 24]
 |   |   |   |- Guid:05A4FF2D4ECC8BA4F6491092FBF9322E BaseClass: NativeClass:/Script/Engine.SkyAtmosphere Name:SkyAtmosphere_0 Label:SkyAtmosphere SpatiallyLoaded:0 Bounds:IsValid=true, Min=(X=0.000 Y=0.000 Z=1020.000), Max=(X=0.000 Y=0.000 Z=1020.000) RuntimeGrid:None EditorOnly:0 RuntimeOnly:0 HLODRelevant:0 FolderPath:Lighting FolderGuid:963EC3EB4002CCE9759E2EBA541A873A
 |   |   |- [+] [ 25]
 |   |   |   |- Guid:6D2730BB4313ED065D718184E6E9DDD7 BaseClass: NativeClass:/Script/Engine.StaticMeshActor Name:StaticMeshActor_UAID_0068EBB8471CA7B101_2091404497 Label:SM_Cube6 SpatiallyLoaded:1 Bounds:IsValid=true, Min=(X=2541.223 Y=1260.701 Z=17.048), Max=(X=2866.729 Y=1285.701 Z=74.662) RuntimeGrid:None EditorOnly:0 RuntimeOnly:0 HLODRelevant:1 FolderPath:Playground FolderGuid:C73F09FC4215536B1DCE2A9E0A830C70
 |   |   |- [+] [ 26]
 |   |   |   |- Guid:536E7391450A2D740D324FA45B181F8C BaseClass: NativeClass:/Script/Engine.StaticMeshActor Name:StaticMeshActor_UAID_0068EBB8471CA7B101_2072473496 Label:SM_Cube4 SpatiallyLoaded:1 Bounds:IsValid=true, Min=(X=2541.223 Y=1107.958 Z=17.048), Max=(X=2866.729 Y=1132.958 Z=74.662) RuntimeGrid:None EditorOnly:0 RuntimeOnly:0 HLODRelevant:1 FolderPath:Playground FolderGuid:C73F09FC4215536B1DCE2A9E0A830C70
 |   |   |- [+] [ 27]
 |   |   |   |- Guid:C74C890440C17556F04ED6927933F443 BaseClass: NativeClass:/Script/Engine.StaticMeshActor Name:StaticMeshActor_UAID_0068EBB8471CA9B101_1705271938 Label:BT_Telephonepole2 SpatiallyLoaded:1 Bounds:IsValid=true, Min=(X=1837.191 Y=198.905 Z=-18.275), Max=(X=1928.732 Y=479.334 Z=683.135) RuntimeGrid:None EditorOnly:0 RuntimeOnly:0 HLODRelevant:1
 |   |   |- [+] [ 28]
 |   |   |   |- Guid:01A6AB634DC3CDB8256E389B5056AA8C BaseClass: NativeClass:/Script/Engine.StaticMeshActor Name:StaticMeshActor_UAID_0068EBB8471CA8B101_2044204691 Label:BT_Scafolding5 SpatiallyLoaded:1 Bounds:IsValid=true, Min=(X=3104.344 Y=376.642 Z=161.656), Max=(X=3329.704 Y=742.626 Z=332.002) RuntimeGrid:None EditorOnly:0 RuntimeOnly:0 HLODRelevant:1
 |   |   |- [+] [ 29]
 |   |   |   |- Guid:AA3D9E6D424B2AE529C687A22EA4819D BaseClass: NativeClass:/Script/Engine.StaticMeshActor Name:StaticMeshActor_UAID_0068EBB8471CA8B101_2044205692 Label:BT_Scafolding6 SpatiallyLoaded:1 Bounds:IsValid=true, Min=(X=3104.344 Y=6.160 Z=161.656), Max=(X=3329.704 Y=372.144 Z=332.002) RuntimeGrid:None EditorOnly:0 RuntimeOnly:0 HLODRelevant:1
 |   |   |- [+] [ 30]
 |   |   |   |- Guid:166D16FA4BC12040995811A54488CCAA BaseClass: NativeClass:/Script/Engine.StaticMeshActor Name:StaticMeshActor_UAID_0068EBB8471CA8B101_2044205693 Label:BT_Car4 SpatiallyLoaded:1 Bounds:IsValid=true, Min=(X=3022.234 Y=743.816 Z=139.488), Max=(X=3403.064 Y=1128.796 Z=328.154) RuntimeGrid:None EditorOnly:0 RuntimeOnly:0 HLODRelevant:1
 |   |   |- [+] [ 31]
 |   |   |   |- Guid:4F5F6F2E40353CEF105FB58ED9E6F934 BaseClass: NativeClass:/Script/Engine.StaticMeshActor Name:StaticMeshActor_UAID_0068EBB8471CA8B101_2044206694 Label:BT_Car5 SpatiallyLoaded:1 Bounds:IsValid=true, Min=(X=3129.322 Y=380.999 Z=171.898), Max=(X=3311.131 Y=730.999 Z=299.248) RuntimeGrid:None EditorOnly:0 RuntimeOnly:0 HLODRelevant:1
 |   |   |- [+] [ 32]
 |   |   |   |- Guid:AA5DDE104C8BDE2AD1A7C9B809F989BF BaseClass: NativeClass:/Script/Engine.StaticMeshActor Name:StaticMeshActor_UAID_0068EBB8471CA8B101_2044206695 Label:BT_Car6 SpatiallyLoaded:1 Bounds:IsValid=true, Min=(X=3129.322 Y=18.357 Z=171.898), Max=(X=3311.131 Y=368.357 Z=299.248) RuntimeGrid:None EditorOnly:0 RuntimeOnly:0 HLODRelevant:1
 |   |   |- [+] [ 33]
 |   |   |   |- Guid:C136210446D7414E5AFF4AA75E882147 BaseClass: NativeClass:/Script/Engine.StaticMeshActor Name:StaticMeshActor_UAID_0068EBB8471CA8B101_2067042696 Label:BT_Scafolding7 SpatiallyLoaded:1 Bounds:IsValid=true, Min=(X=2985.558 Y=-456.758 Z=-1.039), Max=(X=3351.542 Y=-231.397 Z=169.307) RuntimeGrid:None EditorOnly:0 RuntimeOnly:0 HLODRelevant:1
 |   |   |- [+] [ 34]
 |   |   |   |- Guid:9EBE3BA948702BF6398656A866049FE6 BaseClass: NativeClass:/Script/Engine.StaticMeshActor Name:StaticMeshActor_UAID_0068EBB8471CA8B101_2067043697 Label:BT_Car7 SpatiallyLoaded:1 Bounds:IsValid=true, Min=(X=3028.674 Y=-497.504 Z=-14.555), Max=(X=3319.226 Y=-106.429 Z=112.795) RuntimeGrid:None EditorOnly:0 RuntimeOnly:0 HLODRelevant:1
 |   |   |- [+] [ 35]
 |   |   |   |- Guid:A827CDA841BC1527594309BDE426E708 BaseClass: NativeClass:/Script/Engine.StaticMeshActor Name:StaticMeshActor_UAID_0068EBB8471CA8B101_2067044698 Label:BT_Scafolding8 SpatiallyLoaded:1 Bounds:IsValid=true, Min=(X=2985.558 Y=-456.758 Z=161.656), Max=(X=3351.542 Y=-231.397 Z=332.002) RuntimeGrid:None EditorOnly:0 RuntimeOnly:0 HLODRelevant:1
 |   |   |- [+] [ 36]
 |   |   |   |- Guid:13D30B9C4F1024510493B6A0793923D9 BaseClass: NativeClass:/Script/Engine.StaticMeshActor Name:StaticMeshActor_UAID_0068EBB8471CA8B101_2067044699 Label:BT_Car8 SpatiallyLoaded:1 Bounds:IsValid=true, Min=(X=2997.755 Y=-438.185 Z=171.898), Max=(X=3347.755 Y=-256.375 Z=299.248) RuntimeGrid:None EditorOnly:0 RuntimeOnly:0 HLODRelevant:1
 |   |   |- [+] [ 37]
 |   |   |   |- Guid:7C64DF1749CD595EE034458F27F18BAD BaseClass: NativeClass:/Script/Engine.StaticMeshActor Name:StaticMeshActor_UAID_0068EBB8471CA8B101_2074912700 Label:BT_Scafolding9 SpatiallyLoaded:1 Bounds:IsValid=true, Min=(X=2611.964 Y=-456.758 Z=-1.039), Max=(X=2977.948 Y=-231.397 Z=169.307) RuntimeGrid:None EditorOnly:0 RuntimeOnly:0 HLODRelevant:1
 |   |   |- [+] [ 38]
 |   |   |   |- Guid:0DD1CAD14C446114EE7243908106530A BaseClass: NativeClass:/Script/Engine.StaticMeshActor Name:StaticMeshActor_UAID_0068EBB8471CA8B101_2074913701 Label:BT_Car9 SpatiallyLoaded:1 Bounds:IsValid=true, Min=(X=2624.160 Y=-438.185 Z=9.203), Max=(X=2974.160 Y=-256.375 Z=136.553) RuntimeGrid:None EditorOnly:0 RuntimeOnly:0 HLODRelevant:1
 |   |   |- [+] [ 39]
 |   |   |   |- Guid:E31B275340A6124EFAF81094A31CD060 BaseClass: NativeClass:/Script/Engine.StaticMeshActor Name:StaticMeshActor_UAID_0068EBB8471CA8B101_2074914702 Label:BT_Scafolding10 SpatiallyLoaded:1 Bounds:IsValid=true, Min=(X=2611.964 Y=-456.758 Z=161.656), Max=(X=2977.948 Y=-231.397 Z=332.002) RuntimeGrid:None EditorOnly:0 RuntimeOnly:0 HLODRelevant:1
 |   |   |- [+] [ 40]
 |   |   |   |- Guid:03E2F2174623B7A9F1AE1A87B851EBCB BaseClass: NativeClass:/Script/Engine.StaticMeshActor Name:StaticMeshActor_UAID_0068EBB8471CA8B101_2074914703 Label:BT_Car10 SpatiallyLoaded:1 Bounds:IsValid=true, Min=(X=2624.160 Y=-438.185 Z=171.898), Max=(X=2974.160 Y=-256.375 Z=299.248) RuntimeGrid:None EditorOnly:0 RuntimeOnly:0 HLODRelevant:1
 |   |   |- [+] [ 41]
 |   |   |   |- Guid:53017A644A43579643569EA19D370D08 BaseClass: NativeClass:/Script/Engine.StaticMeshActor Name:StaticMeshActor_UAID_0068EBB8471CA8B101_2078323704 Label:BT_Scafolding11 SpatiallyLoaded:1 Bounds:IsValid=true, Min=(X=2239.261 Y=-456.758 Z=-1.039), Max=(X=2605.245 Y=-231.397 Z=169.307) RuntimeGrid:None EditorOnly:0 RuntimeOnly:0 HLODRelevant:1
 |   |   |- [+] [ 42]
 |   |   |   |- Guid:7F8EBA2044C8C6D6155F90B4E0A095FA BaseClass: NativeClass:/Script/Engine.StaticMeshActor Name:StaticMeshActor_UAID_0068EBB8471CA8B101_2078324705 Label:BT_Car11 SpatiallyLoaded:1 Bounds:IsValid=true, Min=(X=2251.457 Y=-438.185 Z=9.203), Max=(X=2601.457 Y=-256.375 Z=136.553) RuntimeGrid:None EditorOnly:0 RuntimeOnly:0 HLODRelevant:1
 |   |   |- [+] [ 43]
 |   |   |   |- Guid:4FAA59DB472321ABADC5FCAADC0BDFD6 BaseClass: NativeClass:/Script/Engine.StaticMeshActor Name:StaticMeshActor_UAID_0068EBB8471CA8B101_2078325706 Label:BT_Scafolding12 SpatiallyLoaded:1 Bounds:IsValid=true, Min=(X=2239.261 Y=-456.758 Z=161.656), Max=(X=2605.245 Y=-231.397 Z=332.002) RuntimeGrid:None EditorOnly:0 RuntimeOnly:0 HLODRelevant:1
 |   |   |- [+] [ 44]
 |   |   |   |- Guid:64E5D2C94B2C76EB116989A03182BACA BaseClass: NativeClass:/Script/Engine.StaticMeshActor Name:StaticMeshActor_UAID_0068EBB8471CA8B101_2078325707 Label:BT_Car12 SpatiallyLoaded:1 Bounds:IsValid=true, Min=(X=2226.188 Y=-511.473 Z=171.898), Max=(X=2620.202 Y=-179.021 Z=299.248) RuntimeGrid:None EditorOnly:0 RuntimeOnly:0 HLODRelevant:1
 |   |   |- [+] [ 45]
 |   |   |   |- Guid:E606B2F6475BF260CAC272B4C4C01074 BaseClass: NativeClass:/Script/Engine.StaticMeshActor Name:StaticMeshActor_UAID_0068EBB8471CA8B101_2090508708 Label:BT_Scafolding13 SpatiallyLoaded:1 Bounds:IsValid=true, Min=(X=2985.558 Y=-456.758 Z=324.070), Max=(X=3351.542 Y=-231.397 Z=494.416) RuntimeGrid:None EditorOnly:0 RuntimeOnly:0 HLODRelevant:1
 |   |   |- [+] [ 46]
 |   |   |   |- Guid:528717C141DA0CA4C74C79A938FD1AD3 BaseClass: NativeClass:/Script/Engine.StaticMeshActor Name:StaticMeshActor_UAID_0068EBB8471CA8B101_2090509709 Label:BT_Car13 SpatiallyLoaded:1 Bounds:IsValid=true, Min=(X=2997.755 Y=-438.185 Z=334.312), Max=(X=3347.755 Y=-256.375 Z=461.662) RuntimeGrid:None EditorOnly:0 RuntimeOnly:0 HLODRelevant:1
 |   |   |- [+] [ 47]
 |   |   |   |- Guid:1140668F43AB3B98CDCAD0B41D3FBB35 BaseClass: NativeClass:/Script/Engine.StaticMeshActor Name:StaticMeshActor_UAID_0068EBB8471CA8B101_2090511712 Label:BT_Scafolding15 SpatiallyLoaded:1 Bounds:IsValid=true, Min=(X=2611.964 Y=-456.758 Z=324.070), Max=(X=2977.948 Y=-231.397 Z=494.416) RuntimeGrid:None EditorOnly:0 RuntimeOnly:0 HLODRelevant:1
 |   |   |- [+] [ 48]
 |   |   |   |- Guid:5AF1CCA4418AB7709D184C900962AAC7 BaseClass: NativeClass:/Script/Engine.StaticMeshActor Name:StaticMeshActor_UAID_0068EBB8471CA8B101_2090512713 Label:BT_Car15 SpatiallyLoaded:1 Bounds:IsValid=true, Min=(X=2655.079 Y=-550.422 Z=270.553), Max=(X=2945.632 Y=-139.376 Z=523.979) RuntimeGrid:None EditorOnly:0 RuntimeOnly:0 HLODRelevant:1
 |   |   |- [+] [ 49]
 |   |   |   |- Guid:9FAF17DD42ECAB0150357EBF035A997D BaseClass: NativeClass:/Script/Engine.StaticMeshActor Name:StaticMeshActor_UAID_0068EBB8471CA8B101_2090513716 Label:BT_Scafolding17 SpatiallyLoaded:1 Bounds:IsValid=true, Min=(X=2239.261 Y=-456.758 Z=324.070), Max=(X=2605.245 Y=-231.397 Z=494.416) RuntimeGrid:None EditorOnly:0 RuntimeOnly:0 HLODRelevant:1
 |   |   |- [+] [ 50]
 |   |   |   |- Guid:DBF5C83E450371D98FD540BC38299191 BaseClass: NativeClass:/Script/Engine.StaticMeshActor Name:StaticMeshActor_UAID_0068EBB8471CA8B101_2090514717 Label:BT_Car17 SpatiallyLoaded:1 Bounds:IsValid=true, Min=(X=2251.457 Y=-438.185 Z=334.312), Max=(X=2601.457 Y=-256.375 Z=461.662) RuntimeGrid:None EditorOnly:0 RuntimeOnly:0 HLODRelevant:1
 |   |   |- [+] [ 51]
 |   |   |   |- Guid:EFB1F038417174EE092F288AD255E746 BaseClass: NativeClass:/Script/Engine.PlayerStart Name:PlayerStart_UAID_0068EBB8471CA9B101_1572588933 Label:PlayerStart SpatiallyLoaded:0 Bounds:IsValid=true, Min=(X=2668.850 Y=1149.345 Z=78.821), Max=(X=2769.311 Y=1249.807 Z=262.821) RuntimeGrid:None EditorOnly:0 RuntimeOnly:0 HLODRelevant:0
 |   |   |- [+] [ 52]
 |   |   |   |- Guid:DB751FAA4282863CDB409685FBA1AD9E BaseClass: NativeClass:/Script/Engine.StaticMeshActor Name:StaticMeshActor_UAID_0068EBB8471CA9B101_1496641929 Label:BT_Car20 SpatiallyLoaded:1 Bounds:IsValid=true, Min=(X=1128.510 Y=-438.185 Z=9.203), Max=(X=1478.510 Y=-256.375 Z=136.553) RuntimeGrid:None EditorOnly:0 RuntimeOnly:0 HLODRelevant:1
 |   |   |- [+] [ 53]
 |   |   |   |- Guid:BAF0E89740B88611F39E26BCCCFEB761 BaseClass: NativeClass:/Script/Engine.StaticMeshActor Name:StaticMeshActor_UAID_0068EBB8471CA9B101_1496639924 Label:BT_Scafolding18 SpatiallyLoaded:1 Bounds:IsValid=true, Min=(X=1489.017 Y=-456.758 Z=-1.039), Max=(X=1855.001 Y=-231.397 Z=169.307) RuntimeGrid:None EditorOnly:0 RuntimeOnly:0 HLODRelevant:1
 |   |   |- [+] [ 54]
 |   |   |   |- Guid:7DA9799540CEA27100649587B43F2E98 BaseClass: NativeClass:/Script/Engine.StaticMeshActor Name:StaticMeshActor_UAID_0068EBB8471CA9B101_1605730934 Label:Combined5 SpatiallyLoaded:1 Bounds:IsValid=true, Min=(X=3341.195 Y=180.037 Z=0.000), Max=(X=3353.078 Y=483.305 Z=239.960) RuntimeGrid:None EditorOnly:0 RuntimeOnly:0 HLODRelevant:0
 |   |   |- [+] [ 55]
 |   |   |   |- Guid:2050F88D4DB88745DA976497F46986F2 BaseClass: NativeClass:/Script/Engine.StaticMeshActor Name:StaticMeshActor_UAID_0068EBB8471CA9B101_1496643931 Label:BT_Car21 SpatiallyLoaded:1 Bounds:IsValid=true, Min=(X=1103.241 Y=-511.473 Z=171.898), Max=(X=1497.255 Y=-179.021 Z=299.248) RuntimeGrid:None EditorOnly:0 RuntimeOnly:0 HLODRelevant:1
 |   |   |- [+] [ 56]
 |   |   |   |- Guid:97A8CDAD42B1A56D91D737ADE3204D9C BaseClass: NativeClass:/Script/Engine.StaticMeshActor Name:StaticMeshActor_UAID_0068EBB8471CA9B101_1418189916 Label:Combined SpatiallyLoaded:1 Bounds:IsValid=true, Min=(X=2802.489 Y=367.695 Z=0.000), Max=(X=3105.709 Y=377.956 Z=239.960) RuntimeGrid:None EditorOnly:0 RuntimeOnly:0 HLODRelevant:0
 |   |   |- [+] [ 57]
 |   |   |   |- Guid:AA21D95946A390BD218C2BBC86CC043E BaseClass: NativeClass:/Script/Engine.StaticMeshActor Name:StaticMeshActor_UAID_0068EBB8471CA9B101_1465347917 Label:Combined2 SpatiallyLoaded:1 Bounds:IsValid=true, Min=(X=2499.514 Y=367.695 Z=0.000), Max=(X=2802.734 Y=377.956 Z=239.960) RuntimeGrid:None EditorOnly:0 RuntimeOnly:0 HLODRelevant:0
 |   |   |- [+] [ 58]
 |   |   |   |- Guid:A2883A0B4938CA308547148625C0F9D0 BaseClass: NativeClass:/Script/Engine.StaticMeshActor Name:StaticMeshActor_UAID_0068EBB8471CA9B101_1470970918 Label:Combined3 SpatiallyLoaded:1 Bounds:IsValid=true, Min=(X=2195.681 Y=367.695 Z=0.000), Max=(X=2498.901 Y=377.956 Z=239.960) RuntimeGrid:None EditorOnly:0 RuntimeOnly:0 HLODRelevant:0
 |   |   |- [+] [ 59]
 |   |   |   |- Guid:74D87F524620F7C7C3BA37B4AE4942A8 BaseClass: NativeClass:/Script/Engine.StaticMeshActor Name:StaticMeshActor_UAID_0068EBB8471CA9B101_1470971919 Label:Combined4 SpatiallyLoaded:1 Bounds:IsValid=true, Min=(X=1892.707 Y=367.695 Z=0.000), Max=(X=2195.927 Y=377.956 Z=239.960) RuntimeGrid:None EditorOnly:0 RuntimeOnly:0 HLODRelevant:0
 |   |   |- [+] [ 60]
 |   |   |   |- Guid:5994E2A149D2D0758E0B42924F7BED80 BaseClass: NativeClass:/Script/Engine.StaticMeshActor Name:StaticMeshActor_UAID_0068EBB8471CA9B101_1512602932 Label:BT_Car22 SpatiallyLoaded:1 Bounds:IsValid=true, Min=(X=2446.254 Y=-48.715 Z=-4.953), Max=(X=2839.075 Y=301.293 Z=132.919) RuntimeGrid:None EditorOnly:0 RuntimeOnly:0 HLODRelevant:1
 |   |   |- [+] [ 61]
 |   |   |   |- Guid:55AA1C354C4DDF8A2F98DCB1D9200B80 BaseClass: NativeClass:/Script/Engine.StaticMeshActor Name:StaticMeshActor_UAID_0068EBB8471CA9B101_1496638922 Label:BT_Scafolding16 SpatiallyLoaded:1 Bounds:IsValid=true, Min=(X=1862.612 Y=-456.758 Z=161.656), Max=(X=2228.596 Y=-231.397 Z=332.002) RuntimeGrid:None EditorOnly:0 RuntimeOnly:0 HLODRelevant:1
 |   |   |- [+] [ 62]
 |   |   |   |- Guid:8820DF904AB3C9B00BD39EA176A715F0 BaseClass: NativeClass:/Script/Engine.StaticMeshActor Name:StaticMeshActor_UAID_0068EBB8471CA9B101_1496640926 Label:BT_Scafolding19 SpatiallyLoaded:1 Bounds:IsValid=true, Min=(X=1489.017 Y=-456.758 Z=161.656), Max=(X=1855.001 Y=-231.397 Z=332.002) RuntimeGrid:None EditorOnly:0 RuntimeOnly:0 HLODRelevant:1
 |   |   |- [+] [ 63]
 |   |   |   |- Guid:E807D2494E38559283AF49B233ECC5A5 BaseClass: NativeClass:/Script/Engine.StaticMeshActor Name:StaticMeshActor_UAID_0068EBB8471CA9B101_1496640927 Label:BT_Car19 SpatiallyLoaded:1 Bounds:IsValid=true, Min=(X=1501.214 Y=-438.185 Z=171.898), Max=(X=1851.214 Y=-256.375 Z=299.248) RuntimeGrid:None EditorOnly:0 RuntimeOnly:0 HLODRelevant:1
 |   |   |- [+] [ 64]
 |   |   |   |- Guid:B70029AA4434097F25A516A16E6EED6D BaseClass: NativeClass:/Script/Engine.StaticMeshActor Name:StaticMeshActor_UAID_0068EBB8471CA9B101_1496637921 Label:BT_Car14 SpatiallyLoaded:1 Bounds:IsValid=true, Min=(X=1867.045 Y=-83.530 Z=2.886), Max=(X=2223.257 Y=305.262 Z=130.235) RuntimeGrid:None EditorOnly:0 RuntimeOnly:0 HLODRelevant:1
 |   |   |- [+] [ 65]
 |   |   |   |- Guid:AC05CDEE49A0D6D07DD2A6BC711518C4 BaseClass: NativeClass:/Script/Engine.StaticMeshActor Name:StaticMeshActor_UAID_0068EBB8471CA9B101_1496636920 Label:BT_Scafolding14 SpatiallyLoaded:1 Bounds:IsValid=true, Min=(X=1862.612 Y=-456.758 Z=-1.039), Max=(X=2228.596 Y=-231.397 Z=169.307) RuntimeGrid:None EditorOnly:0 RuntimeOnly:0 HLODRelevant:1
 |   |   |- [+] [ 66]
 |   |   |   |- Guid:7DEE075E4BCC4ADBEF526AB9A8779C10 BaseClass: NativeClass:/Script/Engine.StaticMeshActor Name:StaticMeshActor_UAID_0068EBB8471CA9B101_1496638923 Label:BT_Car16 SpatiallyLoaded:1 Bounds:IsValid=true, Min=(X=1874.808 Y=-438.185 Z=171.898), Max=(X=2224.808 Y=-256.375 Z=299.248) RuntimeGrid:None EditorOnly:0 RuntimeOnly:0 HLODRelevant:1
 |   |   |- [+] [ 67]
 |   |   |   |- Guid:E2C0A37F4CBA74FC466D079A7F293D08 BaseClass: NativeClass:/Script/Engine.StaticMeshActor Name:StaticMeshActor_UAID_0068EBB8471CA9B101_1496642930 Label:BT_Scafolding21 SpatiallyLoaded:1 Bounds:IsValid=true, Min=(X=1116.314 Y=-456.758 Z=161.656), Max=(X=1482.298 Y=-231.397 Z=332.002) RuntimeGrid:None EditorOnly:0 RuntimeOnly:0 HLODRelevant:1
 |   |   |- [+] [ 68]
 |   |   |   |- Guid:433F050B49F18DE13FEC529FFCA022B5 BaseClass: NativeClass:/Script/Engine.StaticMeshActor Name:StaticMeshActor_UAID_0068EBB8471CA9B101_1496641928 Label:BT_Scafolding20 SpatiallyLoaded:1 Bounds:IsValid=true, Min=(X=1116.314 Y=-456.758 Z=-1.039), Max=(X=1482.298 Y=-231.397 Z=169.307) RuntimeGrid:None EditorOnly:0 RuntimeOnly:0 HLODRelevant:1
 |   |   |- [+] [ 69]
 |   |   |   |- Guid:57B956AF47612D5641DAF9856EA30FA1 BaseClass: NativeClass:/Script/Engine.StaticMeshActor Name:StaticMeshActor_UAID_0068EBB8471CA9B101_1496639925 Label:BT_Car18 SpatiallyLoaded:1 Bounds:IsValid=true, Min=(X=1501.214 Y=-438.185 Z=9.203), Max=(X=1851.214 Y=-256.375 Z=136.553) RuntimeGrid:None EditorOnly:0 RuntimeOnly:0 HLODRelevant:1
 |   |   |- [+] [ 70]
 |   |   |   |- Guid:A8CD2C3B467E882BC89A77809AB94E4B BaseClass: NativeClass:/Script/Engine.StaticMeshActor Name:StaticMeshActor_UAID_0068EBB8471CA9B101_1624242935 Label:Combined6 SpatiallyLoaded:1 Bounds:IsValid=true, Min=(X=3341.195 Y=481.172 Z=0.000), Max=(X=3353.078 Y=784.440 Z=239.960) RuntimeGrid:None EditorOnly:0 RuntimeOnly:0 HLODRelevant:0
 |   |   |- [+] [ 71]
 |   |   |   |- Guid:EF19C44F42FB66E873AAA99C5DF8DE77 BaseClass: NativeClass:/Script/Engine.StaticMeshActor Name:StaticMeshActor_UAID_0068EBB8471CA9B101_1627330936 Label:Combined7 SpatiallyLoaded:1 Bounds:IsValid=true, Min=(X=3341.195 Y=784.555 Z=0.000), Max=(X=3353.078 Y=1087.823 Z=239.960) RuntimeGrid:None EditorOnly:0 RuntimeOnly:0 HLODRelevant:0
 |- ContainerInstances:
 |- [+] MainContainer:
 |   |-        ID: 0x0000000000000000
 |   |-    Bounds: IsValid=false, Min=(X=0.000 Y=0.000 Z=0.000), Max=(X=0.000 Y=0.000 Z=0.000)
 |   |- Transform: 0.000000,0.000000,0.000000|0.000000,0.000000,-0.000000|1.000000,1.000000,1.000000
 |   |- Container: /Game/GGP(G2)/LEVELS/Dylan/Dylan_Tutorial_LVL
----------------------------------------------------------------------------------------------------------------
Dylan_Tutorial_LVL - Persistent Level
----------------------------------------------------------------------------------------------------------------
Always loaded Actor Count: 84 

----------------------------------------------------------------------------------------------------------------
Dylan_Tutorial_LVL - Runtime Spatial Hash - Streaming Grid - MainGrid
----------------------------------------------------------------------------------------------------------------
            Origin: X=0.000 Y=0.000 Z=0.000
         Cell Size: 12800
      World Bounds: IsValid=false, Min=(X=0.000 Y=0.000 Z=0.000), Max=(X=0.000 Y=0.000 Z=0.000)
     Loading Range: 25600.00
Block Slow Loading: No
 ClientOnlyVisible: No

[+] Grid Levels: 1
 |- Level  0: Cell Count    0 | Cell Size   12800 | Actor Count    0 (0.0%)

[+] Content of Grid Level 0

