[+] Containers:
 |- [+] Container: /Game/GGP(G2)/LEVELS/Stefano/Stefano_LVL
 |   |- [+] ActorDescs:
 |   |   |- Guid:00AB33EE46655D59620D08B54D641458 BaseClass: NativeClass:/Script/Engine.StaticMeshActor Name:StaticMeshActor_UAID_10E7C633508B3AB201_1757987344 Label:BT_Scafolding7 SpatiallyLoaded:1 Bounds:IsValid=true, Min=(X=2637.320 Y=1316.972 Z=-7.681), Max=(X=2862.681 Y=1682.956 Z=162.665) RuntimeGrid:None EditorOnly:0 RuntimeOnly:0 HLODRelevant:1
 |   |   |- Guid:01D80EA14F8897BC281FA1B521507D2E BaseClass: NativeClass:/Script/Engine.StaticMeshActor Name:StaticMeshActor_UAID_10E7C633508B3BB201_1643005566 Label:BT_Tyres7 SpatiallyLoaded:1 Bounds:IsValid=true, Min=(X=2413.750 Y=3253.750 Z=0.984), Max=(X=2526.250 Y=3366.250 Z=29.016) RuntimeGrid:None EditorOnly:0 RuntimeOnly:0 HLODRelevant:1
 |   |   |- Guid:043EC6434123827420AEDEA83A3A509E BaseClass: NativeClass:/Script/Engine.VolumetricCloud Name:VolumetricCloud_0 Label:VolumetricCloud SpatiallyLoaded:0 Bounds:IsValid=true, Min=(X=0.000 Y=0.000 Z=820.000), Max=(X=0.000 Y=0.000 Z=820.000) RuntimeGrid:None EditorOnly:0 RuntimeOnly:0 HLODRelevant:0 FolderPath:Lighting FolderGuid:963EC3EB4002CCE9759E2EBA541A873A
 |   |   |- Guid:06C93D1C44C3818F41D70E9BBC0F0611 BaseClass: NativeClass:/Script/Engine.StaticMeshActor Name:StaticMeshActor_UAID_10E7C633508B3AB201_1869366358 Label:BT_Tyres5 SpatiallyLoaded:1 Bounds:IsValid=true, Min=(X=2742.420 Y=1742.420 Z=240.984), Max=(X=2857.580 Y=1857.580 Z=269.016) RuntimeGrid:None EditorOnly:0 RuntimeOnly:0 HLODRelevant:1
 |   |   |- Guid:0ABEAED74BBDDA2023E099A67E991B79 BaseClass: NativeClass:/Script/Engine.StaticMeshActor Name:StaticMeshActor_UAID_10E7C633508B3AB201_1700870339 Label:BT_Scafolding2 SpatiallyLoaded:1 Bounds:IsValid=true, Min=(X=2637.320 Y=116.972 Z=142.319), Max=(X=2862.681 Y=482.956 Z=312.665) RuntimeGrid:None EditorOnly:0 RuntimeOnly:0 HLODRelevant:1
 |   |   |- Guid:0E147B2C476A296439912189235F9D23 BaseClass: NativeClass:/Script/Engine.StaticMeshActor Name:StaticMeshActor_UAID_10E7C633508B3BB201_1337675547 Label:BT_Barrel2 SpatiallyLoaded:1 Bounds:IsValid=true, Min=(X=2690.081 Y=221.671 Z=162.496), Max=(X=2812.585 Y=309.171 Z=249.996) RuntimeGrid:None EditorOnly:0 RuntimeOnly:0 HLODRelevant:1
 |   |   |- Guid:0EE270EF44DF1F653505D1838A0E3FF8 BaseClass:/Game/GGP(G2)/Programming/BP_SpeedBoost.BP_SpeedBoost_C NativeClass:/Script/Engine.Actor Name:BP_SpeedBoost_C_UAID_0068EBB84C0DA7B101_1994786464 Label:BP_SpeedBoost SpatiallyLoaded:1 Bounds:IsValid=true, Min=(X=-128.000 Y=-128.000 Z=-128.000), Max=(X=128.000 Y=128.000 Z=128.000) RuntimeGrid:None EditorOnly:0 RuntimeOnly:0 HLODRelevant:0
 |   |   |- Guid:1061EE71417B40B616C7688A6D79B9C6 BaseClass: NativeClass:/Script/Engine.TextRenderActor Name:TextRenderActor_1 Label:TextRenderActor SpatiallyLoaded:1 Bounds:IsValid=true, Min=(X=-0.100 Y=1100.000 Z=65.013), Max=(X=-0.100 Y=2392.308 Z=215.013) RuntimeGrid:None EditorOnly:0 RuntimeOnly:0 HLODRelevant:0
 |   |   |- Guid:14B7ECC9486F5F73AAD5C595DFAE0989 BaseClass: NativeClass:/Script/Engine.StaticMeshActor Name:StaticMeshActor_UAID_10E7C633508B3BB201_1371623551 Label:BT_Barrel6 SpatiallyLoaded:1 Bounds:IsValid=true, Min=(X=2684.498 Y=401.003 Z=163.449), Max=(X=2736.998 Y=453.503 Z=236.952) RuntimeGrid:None EditorOnly:0 RuntimeOnly:0 HLODRelevant:1
 |   |   |- Guid:16CD04BA49B4A5B858C62A80AF1B0B27 BaseClass: NativeClass:/Script/Engine.StaticMeshActor Name:StaticMeshActor_UAID_10E7C633508B3AB201_1875640359 Label:BT_Tyres6 SpatiallyLoaded:1 Bounds:IsValid=true, Min=(X=2760.296 Y=1910.296 Z=190.984), Max=(X=2859.704 Y=2009.704 Z=219.016) RuntimeGrid:None EditorOnly:0 RuntimeOnly:0 HLODRelevant:1
 |   |   |- Guid:20E7CDAA48AA67A25197569DD7CE2CE0 BaseClass: NativeClass:/Script/Engine.StaticMeshActor Name:StaticMeshActor_UAID_10E7C633508B3AB201_1442221335 Label:BT_Scafolding SpatiallyLoaded:1 Bounds:IsValid=true, Min=(X=2637.320 Y=116.972 Z=-7.681), Max=(X=2862.681 Y=482.956 Z=162.665) RuntimeGrid:None EditorOnly:0 RuntimeOnly:0 HLODRelevant:1
 |   |   |- Guid:23C10CD34C83884F58939B905F6F5E04 BaseClass: NativeClass:/Script/Engine.StaticMeshActor Name:StaticMeshActor_UAID_10E7C633508B3BB201_1622464563 Label:BT_Car3 SpatiallyLoaded:1 Bounds:IsValid=true, Min=(X=2664.025 Y=2470.425 Z=161.598), Max=(X=2845.834 Y=2820.425 Z=311.408) RuntimeGrid:None EditorOnly:0 RuntimeOnly:0 HLODRelevant:1
 |   |   |- Guid:247055DB49383156A68E5D9693C2EABB BaseClass: NativeClass:/Script/Engine.StaticMeshActor Name:StaticMeshActor_UAID_10E7C633508B3BB201_1964371619 Label:BT_Barrel37 SpatiallyLoaded:1 Bounds:IsValid=true, Min=(X=2171.337 Y=2747.932 Z=-4.003), Max=(X=2241.337 Y=2845.936 Z=65.997) RuntimeGrid:None EditorOnly:0 RuntimeOnly:0 HLODRelevant:1
 |   |   |- Guid:2DFB785149BF8E64BC623BAF3EEABE8C BaseClass: NativeClass:/Script/Engine.StaticMeshActor Name:StaticMeshActor_UAID_10E7C633508B3BB201_1806041584 Label:BT_Barrel14 SpatiallyLoaded:1 Bounds:IsValid=true, Min=(X=1957.496 Y=2721.671 Z=7.415), Max=(X=2044.996 Y=2809.171 Z=129.919) RuntimeGrid:None EditorOnly:0 RuntimeOnly:0 HLODRelevant:1
 |   |   |- Guid:2EA283094536FE30329B688AC4AB67F6 BaseClass: NativeClass:/Script/Engine.StaticMeshActor Name:StaticMeshActor_UAID_10E7C633508B3BB201_1817540591 Label:BT_Barrel19 SpatiallyLoaded:1 Bounds:IsValid=true, Min=(X=2397.496 Y=2721.671 Z=7.415), Max=(X=2484.996 Y=2809.171 Z=129.919) RuntimeGrid:None EditorOnly:0 RuntimeOnly:0 HLODRelevant:1
 |   |   |- Guid:2FC5C9DD4E2D18B7480CB1938EBBB37B BaseClass: NativeClass:/Script/Engine.StaticMeshActor Name:StaticMeshActor_UAID_10E7C633508B3BB201_1940989609 Label:BT_Barrel34 SpatiallyLoaded:1 Bounds:IsValid=true, Min=(X=2571.337 Y=2737.932 Z=65.997), Max=(X=2641.337 Y=2835.936 Z=135.997) RuntimeGrid:None EditorOnly:0 RuntimeOnly:0 HLODRelevant:1
 |   |   |- Guid:3356EDF84EDAC869F8E8BDB172362DE7 BaseClass: NativeClass:/Script/Engine.StaticMeshActor Name:StaticMeshActor_UAID_10E7C633508B3BB201_1964372620 Label:BT_Barrel38 SpatiallyLoaded:1 Bounds:IsValid=true, Min=(X=2171.337 Y=2747.932 Z=65.997), Max=(X=2241.337 Y=2845.936 Z=135.997) RuntimeGrid:None EditorOnly:0 RuntimeOnly:0 HLODRelevant:1
 |   |   |- Guid:34432994494BAEF2D7175FAA8DBE70AB BaseClass: NativeClass:/Script/Engine.StaticMeshActor Name:StaticMeshActor_UAID_10E7C633508B3BB201_1806047588 Label:BT_Barrel18 SpatiallyLoaded:1 Bounds:IsValid=true, Min=(X=1957.496 Y=2491.671 Z=7.415), Max=(X=2044.996 Y=2579.171 Z=129.919) RuntimeGrid:None EditorOnly:0 RuntimeOnly:0 HLODRelevant:1
 |   |   |- Guid:3C32ABCD4D134FB1468E969ECAEC6511 BaseClass: NativeClass:/Script/Engine.StaticMeshActor Name:StaticMeshActor_UAID_10E7C633508B3BB201_1481298554 Label:BT_Fence3 SpatiallyLoaded:1 Bounds:IsValid=true, Min=(X=1916.233 Y=2445.730 Z=-2.158), Max=(X=2219.444 Y=2455.730 Z=237.802) RuntimeGrid:None EditorOnly:0 RuntimeOnly:0 HLODRelevant:1
 |   |   |- Guid:3CE7ECDD460BD7DDC6C2D38FB032D334 BaseClass: NativeClass:/Script/Engine.WorldDataLayers Name:WorldDataLayers Label:WorldDataLayers SpatiallyLoaded:0 Bounds:IsValid=true, Min=(X=0.000 Y=0.000 Z=0.000), Max=(X=0.000 Y=0.000 Z=0.000) RuntimeGrid:None EditorOnly:0 RuntimeOnly:0 HLODRelevant:0
 |   |   |- Guid:4AD7D30941ECF863086A15BA170067BD BaseClass: NativeClass:/Script/Engine.StaticMeshActor Name:StaticMeshActor_UAID_10E7C633508B3BB201_1697721577 Label:BT_Barrel10 SpatiallyLoaded:1 Bounds:IsValid=true, Min=(X=1957.496 Y=3131.671 Z=7.415), Max=(X=2044.996 Y=3219.171 Z=129.919) RuntimeGrid:None EditorOnly:0 RuntimeOnly:0 HLODRelevant:1
 |   |   |- Guid:4CA6C47649743A396EB54E8F101D1C9D BaseClass: NativeClass:/Script/Engine.StaticMeshActor Name:StaticMeshActor_UAID_10E7C633508B3BB201_1630986564 Label:BT_Car4 SpatiallyLoaded:1 Bounds:IsValid=true, Min=(X=2294.025 Y=2460.425 Z=161.598), Max=(X=2475.834 Y=2810.425 Z=311.408) RuntimeGrid:None EditorOnly:0 RuntimeOnly:0 HLODRelevant:1
 |   |   |- Guid:51769FB94D35A2E18BF41A9B58332BAF BaseClass: NativeClass:/Script/Engine.StaticMeshActor Name:StaticMeshActor_UAID_10E7C633508B3BB201_1259880545 Label:BT_Car2 SpatiallyLoaded:1 Bounds:IsValid=true, Min=(X=2654.025 Y=130.425 Z=-18.402), Max=(X=2835.834 Y=480.425 Z=131.408) RuntimeGrid:None EditorOnly:0 RuntimeOnly:0 HLODRelevant:1
 |   |   |- Guid:5300B2444CCD398BC9C0F7BCE46A243B BaseClass: NativeClass:/Script/Engine.StaticMeshActor Name:StaticMeshActor_UAID_10E7C633508B3BB201_1657375571 Label:BT_Tyres10 SpatiallyLoaded:1 Bounds:IsValid=true, Min=(X=2232.420 Y=3242.420 Z=25.984), Max=(X=2347.580 Y=3357.580 Z=54.016) RuntimeGrid:None EditorOnly:0 RuntimeOnly:0 HLODRelevant:1
 |   |   |- Guid:5542B5B34CD3158A502DDEABAD76E207 BaseClass: NativeClass:/Script/Engine.StaticMeshActor Name:StaticMeshActor_UAID_10E7C633508B3BB201_1369354550 Label:BT_Barrel5 SpatiallyLoaded:1 Bounds:IsValid=true, Min=(X=2734.498 Y=401.003 Z=163.449), Max=(X=2786.998 Y=453.503 Z=236.952) RuntimeGrid:None EditorOnly:0 RuntimeOnly:0 HLODRelevant:1
 |   |   |- Guid:5B8131E8497FA6F9296AB7A97A6EC0EE BaseClass: NativeClass:/Script/Engine.StaticMeshActor Name:StaticMeshActor_UAID_10E7C633508B3BB201_1940985608 Label:BT_Barrel33 SpatiallyLoaded:1 Bounds:IsValid=true, Min=(X=2501.337 Y=2737.932 Z=65.997), Max=(X=2571.337 Y=2835.936 Z=135.997) RuntimeGrid:None EditorOnly:0 RuntimeOnly:0 HLODRelevant:1
 |   |   |- Guid:6286CA9344FE66F016EAF58CE0A31491 BaseClass: NativeClass:/Script/Engine.StaticMeshActor Name:StaticMeshActor_UAID_10E7C633508B3BB201_1806035581 Label:BT_Scafolding14 SpatiallyLoaded:1 Bounds:IsValid=true, Min=(X=1937.320 Y=2466.972 Z=-7.681), Max=(X=2162.681 Y=2832.956 Z=162.665) RuntimeGrid:None EditorOnly:0 RuntimeOnly:0 HLODRelevant:1
 |   |   |- Guid:675FAD024F37CAD56D99368021BE4FC9 BaseClass: NativeClass:/Script/Engine.StaticMeshActor Name:StaticMeshActor_UAID_10E7C633508B3BB201_1635624565 Label:BT_Car5 SpatiallyLoaded:1 Bounds:IsValid=true, Min=(X=1954.025 Y=2480.425 Z=161.598), Max=(X=2135.834 Y=2830.425 Z=311.408) RuntimeGrid:None EditorOnly:0 RuntimeOnly:0 HLODRelevant:1
 |   |   |- Guid:68AC902B4930E18596AA12ACAE5B2FE8 BaseClass: NativeClass:/Script/Engine.StaticMeshActor Name:StaticMeshActor_UAID_10E7C633508B3BB201_1691233575 Label:BT_Barrel8 SpatiallyLoaded:1 Bounds:IsValid=true, Min=(X=1957.496 Y=3241.671 Z=7.415), Max=(X=2044.996 Y=3329.171 Z=129.919) RuntimeGrid:None EditorOnly:0 RuntimeOnly:0 HLODRelevant:1
 |   |   |- Guid:6DDA9CDB49B9A4D4EFDD8EAAD4594E19 BaseClass: NativeClass:/Script/Engine.StaticMeshActor Name:StaticMeshActor_UAID_10E7C633508B3BB201_1821087599 Label:BT_Barrel25 SpatiallyLoaded:1 Bounds:IsValid=true, Min=(X=2767.496 Y=2721.671 Z=7.415), Max=(X=2854.996 Y=2809.171 Z=129.919) RuntimeGrid:None EditorOnly:0 RuntimeOnly:0 HLODRelevant:1
 |   |   |- Guid:6E4D8A0647E716CF6925D5B6DBE2848A BaseClass: NativeClass:/Script/Engine.StaticMeshActor Name:StaticMeshActor_UAID_10E7C633508B3BB201_1806043585 Label:BT_Barrel15 SpatiallyLoaded:1 Bounds:IsValid=true, Min=(X=2057.496 Y=2601.671 Z=7.415), Max=(X=2144.996 Y=2689.171 Z=129.919) RuntimeGrid:None EditorOnly:0 RuntimeOnly:0 HLODRelevant:1
 |   |   |- Guid:70C6472F4CE89855F439FBBC675847BF BaseClass: NativeClass:/Script/Engine.StaticMeshActor Name:StaticMeshActor_UAID_10E7C633508B3BB201_1821092603 Label:BT_Barrel29 SpatiallyLoaded:1 Bounds:IsValid=true, Min=(X=2767.496 Y=2491.671 Z=7.415), Max=(X=2854.996 Y=2579.171 Z=129.919) RuntimeGrid:None EditorOnly:0 RuntimeOnly:0 HLODRelevant:1
 |   |   |- Guid:72A9000345B06B5B7CA501895DF3F1DD BaseClass: NativeClass:/Script/Engine.StaticMeshActor Name:StaticMeshActor_UAID_10E7C633508B3BB201_1817543593 Label:BT_Barrel21 SpatiallyLoaded:1 Bounds:IsValid=true, Min=(X=2397.496 Y=2601.671 Z=7.415), Max=(X=2484.996 Y=2689.171 Z=129.919) RuntimeGrid:None EditorOnly:0 RuntimeOnly:0 HLODRelevant:1
 |   |   |- Guid:7AEEAEA04C3576A3D1DE91A01896DAF5 BaseClass: NativeClass:/Script/Engine.StaticMeshActor Name:StaticMeshActor_1 Label:SM_Cube SpatiallyLoaded:1 Bounds:IsValid=true, Min=(X=0.000 Y=0.000 Z=-50.000), Max=(X=3000.000 Y=3500.000 Z=0.000) RuntimeGrid:None EditorOnly:0 RuntimeOnly:0 HLODRelevant:1 FolderPath:Playground FolderGuid:C73F09FC4215536B1DCE2A9E0A830C70
 |   |   |- Guid:7BF76C56487F997107963E84B730908F BaseClass: NativeClass:/Script/Engine.StaticMeshActor Name:StaticMeshActor_UAID_10E7C633508B3CB201_1416485806 Label:BT_Car6 SpatiallyLoaded:1 Bounds:IsValid=true, Min=(X=2614.681 Y=2848.018 Z=-28.802), Max=(X=2877.181 Y=2984.376 Z=83.556) RuntimeGrid:None EditorOnly:0 RuntimeOnly:0 HLODRelevant:1
 |   |   |- Guid:80DAA3FF4C9093DB3EC512AA811945C6 BaseClass: NativeClass:/Script/Engine.StaticMeshActor Name:StaticMeshActor_UAID_10E7C633508B3BB201_1869973606 Label:BT_Barrel31 SpatiallyLoaded:1 Bounds:IsValid=true, Min=(X=2501.337 Y=2737.932 Z=-4.003), Max=(X=2571.337 Y=2835.936 Z=65.997) RuntimeGrid:None EditorOnly:0 RuntimeOnly:0 HLODRelevant:1
 |   |   |- Guid:825D99B14EFDC49CE81E4893E5A5195A BaseClass: NativeClass:/Script/Engine.StaticMeshActor Name:StaticMeshActor_UAID_10E7C633508B3BB201_1657370569 Label:BT_Tyres9 SpatiallyLoaded:1 Bounds:IsValid=true, Min=(X=2232.420 Y=3242.420 Z=0.984), Max=(X=2347.580 Y=3357.580 Z=29.016) RuntimeGrid:None EditorOnly:0 RuntimeOnly:0 HLODRelevant:1
 |   |   |- Guid:829CDBF3478100176F0BDAB6445078EA BaseClass: NativeClass:/Script/Engine.StaticMeshActor Name:StaticMeshActor_UAID_10E7C633508B3BB201_1343427549 Label:BT_Barrel4 SpatiallyLoaded:1 Bounds:IsValid=true, Min=(X=2784.498 Y=401.003 Z=163.449), Max=(X=2836.998 Y=453.503 Z=236.952) RuntimeGrid:None EditorOnly:0 RuntimeOnly:0 HLODRelevant:1
 |   |   |- Guid:861859B943F0FCE555F593944766A8CE BaseClass: NativeClass:/Script/Engine.StaticMeshActor Name:StaticMeshActor_UAID_10E7C633508B3BB201_1455763552 Label:BT_Fence SpatiallyLoaded:1 Bounds:IsValid=true, Min=(X=2516.233 Y=2445.730 Z=-2.158), Max=(X=2819.444 Y=2455.730 Z=237.802) RuntimeGrid:None EditorOnly:0 RuntimeOnly:0 HLODRelevant:1
 |   |   |- Guid:8B436C5E4C8D46387B48B3BBB4B1F8BF BaseClass: NativeClass:/Script/Engine.StaticMeshActor Name:StaticMeshActor_UAID_10E7C633508B3AB201_1836481355 Label:BT_Tyres2 SpatiallyLoaded:1 Bounds:IsValid=true, Min=(X=2760.296 Y=1910.296 Z=160.984), Max=(X=2859.704 Y=2009.704 Z=189.016) RuntimeGrid:None EditorOnly:0 RuntimeOnly:0 HLODRelevant:1
 |   |   |- Guid:8C4D24A9461679603B302A810AC22A3D BaseClass: NativeClass:/Script/Engine.StaticMeshActor Name:StaticMeshActor_UAID_10E7C633508B3BB201_1643011568 Label:BT_Tyres8 SpatiallyLoaded:1 Bounds:IsValid=true, Min=(X=2413.750 Y=3253.750 Z=30.984), Max=(X=2526.250 Y=3366.250 Z=59.016) RuntimeGrid:None EditorOnly:0 RuntimeOnly:0 HLODRelevant:1
 |   |   |- Guid:926681004AA7C1736073589648EF3277 BaseClass:/Game/GGP(G2)/Programming/BP_SpeedBoost.BP_SpeedBoost_C NativeClass:/Script/Engine.Actor Name:BP_SpeedBoost_C_UAID_0068EBB84C0DA9B101_1578536819 Label:BP_SpeedBoost2 SpatiallyLoaded:1 Bounds:IsValid=true, Min=(X=-128.000 Y=-128.000 Z=-128.000), Max=(X=128.000 Y=128.000 Z=128.000) RuntimeGrid:None EditorOnly:0 RuntimeOnly:0 HLODRelevant:0
 |   |   |- Guid:92D5F7224CDA58B7E42A31B14DBB00F6 BaseClass: NativeClass:/Script/Engine.StaticMeshActor Name:StaticMeshActor_UAID_10E7C633508B3BB201_1657378573 Label:BT_Tyres12 SpatiallyLoaded:1 Bounds:IsValid=true, Min=(X=2232.420 Y=3242.420 Z=80.984), Max=(X=2347.580 Y=3357.580 Z=109.016) RuntimeGrid:None EditorOnly:0 RuntimeOnly:0 HLODRelevant:1
 |   |   |- Guid:949073834A2195DB4D0CFCA7D32299EF BaseClass: NativeClass:/Script/Engine.StaticMeshActor Name:StaticMeshActor_UAID_10E7C633508B3BB201_1817541592 Label:BT_Barrel20 SpatiallyLoaded:1 Bounds:IsValid=true, Min=(X=2297.496 Y=2721.671 Z=7.415), Max=(X=2384.996 Y=2809.171 Z=129.919) RuntimeGrid:None EditorOnly:0 RuntimeOnly:0 HLODRelevant:1
 |   |   |- Guid:96013A9342AE935679C1DB8753FD016D BaseClass: NativeClass:/Script/Engine.StaticMeshActor Name:StaticMeshActor_UAID_10E7C633508B3AB201_1715711342 Label:BT_Scafolding5 SpatiallyLoaded:1 Bounds:IsValid=true, Min=(X=2637.320 Y=916.972 Z=-7.681), Max=(X=2862.681 Y=1282.956 Z=162.665) RuntimeGrid:None EditorOnly:0 RuntimeOnly:0 HLODRelevant:1
 |   |   |- Guid:98BEB653473E2834769BEF883924827E BaseClass: NativeClass:/Script/Engine.StaticMeshActor Name:StaticMeshActor_UAID_10E7C633508B3BB201_1520353557 Label:BT_Fence6 SpatiallyLoaded:1 Bounds:IsValid=true, Min=(X=1894.270 Y=3066.233 Z=-2.158), Max=(X=1904.270 Y=3369.444 Z=237.802) RuntimeGrid:None EditorOnly:0 RuntimeOnly:0 HLODRelevant:1
 |   |   |- Guid:9950B36842377BDD4FBB40A3280F0B61 BaseClass: NativeClass:/Script/Engine.StaticMeshActor Name:StaticMeshActor_UAID_10E7C633508B3BB201_1476797553 Label:BT_Fence2 SpatiallyLoaded:1 Bounds:IsValid=true, Min=(X=2216.233 Y=2445.730 Z=-2.158), Max=(X=2519.444 Y=2455.730 Z=237.802) RuntimeGrid:None EditorOnly:0 RuntimeOnly:0 HLODRelevant:1
 |   |   |- Guid:9C4B373B49F0649F333C449FED878717 BaseClass: NativeClass:/Script/Engine.StaticMeshActor Name:StaticMeshActor_UAID_10E7C633508B3BB201_1681020574 Label:BT_Barrel7 SpatiallyLoaded:1 Bounds:IsValid=true, Min=(X=2057.496 Y=3241.671 Z=7.415), Max=(X=2144.996 Y=3329.171 Z=129.919) RuntimeGrid:None EditorOnly:0 RuntimeOnly:0 HLODRelevant:1
 |   |   |- Guid:9E67FDD6488895FCEB5650A88507B306 BaseClass: NativeClass:/Script/Engine.StaticMeshActor Name:StaticMeshActor_UAID_10E7C633508B3AB201_1863527357 Label:BT_Tyres4 SpatiallyLoaded:1 Bounds:IsValid=true, Min=(X=2742.420 Y=1742.420 Z=215.984), Max=(X=2857.580 Y=1857.580 Z=244.016) RuntimeGrid:None EditorOnly:0 RuntimeOnly:0 HLODRelevant:1
 |   |   |- Guid:A0C38904480ABA50711E36B9726A6CCA BaseClass: NativeClass:/Script/Engine.StaticMeshActor Name:StaticMeshActor_UAID_10E7C633508B3AB201_1715715343 Label:BT_Scafolding6 SpatiallyLoaded:1 Bounds:IsValid=true, Min=(X=2637.320 Y=916.972 Z=142.319), Max=(X=2862.681 Y=1282.956 Z=312.665) RuntimeGrid:None EditorOnly:0 RuntimeOnly:0 HLODRelevant:1
 |   |   |- Guid:A8F9903F47C0310F8F2C81A2B28E88EE BaseClass: NativeClass:/Script/Engine.StaticMeshActor Name:StaticMeshActor_UAID_10E7C633508B3BB201_1806044586 Label:BT_Barrel16 SpatiallyLoaded:1 Bounds:IsValid=true, Min=(X=1957.496 Y=2611.671 Z=7.415), Max=(X=2044.996 Y=2699.171 Z=129.919) RuntimeGrid:None EditorOnly:0 RuntimeOnly:0 HLODRelevant:1
 |   |   |- Guid:AA37E77742B153EA4618C8B0B05870B3 BaseClass: NativeClass:/Script/Engine.StaticMeshActor Name:StaticMeshActor_UAID_10E7C633508B3BB201_1657377572 Label:BT_Tyres11 SpatiallyLoaded:1 Bounds:IsValid=true, Min=(X=2232.420 Y=3242.420 Z=55.984), Max=(X=2347.580 Y=3357.580 Z=84.016) RuntimeGrid:None EditorOnly:0 RuntimeOnly:0 HLODRelevant:1
 |   |   |- Guid:B26F622C4588F11C498C73935A25D22D BaseClass: NativeClass:/Script/Engine.StaticMeshActor Name:StaticMeshActor_UAID_10E7C633508B3BB201_1507986555 Label:BT_Fence4 SpatiallyLoaded:1 Bounds:IsValid=true, Min=(X=1894.270 Y=2466.233 Z=-2.158), Max=(X=1904.270 Y=2769.444 Z=237.802) RuntimeGrid:None EditorOnly:0 RuntimeOnly:0 HLODRelevant:1
 |   |   |- Guid:B5611C334B60B935BA5253A3BBA09E4C BaseClass: NativeClass:/Script/Engine.StaticMeshActor Name:StaticMeshActor_UAID_10E7C633508B3BB201_1806046587 Label:BT_Barrel17 SpatiallyLoaded:1 Bounds:IsValid=true, Min=(X=2057.496 Y=2491.671 Z=7.415), Max=(X=2144.996 Y=2579.171 Z=129.919) RuntimeGrid:None EditorOnly:0 RuntimeOnly:0 HLODRelevant:1
 |   |   |- Guid:B7F528EC4AA0F34404150C8B3AA8691E BaseClass: NativeClass:/Script/Engine.StaticMeshActor Name:StaticMeshActor_UAID_A4AE111137DC5EFB00_1110535423 Label:SM_SkySphere SpatiallyLoaded:0 Bounds:IsValid=true, Min=(X=-1638400.000 Y=-1638400.000 Z=-1638400.000), Max=(X=1638400.000 Y=1638400.000 Z=1638400.000) RuntimeGrid:None EditorOnly:0 RuntimeOnly:0 HLODRelevant:1 FolderPath:Lighting FolderGuid:963EC3EB4002CCE9759E2EBA541A873A
 |   |   |- Guid:B837C76E4F13A8C430C8668C209B1AF3 BaseClass: NativeClass:/Script/Engine.StaticMeshActor Name:StaticMeshActor_UAID_10E7C633508B3BB201_1830915605 Label:BT_Can SpatiallyLoaded:1 Bounds:IsValid=true, Min=(X=2469.878 Y=2810.982 Z=162.926), Max=(X=2488.223 Y=2829.018 Z=204.738) RuntimeGrid:None EditorOnly:0 RuntimeOnly:0 HLODRelevant:1
 |   |   |- Guid:BE83DD814FE59C5F82C74E9A33330D10 BaseClass: NativeClass:/Script/Engine.StaticMeshActor Name:StaticMeshActor_UAID_10E7C633508B3BB201_1817535589 Label:BT_Scafolding15 SpatiallyLoaded:1 Bounds:IsValid=true, Min=(X=2277.320 Y=2466.972 Z=-7.681), Max=(X=2502.681 Y=2832.956 Z=162.665) RuntimeGrid:None EditorOnly:0 RuntimeOnly:0 HLODRelevant:1
 |   |   |- Guid:BEC10A744E35F974964BF89AD86A3A9F BaseClass: NativeClass:/Script/Engine.StaticMeshActor Name:StaticMeshActor_UAID_10E7C633508B3BB201_1703800578 Label:BT_Barrel11 SpatiallyLoaded:1 Bounds:IsValid=true, Min=(X=2057.496 Y=3011.671 Z=7.415), Max=(X=2144.996 Y=3099.171 Z=129.919) RuntimeGrid:None EditorOnly:0 RuntimeOnly:0 HLODRelevant:1
 |   |   |- Guid:C2073C284D1F1A181947BC8512637DCB BaseClass: NativeClass:/Script/Engine.StaticMeshActor Name:StaticMeshActor_UAID_10E7C633508B3BB201_1817544594 Label:BT_Barrel22 SpatiallyLoaded:1 Bounds:IsValid=true, Min=(X=2297.496 Y=2611.671 Z=7.415), Max=(X=2384.996 Y=2699.171 Z=129.919) RuntimeGrid:None EditorOnly:0 RuntimeOnly:0 HLODRelevant:1
 |   |   |- Guid:C43A198E47A7A1A3BC06A6BE0D49DB9A BaseClass: NativeClass:/Script/Engine.StaticMeshActor Name:StaticMeshActor_UAID_10E7C633508B3BB201_1247347544 Label:BT_Car SpatiallyLoaded:1 Bounds:IsValid=true, Min=(X=2659.025 Y=530.425 Z=-18.402), Max=(X=2840.834 Y=880.425 Z=131.408) RuntimeGrid:None EditorOnly:0 RuntimeOnly:0 HLODRelevant:1
 |   |   |- Guid:C7CAC69148B0289F8CB88CB3186EED4A BaseClass: NativeClass:/Script/Engine.StaticMeshActor Name:StaticMeshActor_UAID_10E7C633508B3BB201_1891243607 Label:BT_Barrel32 SpatiallyLoaded:1 Bounds:IsValid=true, Min=(X=2571.337 Y=2737.932 Z=-4.003), Max=(X=2641.337 Y=2835.936 Z=65.997) RuntimeGrid:None EditorOnly:0 RuntimeOnly:0 HLODRelevant:1
 |   |   |- Guid:C83724A745DB197E3C4ED5A2A840C65D BaseClass: NativeClass:/Script/Engine.StaticMeshActor Name:StaticMeshActor_UAID_10E7C633508B3BB201_1703804579 Label:BT_Barrel12 SpatiallyLoaded:1 Bounds:IsValid=true, Min=(X=1957.496 Y=3011.671 Z=7.415), Max=(X=2044.996 Y=3099.171 Z=129.919) RuntimeGrid:None EditorOnly:0 RuntimeOnly:0 HLODRelevant:1
 |   |   |- Guid:C930C15E47628C08B9FA1C8F4E0FFBB7 BaseClass: NativeClass:/Script/Engine.ExponentialHeightFog Name:ExponentialHeightFog_0 Label:ExponentialHeightFog SpatiallyLoaded:0 Bounds:IsValid=true, Min=(X=-5600.000 Y=-50.000 Z=-6850.000), Max=(X=-5600.000 Y=-50.000 Z=-6850.000) RuntimeGrid:None EditorOnly:0 RuntimeOnly:0 HLODRelevant:0 FolderPath:Lighting FolderGuid:963EC3EB4002CCE9759E2EBA541A873A
 |   |   |- Guid:CD29151D493707CA30D285811DEA8911 BaseClass: NativeClass:/Script/Engine.StaticMeshActor Name:StaticMeshActor_UAID_10E7C633508B3BB201_1821090601 Label:BT_Barrel27 SpatiallyLoaded:1 Bounds:IsValid=true, Min=(X=2767.496 Y=2601.671 Z=7.415), Max=(X=2854.996 Y=2689.171 Z=129.919) RuntimeGrid:None EditorOnly:0 RuntimeOnly:0 HLODRelevant:1
 |   |   |- Guid:CEE6A2E74E4D4C54A3EEE7808B772127 BaseClass:/Game/GGP(G2)/Programming/New_PlayerCube_BP.New_PlayerCube_BP_C NativeClass:/Script/Engine.Character Name:New_PlayerCube_BP_C_UAID_0068EBB84C0DA1B101_2082859409 Label:New_PlayerCube_BP SpatiallyLoaded:1 Bounds:IsValid=true, Min=(X=2042.505 Y=3019.433 Z=194.368), Max=(X=2106.505 Y=3083.433 Z=258.368) RuntimeGrid:None EditorOnly:0 RuntimeOnly:0 HLODRelevant:0
 |   |   |- Guid:D523408449AB7CD6460E9389CA3ACF16 BaseClass: NativeClass:/Script/Engine.StaticMeshActor Name:StaticMeshActor_UAID_10E7C633508B3BB201_1516942556 Label:BT_Fence5 SpatiallyLoaded:1 Bounds:IsValid=true, Min=(X=1894.270 Y=2766.233 Z=-2.158), Max=(X=1904.270 Y=3069.444 Z=237.802) RuntimeGrid:None EditorOnly:0 RuntimeOnly:0 HLODRelevant:1
 |   |   |- Guid:D5EE40B74003B23AD0AE7993B8CCE117 BaseClass: NativeClass:/Script/Engine.StaticMeshActor Name:StaticMeshActor_UAID_10E7C633508B3AB201_1765237350 Label:BT_Scafolding13 SpatiallyLoaded:1 Bounds:IsValid=true, Min=(X=2637.320 Y=1716.972 Z=-7.681), Max=(X=2862.681 Y=2082.956 Z=162.665) RuntimeGrid:None EditorOnly:0 RuntimeOnly:0 HLODRelevant:1
 |   |   |- Guid:D7869F4C4C7B015B33B8208370A43E05 BaseClass: NativeClass:/Script/Engine.StaticMeshActor Name:StaticMeshActor_UAID_10E7C633508B3BB201_1806040583 Label:BT_Barrel13 SpatiallyLoaded:1 Bounds:IsValid=true, Min=(X=2057.496 Y=2721.671 Z=7.415), Max=(X=2144.996 Y=2809.171 Z=129.919) RuntimeGrid:None EditorOnly:0 RuntimeOnly:0 HLODRelevant:1
 |   |   |- Guid:D8E2AFA74908386E4FA98A8A21887B87 BaseClass: NativeClass:/Script/Engine.StaticMeshActor Name:StaticMeshActor_UAID_10E7C633508B3AB201_1857081356 Label:BT_Tyres3 SpatiallyLoaded:1 Bounds:IsValid=true, Min=(X=2742.420 Y=1742.420 Z=185.984), Max=(X=2857.580 Y=1857.580 Z=214.016) RuntimeGrid:None EditorOnly:0 RuntimeOnly:0 HLODRelevant:1
 |   |   |- Guid:D97DF2464646CB844E132ABB839170A0 BaseClass: NativeClass:/Script/Engine.StaticMeshActor Name:StaticMeshActor_UAID_10E7C633508B3BB201_1697718576 Label:BT_Barrel9 SpatiallyLoaded:1 Bounds:IsValid=true, Min=(X=2057.496 Y=3121.671 Z=7.415), Max=(X=2144.996 Y=3209.171 Z=129.919) RuntimeGrid:None EditorOnly:0 RuntimeOnly:0 HLODRelevant:1
 |   |   |- Guid:DAECD73349F9224964F4A4989CD12120 BaseClass: NativeClass:/Script/Engine.StaticMeshActor Name:StaticMeshActor_UAID_10E7C633508B3BB201_1587694561 Label:BT_Scafolding12 SpatiallyLoaded:1 Bounds:IsValid=true, Min=(X=1937.320 Y=2986.972 Z=-7.681), Max=(X=2162.681 Y=3352.956 Z=162.665) RuntimeGrid:None EditorOnly:0 RuntimeOnly:0 HLODRelevant:1
 |   |   |- Guid:DBE1300241E49255CE82BDBE152CF9CE BaseClass: NativeClass:/Script/Engine.StaticMeshActor Name:StaticMeshActor_UAID_10E7C633508B3BB201_1821089600 Label:BT_Barrel26 SpatiallyLoaded:1 Bounds:IsValid=true, Min=(X=2667.496 Y=2721.671 Z=7.415), Max=(X=2754.996 Y=2809.171 Z=129.919) RuntimeGrid:None EditorOnly:0 RuntimeOnly:0 HLODRelevant:1
 |   |   |- Guid:DBE59723482ABC533B846A9C357A7E53 BaseClass: NativeClass:/Script/Engine.StaticMeshActor Name:StaticMeshActor_UAID_10E7C633508B3BB201_1821091602 Label:BT_Barrel28 SpatiallyLoaded:1 Bounds:IsValid=true, Min=(X=2667.496 Y=2611.671 Z=7.415), Max=(X=2754.996 Y=2699.171 Z=129.919) RuntimeGrid:None EditorOnly:0 RuntimeOnly:0 HLODRelevant:1
 |   |   |- Guid:E029388D4D0E5C89E599169DC64862CC BaseClass: NativeClass:/Script/Engine.StaticMeshActor Name:StaticMeshActor_UAID_10E7C633508B3BB201_1340386548 Label:BT_Barrel3 SpatiallyLoaded:1 Bounds:IsValid=true, Min=(X=2690.081 Y=311.671 Z=162.496), Max=(X=2812.585 Y=399.171 Z=249.996) RuntimeGrid:None EditorOnly:0 RuntimeOnly:0 HLODRelevant:1
 |   |   |- Guid:E2F09B7A46AE11124A08F0BF743B3E88 BaseClass: NativeClass:/Script/Engine.StaticMeshActor Name:StaticMeshActor_UAID_10E7C633508B3BB201_1299619546 Label:BT_Barrel SpatiallyLoaded:1 Bounds:IsValid=true, Min=(X=2690.081 Y=131.671 Z=162.496), Max=(X=2812.585 Y=219.171 Z=249.996) RuntimeGrid:None EditorOnly:0 RuntimeOnly:0 HLODRelevant:1
 |   |   |- Guid:E7A3822D455719E55D13528DE2010549 BaseClass: NativeClass:/Script/Engine.StaticMeshActor Name:StaticMeshActor_UAID_10E7C633508B3BB201_1821082597 Label:BT_Scafolding16 SpatiallyLoaded:1 Bounds:IsValid=true, Min=(X=2647.320 Y=2466.972 Z=-7.681), Max=(X=2872.681 Y=2832.956 Z=162.665) RuntimeGrid:None EditorOnly:0 RuntimeOnly:0 HLODRelevant:1
 |   |   |- Guid:E871B3E84F68688B98765CA1C3D6160D BaseClass: NativeClass:/Script/Engine.PostProcessVolume Name:PostProcessVolume_0 Label:PostProcessVolume SpatiallyLoaded:0 Bounds:IsValid=true, Min=(X=0.000 Y=0.000 Z=400.000), Max=(X=200.000 Y=200.000 Z=600.000) RuntimeGrid:None EditorOnly:0 RuntimeOnly:0 HLODRelevant:0 FolderPath:Lighting FolderGuid:963EC3EB4002CCE9759E2EBA541A873A
 |   |   |- Guid:E901CB0B4BE8CA9177EB1086C86D46A9 BaseClass: NativeClass:/Script/Engine.StaticMeshActor Name:StaticMeshActor_UAID_10E7C633508B3AB201_1757991345 Label:BT_Scafolding8 SpatiallyLoaded:1 Bounds:IsValid=true, Min=(X=2637.320 Y=1316.972 Z=142.319), Max=(X=2862.681 Y=1682.956 Z=312.665) RuntimeGrid:None EditorOnly:0 RuntimeOnly:0 HLODRelevant:1
 |   |   |- Guid:EE495EE74286E03C3C438BB519D7A494 BaseClass: NativeClass:/Script/Engine.SkyLight Name:SkyLight_1 Label:SkyLight SpatiallyLoaded:0 Bounds:IsValid=true, Min=(X=0.000 Y=0.000 Z=690.000), Max=(X=0.000 Y=0.000 Z=690.000) RuntimeGrid:None EditorOnly:0 RuntimeOnly:0 HLODRelevant:0 FolderPath:Lighting FolderGuid:963EC3EB4002CCE9759E2EBA541A873A
 |   |   |- Guid:F2C18C8E4C206A4878EEBD83A2CFB1BC BaseClass: NativeClass:/Script/Engine.StaticMeshActor Name:StaticMeshActor_UAID_10E7C633508B3BB201_1580484559 Label:BT_Scafolding10 SpatiallyLoaded:1 Bounds:IsValid=true, Min=(X=2637.320 Y=3006.972 Z=-7.681), Max=(X=2862.681 Y=3372.956 Z=162.665) RuntimeGrid:None EditorOnly:0 RuntimeOnly:0 HLODRelevant:1
 |   |   |- Guid:F3BE82734D40C02070816D92DDD55BAA BaseClass: NativeClass:/Script/Engine.StaticMeshActor Name:StaticMeshActor_UAID_10E7C633508B3BB201_1817545595 Label:BT_Barrel23 SpatiallyLoaded:1 Bounds:IsValid=true, Min=(X=2397.496 Y=2491.671 Z=7.415), Max=(X=2484.996 Y=2579.171 Z=129.919) RuntimeGrid:None EditorOnly:0 RuntimeOnly:0 HLODRelevant:1
 |   |   |- Guid:F40F5D9449061F57392491863339D210 BaseClass: NativeClass:/Script/Engine.StaticMeshActor Name:StaticMeshActor_UAID_10E7C633508B3AB201_1809481354 Label:BT_Tyres SpatiallyLoaded:1 Bounds:IsValid=true, Min=(X=2742.420 Y=1742.420 Z=160.984), Max=(X=2857.580 Y=1857.580 Z=189.016) RuntimeGrid:None EditorOnly:0 RuntimeOnly:0 HLODRelevant:1
 |   |   |- Guid:F6BC463C4CCAAD00FF3B5A9133C89AC0 BaseClass: NativeClass:/Script/Engine.StaticMeshActor Name:StaticMeshActor_UAID_10E7C633508B3BB201_1821094604 Label:BT_Barrel30 SpatiallyLoaded:1 Bounds:IsValid=true, Min=(X=2667.496 Y=2491.671 Z=7.415), Max=(X=2754.996 Y=2579.171 Z=129.919) RuntimeGrid:None EditorOnly:0 RuntimeOnly:0 HLODRelevant:1
 |   |   |- Guid:F9E4894340FB7BA16EE7248FF5643A6A BaseClass: NativeClass:/Script/Engine.StaticMeshActor Name:StaticMeshActor_UAID_10E7C633508B3BB201_1817546596 Label:BT_Barrel24 SpatiallyLoaded:1 Bounds:IsValid=true, Min=(X=2297.496 Y=2491.671 Z=7.415), Max=(X=2384.996 Y=2579.171 Z=129.919) RuntimeGrid:None EditorOnly:0 RuntimeOnly:0 HLODRelevant:1
 |   |   |- Guid:FD01F9C74F32A510DBA7A7998E944455 BaseClass: NativeClass:/Script/Engine.SkyAtmosphere Name:SkyAtmosphere_0 Label:SkyAtmosphere SpatiallyLoaded:0 Bounds:IsValid=true, Min=(X=0.000 Y=0.000 Z=1020.000), Max=(X=0.000 Y=0.000 Z=1020.000) RuntimeGrid:None EditorOnly:0 RuntimeOnly:0 HLODRelevant:0 FolderPath:Lighting FolderGuid:963EC3EB4002CCE9759E2EBA541A873A
 |   |   |- Guid:FD47A6AF4C6C2159EDED58B30229E9A8 BaseClass: NativeClass:/Script/Engine.DirectionalLight Name:DirectionalLight_0 Label:DirectionalLight SpatiallyLoaded:0 Bounds:IsValid=true, Min=(X=-4398046511104.000 Y=-4398046511104.000 Z=-4398046511104.000), Max=(X=4398046511104.000 Y=4398046511104.000 Z=4398046511104.000) RuntimeGrid:None EditorOnly:0 RuntimeOnly:0 HLODRelevant:0 FolderPath:Lighting FolderGuid:963EC3EB4002CCE9759E2EBA541A873A
 |   |- [+] Clusters:
 |   |   |- [+] [  0]
 |   |   |   |- Guid:3CE7ECDD460BD7DDC6C2D38FB032D334 BaseClass: NativeClass:/Script/Engine.WorldDataLayers Name:WorldDataLayers Label:WorldDataLayers SpatiallyLoaded:0 Bounds:IsValid=true, Min=(X=0.000 Y=0.000 Z=0.000), Max=(X=0.000 Y=0.000 Z=0.000) RuntimeGrid:None EditorOnly:0 RuntimeOnly:0 HLODRelevant:0
 |   |   |- [+] [  1]
 |   |   |   |- Guid:1061EE71417B40B616C7688A6D79B9C6 BaseClass: NativeClass:/Script/Engine.TextRenderActor Name:TextRenderActor_1 Label:TextRenderActor SpatiallyLoaded:1 Bounds:IsValid=true, Min=(X=-0.100 Y=1100.000 Z=65.013), Max=(X=-0.100 Y=2392.308 Z=215.013) RuntimeGrid:None EditorOnly:0 RuntimeOnly:0 HLODRelevant:0
 |   |   |- [+] [  2]
 |   |   |   |- Guid:E871B3E84F68688B98765CA1C3D6160D BaseClass: NativeClass:/Script/Engine.PostProcessVolume Name:PostProcessVolume_0 Label:PostProcessVolume SpatiallyLoaded:0 Bounds:IsValid=true, Min=(X=0.000 Y=0.000 Z=400.000), Max=(X=200.000 Y=200.000 Z=600.000) RuntimeGrid:None EditorOnly:0 RuntimeOnly:0 HLODRelevant:0 FolderPath:Lighting FolderGuid:963EC3EB4002CCE9759E2EBA541A873A
 |   |   |- [+] [  3]
 |   |   |   |- Guid:043EC6434123827420AEDEA83A3A509E BaseClass: NativeClass:/Script/Engine.VolumetricCloud Name:VolumetricCloud_0 Label:VolumetricCloud SpatiallyLoaded:0 Bounds:IsValid=true, Min=(X=0.000 Y=0.000 Z=820.000), Max=(X=0.000 Y=0.000 Z=820.000) RuntimeGrid:None EditorOnly:0 RuntimeOnly:0 HLODRelevant:0 FolderPath:Lighting FolderGuid:963EC3EB4002CCE9759E2EBA541A873A
 |   |   |- [+] [  4]
 |   |   |   |- Guid:EE495EE74286E03C3C438BB519D7A494 BaseClass: NativeClass:/Script/Engine.SkyLight Name:SkyLight_1 Label:SkyLight SpatiallyLoaded:0 Bounds:IsValid=true, Min=(X=0.000 Y=0.000 Z=690.000), Max=(X=0.000 Y=0.000 Z=690.000) RuntimeGrid:None EditorOnly:0 RuntimeOnly:0 HLODRelevant:0 FolderPath:Lighting FolderGuid:963EC3EB4002CCE9759E2EBA541A873A
 |   |   |- [+] [  5]
 |   |   |   |- Guid:926681004AA7C1736073589648EF3277 BaseClass:/Game/GGP(G2)/Programming/BP_SpeedBoost.BP_SpeedBoost_C NativeClass:/Script/Engine.Actor Name:BP_SpeedBoost_C_UAID_0068EBB84C0DA9B101_1578536819 Label:BP_SpeedBoost2 SpatiallyLoaded:1 Bounds:IsValid=true, Min=(X=-128.000 Y=-128.000 Z=-128.000), Max=(X=128.000 Y=128.000 Z=128.000) RuntimeGrid:None EditorOnly:0 RuntimeOnly:0 HLODRelevant:0
 |   |   |- [+] [  6]
 |   |   |   |- Guid:7AEEAEA04C3576A3D1DE91A01896DAF5 BaseClass: NativeClass:/Script/Engine.StaticMeshActor Name:StaticMeshActor_1 Label:SM_Cube SpatiallyLoaded:1 Bounds:IsValid=true, Min=(X=0.000 Y=0.000 Z=-50.000), Max=(X=3000.000 Y=3500.000 Z=0.000) RuntimeGrid:None EditorOnly:0 RuntimeOnly:0 HLODRelevant:1 FolderPath:Playground FolderGuid:C73F09FC4215536B1DCE2A9E0A830C70
 |   |   |- [+] [  7]
 |   |   |   |- Guid:0EE270EF44DF1F653505D1838A0E3FF8 BaseClass:/Game/GGP(G2)/Programming/BP_SpeedBoost.BP_SpeedBoost_C NativeClass:/Script/Engine.Actor Name:BP_SpeedBoost_C_UAID_0068EBB84C0DA7B101_1994786464 Label:BP_SpeedBoost SpatiallyLoaded:1 Bounds:IsValid=true, Min=(X=-128.000 Y=-128.000 Z=-128.000), Max=(X=128.000 Y=128.000 Z=128.000) RuntimeGrid:None EditorOnly:0 RuntimeOnly:0 HLODRelevant:0
 |   |   |- [+] [  8]
 |   |   |   |- Guid:FD01F9C74F32A510DBA7A7998E944455 BaseClass: NativeClass:/Script/Engine.SkyAtmosphere Name:SkyAtmosphere_0 Label:SkyAtmosphere SpatiallyLoaded:0 Bounds:IsValid=true, Min=(X=0.000 Y=0.000 Z=1020.000), Max=(X=0.000 Y=0.000 Z=1020.000) RuntimeGrid:None EditorOnly:0 RuntimeOnly:0 HLODRelevant:0 FolderPath:Lighting FolderGuid:963EC3EB4002CCE9759E2EBA541A873A
 |   |   |- [+] [  9]
 |   |   |   |- Guid:FD47A6AF4C6C2159EDED58B30229E9A8 BaseClass: NativeClass:/Script/Engine.DirectionalLight Name:DirectionalLight_0 Label:DirectionalLight SpatiallyLoaded:0 Bounds:IsValid=true, Min=(X=-4398046511104.000 Y=-4398046511104.000 Z=-4398046511104.000), Max=(X=4398046511104.000 Y=4398046511104.000 Z=4398046511104.000) RuntimeGrid:None EditorOnly:0 RuntimeOnly:0 HLODRelevant:0 FolderPath:Lighting FolderGuid:963EC3EB4002CCE9759E2EBA541A873A
 |   |   |- [+] [ 10]
 |   |   |   |- Guid:CEE6A2E74E4D4C54A3EEE7808B772127 BaseClass:/Game/GGP(G2)/Programming/New_PlayerCube_BP.New_PlayerCube_BP_C NativeClass:/Script/Engine.Character Name:New_PlayerCube_BP_C_UAID_0068EBB84C0DA1B101_2082859409 Label:New_PlayerCube_BP SpatiallyLoaded:1 Bounds:IsValid=true, Min=(X=2042.505 Y=3019.433 Z=194.368), Max=(X=2106.505 Y=3083.433 Z=258.368) RuntimeGrid:None EditorOnly:0 RuntimeOnly:0 HLODRelevant:0
 |   |   |- [+] [ 11]
 |   |   |   |- Guid:B7F528EC4AA0F34404150C8B3AA8691E BaseClass: NativeClass:/Script/Engine.StaticMeshActor Name:StaticMeshActor_UAID_A4AE111137DC5EFB00_1110535423 Label:SM_SkySphere SpatiallyLoaded:0 Bounds:IsValid=true, Min=(X=-1638400.000 Y=-1638400.000 Z=-1638400.000), Max=(X=1638400.000 Y=1638400.000 Z=1638400.000) RuntimeGrid:None EditorOnly:0 RuntimeOnly:0 HLODRelevant:1 FolderPath:Lighting FolderGuid:963EC3EB4002CCE9759E2EBA541A873A
 |   |   |- [+] [ 12]
 |   |   |   |- Guid:C930C15E47628C08B9FA1C8F4E0FFBB7 BaseClass: NativeClass:/Script/Engine.ExponentialHeightFog Name:ExponentialHeightFog_0 Label:ExponentialHeightFog SpatiallyLoaded:0 Bounds:IsValid=true, Min=(X=-5600.000 Y=-50.000 Z=-6850.000), Max=(X=-5600.000 Y=-50.000 Z=-6850.000) RuntimeGrid:None EditorOnly:0 RuntimeOnly:0 HLODRelevant:0 FolderPath:Lighting FolderGuid:963EC3EB4002CCE9759E2EBA541A873A
 |   |   |- [+] [ 13]
 |   |   |   |- Guid:20E7CDAA48AA67A25197569DD7CE2CE0 BaseClass: NativeClass:/Script/Engine.StaticMeshActor Name:StaticMeshActor_UAID_10E7C633508B3AB201_1442221335 Label:BT_Scafolding SpatiallyLoaded:1 Bounds:IsValid=true, Min=(X=2637.320 Y=116.972 Z=-7.681), Max=(X=2862.681 Y=482.956 Z=162.665) RuntimeGrid:None EditorOnly:0 RuntimeOnly:0 HLODRelevant:1
 |   |   |- [+] [ 14]
 |   |   |   |- Guid:0ABEAED74BBDDA2023E099A67E991B79 BaseClass: NativeClass:/Script/Engine.StaticMeshActor Name:StaticMeshActor_UAID_10E7C633508B3AB201_1700870339 Label:BT_Scafolding2 SpatiallyLoaded:1 Bounds:IsValid=true, Min=(X=2637.320 Y=116.972 Z=142.319), Max=(X=2862.681 Y=482.956 Z=312.665) RuntimeGrid:None EditorOnly:0 RuntimeOnly:0 HLODRelevant:1
 |   |   |- [+] [ 15]
 |   |   |   |- Guid:96013A9342AE935679C1DB8753FD016D BaseClass: NativeClass:/Script/Engine.StaticMeshActor Name:StaticMeshActor_UAID_10E7C633508B3AB201_1715711342 Label:BT_Scafolding5 SpatiallyLoaded:1 Bounds:IsValid=true, Min=(X=2637.320 Y=916.972 Z=-7.681), Max=(X=2862.681 Y=1282.956 Z=162.665) RuntimeGrid:None EditorOnly:0 RuntimeOnly:0 HLODRelevant:1
 |   |   |- [+] [ 16]
 |   |   |   |- Guid:A0C38904480ABA50711E36B9726A6CCA BaseClass: NativeClass:/Script/Engine.StaticMeshActor Name:StaticMeshActor_UAID_10E7C633508B3AB201_1715715343 Label:BT_Scafolding6 SpatiallyLoaded:1 Bounds:IsValid=true, Min=(X=2637.320 Y=916.972 Z=142.319), Max=(X=2862.681 Y=1282.956 Z=312.665) RuntimeGrid:None EditorOnly:0 RuntimeOnly:0 HLODRelevant:1
 |   |   |- [+] [ 17]
 |   |   |   |- Guid:00AB33EE46655D59620D08B54D641458 BaseClass: NativeClass:/Script/Engine.StaticMeshActor Name:StaticMeshActor_UAID_10E7C633508B3AB201_1757987344 Label:BT_Scafolding7 SpatiallyLoaded:1 Bounds:IsValid=true, Min=(X=2637.320 Y=1316.972 Z=-7.681), Max=(X=2862.681 Y=1682.956 Z=162.665) RuntimeGrid:None EditorOnly:0 RuntimeOnly:0 HLODRelevant:1
 |   |   |- [+] [ 18]
 |   |   |   |- Guid:E901CB0B4BE8CA9177EB1086C86D46A9 BaseClass: NativeClass:/Script/Engine.StaticMeshActor Name:StaticMeshActor_UAID_10E7C633508B3AB201_1757991345 Label:BT_Scafolding8 SpatiallyLoaded:1 Bounds:IsValid=true, Min=(X=2637.320 Y=1316.972 Z=142.319), Max=(X=2862.681 Y=1682.956 Z=312.665) RuntimeGrid:None EditorOnly:0 RuntimeOnly:0 HLODRelevant:1
 |   |   |- [+] [ 19]
 |   |   |   |- Guid:D5EE40B74003B23AD0AE7993B8CCE117 BaseClass: NativeClass:/Script/Engine.StaticMeshActor Name:StaticMeshActor_UAID_10E7C633508B3AB201_1765237350 Label:BT_Scafolding13 SpatiallyLoaded:1 Bounds:IsValid=true, Min=(X=2637.320 Y=1716.972 Z=-7.681), Max=(X=2862.681 Y=2082.956 Z=162.665) RuntimeGrid:None EditorOnly:0 RuntimeOnly:0 HLODRelevant:1
 |   |   |- [+] [ 20]
 |   |   |   |- Guid:F40F5D9449061F57392491863339D210 BaseClass: NativeClass:/Script/Engine.StaticMeshActor Name:StaticMeshActor_UAID_10E7C633508B3AB201_1809481354 Label:BT_Tyres SpatiallyLoaded:1 Bounds:IsValid=true, Min=(X=2742.420 Y=1742.420 Z=160.984), Max=(X=2857.580 Y=1857.580 Z=189.016) RuntimeGrid:None EditorOnly:0 RuntimeOnly:0 HLODRelevant:1
 |   |   |- [+] [ 21]
 |   |   |   |- Guid:8B436C5E4C8D46387B48B3BBB4B1F8BF BaseClass: NativeClass:/Script/Engine.StaticMeshActor Name:StaticMeshActor_UAID_10E7C633508B3AB201_1836481355 Label:BT_Tyres2 SpatiallyLoaded:1 Bounds:IsValid=true, Min=(X=2760.296 Y=1910.296 Z=160.984), Max=(X=2859.704 Y=2009.704 Z=189.016) RuntimeGrid:None EditorOnly:0 RuntimeOnly:0 HLODRelevant:1
 |   |   |- [+] [ 22]
 |   |   |   |- Guid:D8E2AFA74908386E4FA98A8A21887B87 BaseClass: NativeClass:/Script/Engine.StaticMeshActor Name:StaticMeshActor_UAID_10E7C633508B3AB201_1857081356 Label:BT_Tyres3 SpatiallyLoaded:1 Bounds:IsValid=true, Min=(X=2742.420 Y=1742.420 Z=185.984), Max=(X=2857.580 Y=1857.580 Z=214.016) RuntimeGrid:None EditorOnly:0 RuntimeOnly:0 HLODRelevant:1
 |   |   |- [+] [ 23]
 |   |   |   |- Guid:9E67FDD6488895FCEB5650A88507B306 BaseClass: NativeClass:/Script/Engine.StaticMeshActor Name:StaticMeshActor_UAID_10E7C633508B3AB201_1863527357 Label:BT_Tyres4 SpatiallyLoaded:1 Bounds:IsValid=true, Min=(X=2742.420 Y=1742.420 Z=215.984), Max=(X=2857.580 Y=1857.580 Z=244.016) RuntimeGrid:None EditorOnly:0 RuntimeOnly:0 HLODRelevant:1
 |   |   |- [+] [ 24]
 |   |   |   |- Guid:06C93D1C44C3818F41D70E9BBC0F0611 BaseClass: NativeClass:/Script/Engine.StaticMeshActor Name:StaticMeshActor_UAID_10E7C633508B3AB201_1869366358 Label:BT_Tyres5 SpatiallyLoaded:1 Bounds:IsValid=true, Min=(X=2742.420 Y=1742.420 Z=240.984), Max=(X=2857.580 Y=1857.580 Z=269.016) RuntimeGrid:None EditorOnly:0 RuntimeOnly:0 HLODRelevant:1
 |   |   |- [+] [ 25]
 |   |   |   |- Guid:16CD04BA49B4A5B858C62A80AF1B0B27 BaseClass: NativeClass:/Script/Engine.StaticMeshActor Name:StaticMeshActor_UAID_10E7C633508B3AB201_1875640359 Label:BT_Tyres6 SpatiallyLoaded:1 Bounds:IsValid=true, Min=(X=2760.296 Y=1910.296 Z=190.984), Max=(X=2859.704 Y=2009.704 Z=219.016) RuntimeGrid:None EditorOnly:0 RuntimeOnly:0 HLODRelevant:1
 |   |   |- [+] [ 26]
 |   |   |   |- Guid:C43A198E47A7A1A3BC06A6BE0D49DB9A BaseClass: NativeClass:/Script/Engine.StaticMeshActor Name:StaticMeshActor_UAID_10E7C633508B3BB201_1247347544 Label:BT_Car SpatiallyLoaded:1 Bounds:IsValid=true, Min=(X=2659.025 Y=530.425 Z=-18.402), Max=(X=2840.834 Y=880.425 Z=131.408) RuntimeGrid:None EditorOnly:0 RuntimeOnly:0 HLODRelevant:1
 |   |   |- [+] [ 27]
 |   |   |   |- Guid:51769FB94D35A2E18BF41A9B58332BAF BaseClass: NativeClass:/Script/Engine.StaticMeshActor Name:StaticMeshActor_UAID_10E7C633508B3BB201_1259880545 Label:BT_Car2 SpatiallyLoaded:1 Bounds:IsValid=true, Min=(X=2654.025 Y=130.425 Z=-18.402), Max=(X=2835.834 Y=480.425 Z=131.408) RuntimeGrid:None EditorOnly:0 RuntimeOnly:0 HLODRelevant:1
 |   |   |- [+] [ 28]
 |   |   |   |- Guid:E2F09B7A46AE11124A08F0BF743B3E88 BaseClass: NativeClass:/Script/Engine.StaticMeshActor Name:StaticMeshActor_UAID_10E7C633508B3BB201_1299619546 Label:BT_Barrel SpatiallyLoaded:1 Bounds:IsValid=true, Min=(X=2690.081 Y=131.671 Z=162.496), Max=(X=2812.585 Y=219.171 Z=249.996) RuntimeGrid:None EditorOnly:0 RuntimeOnly:0 HLODRelevant:1
 |   |   |- [+] [ 29]
 |   |   |   |- Guid:0E147B2C476A296439912189235F9D23 BaseClass: NativeClass:/Script/Engine.StaticMeshActor Name:StaticMeshActor_UAID_10E7C633508B3BB201_1337675547 Label:BT_Barrel2 SpatiallyLoaded:1 Bounds:IsValid=true, Min=(X=2690.081 Y=221.671 Z=162.496), Max=(X=2812.585 Y=309.171 Z=249.996) RuntimeGrid:None EditorOnly:0 RuntimeOnly:0 HLODRelevant:1
 |   |   |- [+] [ 30]
 |   |   |   |- Guid:E029388D4D0E5C89E599169DC64862CC BaseClass: NativeClass:/Script/Engine.StaticMeshActor Name:StaticMeshActor_UAID_10E7C633508B3BB201_1340386548 Label:BT_Barrel3 SpatiallyLoaded:1 Bounds:IsValid=true, Min=(X=2690.081 Y=311.671 Z=162.496), Max=(X=2812.585 Y=399.171 Z=249.996) RuntimeGrid:None EditorOnly:0 RuntimeOnly:0 HLODRelevant:1
 |   |   |- [+] [ 31]
 |   |   |   |- Guid:829CDBF3478100176F0BDAB6445078EA BaseClass: NativeClass:/Script/Engine.StaticMeshActor Name:StaticMeshActor_UAID_10E7C633508B3BB201_1343427549 Label:BT_Barrel4 SpatiallyLoaded:1 Bounds:IsValid=true, Min=(X=2784.498 Y=401.003 Z=163.449), Max=(X=2836.998 Y=453.503 Z=236.952) RuntimeGrid:None EditorOnly:0 RuntimeOnly:0 HLODRelevant:1
 |   |   |- [+] [ 32]
 |   |   |   |- Guid:5542B5B34CD3158A502DDEABAD76E207 BaseClass: NativeClass:/Script/Engine.StaticMeshActor Name:StaticMeshActor_UAID_10E7C633508B3BB201_1369354550 Label:BT_Barrel5 SpatiallyLoaded:1 Bounds:IsValid=true, Min=(X=2734.498 Y=401.003 Z=163.449), Max=(X=2786.998 Y=453.503 Z=236.952) RuntimeGrid:None EditorOnly:0 RuntimeOnly:0 HLODRelevant:1
 |   |   |- [+] [ 33]
 |   |   |   |- Guid:14B7ECC9486F5F73AAD5C595DFAE0989 BaseClass: NativeClass:/Script/Engine.StaticMeshActor Name:StaticMeshActor_UAID_10E7C633508B3BB201_1371623551 Label:BT_Barrel6 SpatiallyLoaded:1 Bounds:IsValid=true, Min=(X=2684.498 Y=401.003 Z=163.449), Max=(X=2736.998 Y=453.503 Z=236.952) RuntimeGrid:None EditorOnly:0 RuntimeOnly:0 HLODRelevant:1
 |   |   |- [+] [ 34]
 |   |   |   |- Guid:861859B943F0FCE555F593944766A8CE BaseClass: NativeClass:/Script/Engine.StaticMeshActor Name:StaticMeshActor_UAID_10E7C633508B3BB201_1455763552 Label:BT_Fence SpatiallyLoaded:1 Bounds:IsValid=true, Min=(X=2516.233 Y=2445.730 Z=-2.158), Max=(X=2819.444 Y=2455.730 Z=237.802) RuntimeGrid:None EditorOnly:0 RuntimeOnly:0 HLODRelevant:1
 |   |   |- [+] [ 35]
 |   |   |   |- Guid:9950B36842377BDD4FBB40A3280F0B61 BaseClass: NativeClass:/Script/Engine.StaticMeshActor Name:StaticMeshActor_UAID_10E7C633508B3BB201_1476797553 Label:BT_Fence2 SpatiallyLoaded:1 Bounds:IsValid=true, Min=(X=2216.233 Y=2445.730 Z=-2.158), Max=(X=2519.444 Y=2455.730 Z=237.802) RuntimeGrid:None EditorOnly:0 RuntimeOnly:0 HLODRelevant:1
 |   |   |- [+] [ 36]
 |   |   |   |- Guid:3C32ABCD4D134FB1468E969ECAEC6511 BaseClass: NativeClass:/Script/Engine.StaticMeshActor Name:StaticMeshActor_UAID_10E7C633508B3BB201_1481298554 Label:BT_Fence3 SpatiallyLoaded:1 Bounds:IsValid=true, Min=(X=1916.233 Y=2445.730 Z=-2.158), Max=(X=2219.444 Y=2455.730 Z=237.802) RuntimeGrid:None EditorOnly:0 RuntimeOnly:0 HLODRelevant:1
 |   |   |- [+] [ 37]
 |   |   |   |- Guid:B26F622C4588F11C498C73935A25D22D BaseClass: NativeClass:/Script/Engine.StaticMeshActor Name:StaticMeshActor_UAID_10E7C633508B3BB201_1507986555 Label:BT_Fence4 SpatiallyLoaded:1 Bounds:IsValid=true, Min=(X=1894.270 Y=2466.233 Z=-2.158), Max=(X=1904.270 Y=2769.444 Z=237.802) RuntimeGrid:None EditorOnly:0 RuntimeOnly:0 HLODRelevant:1
 |   |   |- [+] [ 38]
 |   |   |   |- Guid:D523408449AB7CD6460E9389CA3ACF16 BaseClass: NativeClass:/Script/Engine.StaticMeshActor Name:StaticMeshActor_UAID_10E7C633508B3BB201_1516942556 Label:BT_Fence5 SpatiallyLoaded:1 Bounds:IsValid=true, Min=(X=1894.270 Y=2766.233 Z=-2.158), Max=(X=1904.270 Y=3069.444 Z=237.802) RuntimeGrid:None EditorOnly:0 RuntimeOnly:0 HLODRelevant:1
 |   |   |- [+] [ 39]
 |   |   |   |- Guid:98BEB653473E2834769BEF883924827E BaseClass: NativeClass:/Script/Engine.StaticMeshActor Name:StaticMeshActor_UAID_10E7C633508B3BB201_1520353557 Label:BT_Fence6 SpatiallyLoaded:1 Bounds:IsValid=true, Min=(X=1894.270 Y=3066.233 Z=-2.158), Max=(X=1904.270 Y=3369.444 Z=237.802) RuntimeGrid:None EditorOnly:0 RuntimeOnly:0 HLODRelevant:1
 |   |   |- [+] [ 40]
 |   |   |   |- Guid:F2C18C8E4C206A4878EEBD83A2CFB1BC BaseClass: NativeClass:/Script/Engine.StaticMeshActor Name:StaticMeshActor_UAID_10E7C633508B3BB201_1580484559 Label:BT_Scafolding10 SpatiallyLoaded:1 Bounds:IsValid=true, Min=(X=2637.320 Y=3006.972 Z=-7.681), Max=(X=2862.681 Y=3372.956 Z=162.665) RuntimeGrid:None EditorOnly:0 RuntimeOnly:0 HLODRelevant:1
 |   |   |- [+] [ 41]
 |   |   |   |- Guid:DAECD73349F9224964F4A4989CD12120 BaseClass: NativeClass:/Script/Engine.StaticMeshActor Name:StaticMeshActor_UAID_10E7C633508B3BB201_1587694561 Label:BT_Scafolding12 SpatiallyLoaded:1 Bounds:IsValid=true, Min=(X=1937.320 Y=2986.972 Z=-7.681), Max=(X=2162.681 Y=3352.956 Z=162.665) RuntimeGrid:None EditorOnly:0 RuntimeOnly:0 HLODRelevant:1
 |   |   |- [+] [ 42]
 |   |   |   |- Guid:23C10CD34C83884F58939B905F6F5E04 BaseClass: NativeClass:/Script/Engine.StaticMeshActor Name:StaticMeshActor_UAID_10E7C633508B3BB201_1622464563 Label:BT_Car3 SpatiallyLoaded:1 Bounds:IsValid=true, Min=(X=2664.025 Y=2470.425 Z=161.598), Max=(X=2845.834 Y=2820.425 Z=311.408) RuntimeGrid:None EditorOnly:0 RuntimeOnly:0 HLODRelevant:1
 |   |   |- [+] [ 43]
 |   |   |   |- Guid:4CA6C47649743A396EB54E8F101D1C9D BaseClass: NativeClass:/Script/Engine.StaticMeshActor Name:StaticMeshActor_UAID_10E7C633508B3BB201_1630986564 Label:BT_Car4 SpatiallyLoaded:1 Bounds:IsValid=true, Min=(X=2294.025 Y=2460.425 Z=161.598), Max=(X=2475.834 Y=2810.425 Z=311.408) RuntimeGrid:None EditorOnly:0 RuntimeOnly:0 HLODRelevant:1
 |   |   |- [+] [ 44]
 |   |   |   |- Guid:675FAD024F37CAD56D99368021BE4FC9 BaseClass: NativeClass:/Script/Engine.StaticMeshActor Name:StaticMeshActor_UAID_10E7C633508B3BB201_1635624565 Label:BT_Car5 SpatiallyLoaded:1 Bounds:IsValid=true, Min=(X=1954.025 Y=2480.425 Z=161.598), Max=(X=2135.834 Y=2830.425 Z=311.408) RuntimeGrid:None EditorOnly:0 RuntimeOnly:0 HLODRelevant:1
 |   |   |- [+] [ 45]
 |   |   |   |- Guid:01D80EA14F8897BC281FA1B521507D2E BaseClass: NativeClass:/Script/Engine.StaticMeshActor Name:StaticMeshActor_UAID_10E7C633508B3BB201_1643005566 Label:BT_Tyres7 SpatiallyLoaded:1 Bounds:IsValid=true, Min=(X=2413.750 Y=3253.750 Z=0.984), Max=(X=2526.250 Y=3366.250 Z=29.016) RuntimeGrid:None EditorOnly:0 RuntimeOnly:0 HLODRelevant:1
 |   |   |- [+] [ 46]
 |   |   |   |- Guid:8C4D24A9461679603B302A810AC22A3D BaseClass: NativeClass:/Script/Engine.StaticMeshActor Name:StaticMeshActor_UAID_10E7C633508B3BB201_1643011568 Label:BT_Tyres8 SpatiallyLoaded:1 Bounds:IsValid=true, Min=(X=2413.750 Y=3253.750 Z=30.984), Max=(X=2526.250 Y=3366.250 Z=59.016) RuntimeGrid:None EditorOnly:0 RuntimeOnly:0 HLODRelevant:1
 |   |   |- [+] [ 47]
 |   |   |   |- Guid:825D99B14EFDC49CE81E4893E5A5195A BaseClass: NativeClass:/Script/Engine.StaticMeshActor Name:StaticMeshActor_UAID_10E7C633508B3BB201_1657370569 Label:BT_Tyres9 SpatiallyLoaded:1 Bounds:IsValid=true, Min=(X=2232.420 Y=3242.420 Z=0.984), Max=(X=2347.580 Y=3357.580 Z=29.016) RuntimeGrid:None EditorOnly:0 RuntimeOnly:0 HLODRelevant:1
 |   |   |- [+] [ 48]
 |   |   |   |- Guid:5300B2444CCD398BC9C0F7BCE46A243B BaseClass: NativeClass:/Script/Engine.StaticMeshActor Name:StaticMeshActor_UAID_10E7C633508B3BB201_1657375571 Label:BT_Tyres10 SpatiallyLoaded:1 Bounds:IsValid=true, Min=(X=2232.420 Y=3242.420 Z=25.984), Max=(X=2347.580 Y=3357.580 Z=54.016) RuntimeGrid:None EditorOnly:0 RuntimeOnly:0 HLODRelevant:1
 |   |   |- [+] [ 49]
 |   |   |   |- Guid:AA37E77742B153EA4618C8B0B05870B3 BaseClass: NativeClass:/Script/Engine.StaticMeshActor Name:StaticMeshActor_UAID_10E7C633508B3BB201_1657377572 Label:BT_Tyres11 SpatiallyLoaded:1 Bounds:IsValid=true, Min=(X=2232.420 Y=3242.420 Z=55.984), Max=(X=2347.580 Y=3357.580 Z=84.016) RuntimeGrid:None EditorOnly:0 RuntimeOnly:0 HLODRelevant:1
 |   |   |- [+] [ 50]
 |   |   |   |- Guid:92D5F7224CDA58B7E42A31B14DBB00F6 BaseClass: NativeClass:/Script/Engine.StaticMeshActor Name:StaticMeshActor_UAID_10E7C633508B3BB201_1657378573 Label:BT_Tyres12 SpatiallyLoaded:1 Bounds:IsValid=true, Min=(X=2232.420 Y=3242.420 Z=80.984), Max=(X=2347.580 Y=3357.580 Z=109.016) RuntimeGrid:None EditorOnly:0 RuntimeOnly:0 HLODRelevant:1
 |   |   |- [+] [ 51]
 |   |   |   |- Guid:9C4B373B49F0649F333C449FED878717 BaseClass: NativeClass:/Script/Engine.StaticMeshActor Name:StaticMeshActor_UAID_10E7C633508B3BB201_1681020574 Label:BT_Barrel7 SpatiallyLoaded:1 Bounds:IsValid=true, Min=(X=2057.496 Y=3241.671 Z=7.415), Max=(X=2144.996 Y=3329.171 Z=129.919) RuntimeGrid:None EditorOnly:0 RuntimeOnly:0 HLODRelevant:1
 |   |   |- [+] [ 52]
 |   |   |   |- Guid:68AC902B4930E18596AA12ACAE5B2FE8 BaseClass: NativeClass:/Script/Engine.StaticMeshActor Name:StaticMeshActor_UAID_10E7C633508B3BB201_1691233575 Label:BT_Barrel8 SpatiallyLoaded:1 Bounds:IsValid=true, Min=(X=1957.496 Y=3241.671 Z=7.415), Max=(X=2044.996 Y=3329.171 Z=129.919) RuntimeGrid:None EditorOnly:0 RuntimeOnly:0 HLODRelevant:1
 |   |   |- [+] [ 53]
 |   |   |   |- Guid:D97DF2464646CB844E132ABB839170A0 BaseClass: NativeClass:/Script/Engine.StaticMeshActor Name:StaticMeshActor_UAID_10E7C633508B3BB201_1697718576 Label:BT_Barrel9 SpatiallyLoaded:1 Bounds:IsValid=true, Min=(X=2057.496 Y=3121.671 Z=7.415), Max=(X=2144.996 Y=3209.171 Z=129.919) RuntimeGrid:None EditorOnly:0 RuntimeOnly:0 HLODRelevant:1
 |   |   |- [+] [ 54]
 |   |   |   |- Guid:4AD7D30941ECF863086A15BA170067BD BaseClass: NativeClass:/Script/Engine.StaticMeshActor Name:StaticMeshActor_UAID_10E7C633508B3BB201_1697721577 Label:BT_Barrel10 SpatiallyLoaded:1 Bounds:IsValid=true, Min=(X=1957.496 Y=3131.671 Z=7.415), Max=(X=2044.996 Y=3219.171 Z=129.919) RuntimeGrid:None EditorOnly:0 RuntimeOnly:0 HLODRelevant:1
 |   |   |- [+] [ 55]
 |   |   |   |- Guid:BEC10A744E35F974964BF89AD86A3A9F BaseClass: NativeClass:/Script/Engine.StaticMeshActor Name:StaticMeshActor_UAID_10E7C633508B3BB201_1703800578 Label:BT_Barrel11 SpatiallyLoaded:1 Bounds:IsValid=true, Min=(X=2057.496 Y=3011.671 Z=7.415), Max=(X=2144.996 Y=3099.171 Z=129.919) RuntimeGrid:None EditorOnly:0 RuntimeOnly:0 HLODRelevant:1
 |   |   |- [+] [ 56]
 |   |   |   |- Guid:C83724A745DB197E3C4ED5A2A840C65D BaseClass: NativeClass:/Script/Engine.StaticMeshActor Name:StaticMeshActor_UAID_10E7C633508B3BB201_1703804579 Label:BT_Barrel12 SpatiallyLoaded:1 Bounds:IsValid=true, Min=(X=1957.496 Y=3011.671 Z=7.415), Max=(X=2044.996 Y=3099.171 Z=129.919) RuntimeGrid:None EditorOnly:0 RuntimeOnly:0 HLODRelevant:1
 |   |   |- [+] [ 57]
 |   |   |   |- Guid:6286CA9344FE66F016EAF58CE0A31491 BaseClass: NativeClass:/Script/Engine.StaticMeshActor Name:StaticMeshActor_UAID_10E7C633508B3BB201_1806035581 Label:BT_Scafolding14 SpatiallyLoaded:1 Bounds:IsValid=true, Min=(X=1937.320 Y=2466.972 Z=-7.681), Max=(X=2162.681 Y=2832.956 Z=162.665) RuntimeGrid:None EditorOnly:0 RuntimeOnly:0 HLODRelevant:1
 |   |   |- [+] [ 58]
 |   |   |   |- Guid:D7869F4C4C7B015B33B8208370A43E05 BaseClass: NativeClass:/Script/Engine.StaticMeshActor Name:StaticMeshActor_UAID_10E7C633508B3BB201_1806040583 Label:BT_Barrel13 SpatiallyLoaded:1 Bounds:IsValid=true, Min=(X=2057.496 Y=2721.671 Z=7.415), Max=(X=2144.996 Y=2809.171 Z=129.919) RuntimeGrid:None EditorOnly:0 RuntimeOnly:0 HLODRelevant:1
 |   |   |- [+] [ 59]
 |   |   |   |- Guid:2DFB785149BF8E64BC623BAF3EEABE8C BaseClass: NativeClass:/Script/Engine.StaticMeshActor Name:StaticMeshActor_UAID_10E7C633508B3BB201_1806041584 Label:BT_Barrel14 SpatiallyLoaded:1 Bounds:IsValid=true, Min=(X=1957.496 Y=2721.671 Z=7.415), Max=(X=2044.996 Y=2809.171 Z=129.919) RuntimeGrid:None EditorOnly:0 RuntimeOnly:0 HLODRelevant:1
 |   |   |- [+] [ 60]
 |   |   |   |- Guid:6E4D8A0647E716CF6925D5B6DBE2848A BaseClass: NativeClass:/Script/Engine.StaticMeshActor Name:StaticMeshActor_UAID_10E7C633508B3BB201_1806043585 Label:BT_Barrel15 SpatiallyLoaded:1 Bounds:IsValid=true, Min=(X=2057.496 Y=2601.671 Z=7.415), Max=(X=2144.996 Y=2689.171 Z=129.919) RuntimeGrid:None EditorOnly:0 RuntimeOnly:0 HLODRelevant:1
 |   |   |- [+] [ 61]
 |   |   |   |- Guid:A8F9903F47C0310F8F2C81A2B28E88EE BaseClass: NativeClass:/Script/Engine.StaticMeshActor Name:StaticMeshActor_UAID_10E7C633508B3BB201_1806044586 Label:BT_Barrel16 SpatiallyLoaded:1 Bounds:IsValid=true, Min=(X=1957.496 Y=2611.671 Z=7.415), Max=(X=2044.996 Y=2699.171 Z=129.919) RuntimeGrid:None EditorOnly:0 RuntimeOnly:0 HLODRelevant:1
 |   |   |- [+] [ 62]
 |   |   |   |- Guid:B5611C334B60B935BA5253A3BBA09E4C BaseClass: NativeClass:/Script/Engine.StaticMeshActor Name:StaticMeshActor_UAID_10E7C633508B3BB201_1806046587 Label:BT_Barrel17 SpatiallyLoaded:1 Bounds:IsValid=true, Min=(X=2057.496 Y=2491.671 Z=7.415), Max=(X=2144.996 Y=2579.171 Z=129.919) RuntimeGrid:None EditorOnly:0 RuntimeOnly:0 HLODRelevant:1
 |   |   |- [+] [ 63]
 |   |   |   |- Guid:34432994494BAEF2D7175FAA8DBE70AB BaseClass: NativeClass:/Script/Engine.StaticMeshActor Name:StaticMeshActor_UAID_10E7C633508B3BB201_1806047588 Label:BT_Barrel18 SpatiallyLoaded:1 Bounds:IsValid=true, Min=(X=1957.496 Y=2491.671 Z=7.415), Max=(X=2044.996 Y=2579.171 Z=129.919) RuntimeGrid:None EditorOnly:0 RuntimeOnly:0 HLODRelevant:1
 |   |   |- [+] [ 64]
 |   |   |   |- Guid:BE83DD814FE59C5F82C74E9A33330D10 BaseClass: NativeClass:/Script/Engine.StaticMeshActor Name:StaticMeshActor_UAID_10E7C633508B3BB201_1817535589 Label:BT_Scafolding15 SpatiallyLoaded:1 Bounds:IsValid=true, Min=(X=2277.320 Y=2466.972 Z=-7.681), Max=(X=2502.681 Y=2832.956 Z=162.665) RuntimeGrid:None EditorOnly:0 RuntimeOnly:0 HLODRelevant:1
 |   |   |- [+] [ 65]
 |   |   |   |- Guid:2EA283094536FE30329B688AC4AB67F6 BaseClass: NativeClass:/Script/Engine.StaticMeshActor Name:StaticMeshActor_UAID_10E7C633508B3BB201_1817540591 Label:BT_Barrel19 SpatiallyLoaded:1 Bounds:IsValid=true, Min=(X=2397.496 Y=2721.671 Z=7.415), Max=(X=2484.996 Y=2809.171 Z=129.919) RuntimeGrid:None EditorOnly:0 RuntimeOnly:0 HLODRelevant:1
 |   |   |- [+] [ 66]
 |   |   |   |- Guid:949073834A2195DB4D0CFCA7D32299EF BaseClass: NativeClass:/Script/Engine.StaticMeshActor Name:StaticMeshActor_UAID_10E7C633508B3BB201_1817541592 Label:BT_Barrel20 SpatiallyLoaded:1 Bounds:IsValid=true, Min=(X=2297.496 Y=2721.671 Z=7.415), Max=(X=2384.996 Y=2809.171 Z=129.919) RuntimeGrid:None EditorOnly:0 RuntimeOnly:0 HLODRelevant:1
 |   |   |- [+] [ 67]
 |   |   |   |- Guid:72A9000345B06B5B7CA501895DF3F1DD BaseClass: NativeClass:/Script/Engine.StaticMeshActor Name:StaticMeshActor_UAID_10E7C633508B3BB201_1817543593 Label:BT_Barrel21 SpatiallyLoaded:1 Bounds:IsValid=true, Min=(X=2397.496 Y=2601.671 Z=7.415), Max=(X=2484.996 Y=2689.171 Z=129.919) RuntimeGrid:None EditorOnly:0 RuntimeOnly:0 HLODRelevant:1
 |   |   |- [+] [ 68]
 |   |   |   |- Guid:C2073C284D1F1A181947BC8512637DCB BaseClass: NativeClass:/Script/Engine.StaticMeshActor Name:StaticMeshActor_UAID_10E7C633508B3BB201_1817544594 Label:BT_Barrel22 SpatiallyLoaded:1 Bounds:IsValid=true, Min=(X=2297.496 Y=2611.671 Z=7.415), Max=(X=2384.996 Y=2699.171 Z=129.919) RuntimeGrid:None EditorOnly:0 RuntimeOnly:0 HLODRelevant:1
 |   |   |- [+] [ 69]
 |   |   |   |- Guid:F3BE82734D40C02070816D92DDD55BAA BaseClass: NativeClass:/Script/Engine.StaticMeshActor Name:StaticMeshActor_UAID_10E7C633508B3BB201_1817545595 Label:BT_Barrel23 SpatiallyLoaded:1 Bounds:IsValid=true, Min=(X=2397.496 Y=2491.671 Z=7.415), Max=(X=2484.996 Y=2579.171 Z=129.919) RuntimeGrid:None EditorOnly:0 RuntimeOnly:0 HLODRelevant:1
 |   |   |- [+] [ 70]
 |   |   |   |- Guid:F9E4894340FB7BA16EE7248FF5643A6A BaseClass: NativeClass:/Script/Engine.StaticMeshActor Name:StaticMeshActor_UAID_10E7C633508B3BB201_1817546596 Label:BT_Barrel24 SpatiallyLoaded:1 Bounds:IsValid=true, Min=(X=2297.496 Y=2491.671 Z=7.415), Max=(X=2384.996 Y=2579.171 Z=129.919) RuntimeGrid:None EditorOnly:0 RuntimeOnly:0 HLODRelevant:1
 |   |   |- [+] [ 71]
 |   |   |   |- Guid:E7A3822D455719E55D13528DE2010549 BaseClass: NativeClass:/Script/Engine.StaticMeshActor Name:StaticMeshActor_UAID_10E7C633508B3BB201_1821082597 Label:BT_Scafolding16 SpatiallyLoaded:1 Bounds:IsValid=true, Min=(X=2647.320 Y=2466.972 Z=-7.681), Max=(X=2872.681 Y=2832.956 Z=162.665) RuntimeGrid:None EditorOnly:0 RuntimeOnly:0 HLODRelevant:1
 |   |   |- [+] [ 72]
 |   |   |   |- Guid:6DDA9CDB49B9A4D4EFDD8EAAD4594E19 BaseClass: NativeClass:/Script/Engine.StaticMeshActor Name:StaticMeshActor_UAID_10E7C633508B3BB201_1821087599 Label:BT_Barrel25 SpatiallyLoaded:1 Bounds:IsValid=true, Min=(X=2767.496 Y=2721.671 Z=7.415), Max=(X=2854.996 Y=2809.171 Z=129.919) RuntimeGrid:None EditorOnly:0 RuntimeOnly:0 HLODRelevant:1
 |   |   |- [+] [ 73]
 |   |   |   |- Guid:DBE1300241E49255CE82BDBE152CF9CE BaseClass: NativeClass:/Script/Engine.StaticMeshActor Name:StaticMeshActor_UAID_10E7C633508B3BB201_1821089600 Label:BT_Barrel26 SpatiallyLoaded:1 Bounds:IsValid=true, Min=(X=2667.496 Y=2721.671 Z=7.415), Max=(X=2754.996 Y=2809.171 Z=129.919) RuntimeGrid:None EditorOnly:0 RuntimeOnly:0 HLODRelevant:1
 |   |   |- [+] [ 74]
 |   |   |   |- Guid:CD29151D493707CA30D285811DEA8911 BaseClass: NativeClass:/Script/Engine.StaticMeshActor Name:StaticMeshActor_UAID_10E7C633508B3BB201_1821090601 Label:BT_Barrel27 SpatiallyLoaded:1 Bounds:IsValid=true, Min=(X=2767.496 Y=2601.671 Z=7.415), Max=(X=2854.996 Y=2689.171 Z=129.919) RuntimeGrid:None EditorOnly:0 RuntimeOnly:0 HLODRelevant:1
 |   |   |- [+] [ 75]
 |   |   |   |- Guid:DBE59723482ABC533B846A9C357A7E53 BaseClass: NativeClass:/Script/Engine.StaticMeshActor Name:StaticMeshActor_UAID_10E7C633508B3BB201_1821091602 Label:BT_Barrel28 SpatiallyLoaded:1 Bounds:IsValid=true, Min=(X=2667.496 Y=2611.671 Z=7.415), Max=(X=2754.996 Y=2699.171 Z=129.919) RuntimeGrid:None EditorOnly:0 RuntimeOnly:0 HLODRelevant:1
 |   |   |- [+] [ 76]
 |   |   |   |- Guid:70C6472F4CE89855F439FBBC675847BF BaseClass: NativeClass:/Script/Engine.StaticMeshActor Name:StaticMeshActor_UAID_10E7C633508B3BB201_1821092603 Label:BT_Barrel29 SpatiallyLoaded:1 Bounds:IsValid=true, Min=(X=2767.496 Y=2491.671 Z=7.415), Max=(X=2854.996 Y=2579.171 Z=129.919) RuntimeGrid:None EditorOnly:0 RuntimeOnly:0 HLODRelevant:1
 |   |   |- [+] [ 77]
 |   |   |   |- Guid:F6BC463C4CCAAD00FF3B5A9133C89AC0 BaseClass: NativeClass:/Script/Engine.StaticMeshActor Name:StaticMeshActor_UAID_10E7C633508B3BB201_1821094604 Label:BT_Barrel30 SpatiallyLoaded:1 Bounds:IsValid=true, Min=(X=2667.496 Y=2491.671 Z=7.415), Max=(X=2754.996 Y=2579.171 Z=129.919) RuntimeGrid:None EditorOnly:0 RuntimeOnly:0 HLODRelevant:1
 |   |   |- [+] [ 78]
 |   |   |   |- Guid:B837C76E4F13A8C430C8668C209B1AF3 BaseClass: NativeClass:/Script/Engine.StaticMeshActor Name:StaticMeshActor_UAID_10E7C633508B3BB201_1830915605 Label:BT_Can SpatiallyLoaded:1 Bounds:IsValid=true, Min=(X=2469.878 Y=2810.982 Z=162.926), Max=(X=2488.223 Y=2829.018 Z=204.738) RuntimeGrid:None EditorOnly:0 RuntimeOnly:0 HLODRelevant:1
 |   |   |- [+] [ 79]
 |   |   |   |- Guid:80DAA3FF4C9093DB3EC512AA811945C6 BaseClass: NativeClass:/Script/Engine.StaticMeshActor Name:StaticMeshActor_UAID_10E7C633508B3BB201_1869973606 Label:BT_Barrel31 SpatiallyLoaded:1 Bounds:IsValid=true, Min=(X=2501.337 Y=2737.932 Z=-4.003), Max=(X=2571.337 Y=2835.936 Z=65.997) RuntimeGrid:None EditorOnly:0 RuntimeOnly:0 HLODRelevant:1
 |   |   |- [+] [ 80]
 |   |   |   |- Guid:C7CAC69148B0289F8CB88CB3186EED4A BaseClass: NativeClass:/Script/Engine.StaticMeshActor Name:StaticMeshActor_UAID_10E7C633508B3BB201_1891243607 Label:BT_Barrel32 SpatiallyLoaded:1 Bounds:IsValid=true, Min=(X=2571.337 Y=2737.932 Z=-4.003), Max=(X=2641.337 Y=2835.936 Z=65.997) RuntimeGrid:None EditorOnly:0 RuntimeOnly:0 HLODRelevant:1
 |   |   |- [+] [ 81]
 |   |   |   |- Guid:5B8131E8497FA6F9296AB7A97A6EC0EE BaseClass: NativeClass:/Script/Engine.StaticMeshActor Name:StaticMeshActor_UAID_10E7C633508B3BB201_1940985608 Label:BT_Barrel33 SpatiallyLoaded:1 Bounds:IsValid=true, Min=(X=2501.337 Y=2737.932 Z=65.997), Max=(X=2571.337 Y=2835.936 Z=135.997) RuntimeGrid:None EditorOnly:0 RuntimeOnly:0 HLODRelevant:1
 |   |   |- [+] [ 82]
 |   |   |   |- Guid:2FC5C9DD4E2D18B7480CB1938EBBB37B BaseClass: NativeClass:/Script/Engine.StaticMeshActor Name:StaticMeshActor_UAID_10E7C633508B3BB201_1940989609 Label:BT_Barrel34 SpatiallyLoaded:1 Bounds:IsValid=true, Min=(X=2571.337 Y=2737.932 Z=65.997), Max=(X=2641.337 Y=2835.936 Z=135.997) RuntimeGrid:None EditorOnly:0 RuntimeOnly:0 HLODRelevant:1
 |   |   |- [+] [ 83]
 |   |   |   |- Guid:247055DB49383156A68E5D9693C2EABB BaseClass: NativeClass:/Script/Engine.StaticMeshActor Name:StaticMeshActor_UAID_10E7C633508B3BB201_1964371619 Label:BT_Barrel37 SpatiallyLoaded:1 Bounds:IsValid=true, Min=(X=2171.337 Y=2747.932 Z=-4.003), Max=(X=2241.337 Y=2845.936 Z=65.997) RuntimeGrid:None EditorOnly:0 RuntimeOnly:0 HLODRelevant:1
 |   |   |- [+] [ 84]
 |   |   |   |- Guid:3356EDF84EDAC869F8E8BDB172362DE7 BaseClass: NativeClass:/Script/Engine.StaticMeshActor Name:StaticMeshActor_UAID_10E7C633508B3BB201_1964372620 Label:BT_Barrel38 SpatiallyLoaded:1 Bounds:IsValid=true, Min=(X=2171.337 Y=2747.932 Z=65.997), Max=(X=2241.337 Y=2845.936 Z=135.997) RuntimeGrid:None EditorOnly:0 RuntimeOnly:0 HLODRelevant:1
 |   |   |- [+] [ 85]
 |   |   |   |- Guid:7BF76C56487F997107963E84B730908F BaseClass: NativeClass:/Script/Engine.StaticMeshActor Name:StaticMeshActor_UAID_10E7C633508B3CB201_1416485806 Label:BT_Car6 SpatiallyLoaded:1 Bounds:IsValid=true, Min=(X=2614.681 Y=2848.018 Z=-28.802), Max=(X=2877.181 Y=2984.376 Z=83.556) RuntimeGrid:None EditorOnly:0 RuntimeOnly:0 HLODRelevant:1
 |- ContainerInstances:
 |- [+] MainContainer:
 |   |-        ID: 0x0000000000000000
 |   |-    Bounds: IsValid=false, Min=(X=0.000 Y=0.000 Z=0.000), Max=(X=0.000 Y=0.000 Z=0.000)
 |   |- Transform: 0.000000,0.000000,0.000000|0.000000,0.000000,-0.000000|1.000000,1.000000,1.000000
 |   |- Container: /Game/GGP(G2)/LEVELS/Stefano/Stefano_LVL
----------------------------------------------------------------------------------------------------------------
Stefano_LVL - Persistent Level
----------------------------------------------------------------------------------------------------------------
Always loaded Actor Count: 129 

----------------------------------------------------------------------------------------------------------------
Stefano_LVL - Runtime Spatial Hash - Streaming Grid - MainGrid
----------------------------------------------------------------------------------------------------------------
            Origin: X=0.000 Y=0.000 Z=0.000
         Cell Size: 12800
      World Bounds: IsValid=false, Min=(X=0.000 Y=0.000 Z=0.000), Max=(X=0.000 Y=0.000 Z=0.000)
     Loading Range: 25600.00
Block Slow Loading: No
 ClientOnlyVisible: No

[+] Grid Levels: 1
 |- Level  0: Cell Count    0 | Cell Size   12800 | Actor Count    0 (0.0%)

[+] Content of Grid Level 0

